{"C:\\f\\watchmen\\lib\\aggregator.js":{"path":"C:\\f\\watchmen\\lib\\aggregator.js","s":{"1":1,"2":1,"3":1,"4":1,"5":1,"6":11},"b":{},"f":{"1":1,"2":11},"fnMap":{"1":{"name":"(anonymous_1)","line":5,"loc":{"start":{"line":5,"column":28},"end":{"line":5,"column":38}}},"2":{"name":"(anonymous_2)","line":8,"loc":{"start":{"line":8,"column":15},"end":{"line":8,"column":42}}}},"statementMap":{"1":{"start":{"line":1,"column":0},"end":{"line":1,"column":38}},"2":{"start":{"line":2,"column":0},"end":{"line":2,"column":43}},"3":{"start":{"line":3,"column":0},"end":{"line":3,"column":38}},"4":{"start":{"line":5,"column":0},"end":{"line":15,"column":5}},"5":{"start":{"line":7,"column":2},"end":{"line":13,"column":4}},"6":{"start":{"line":9,"column":6},"end":{"line":11,"column":28}}},"branchMap":{}},"C:\\f\\watchmen\\lib\\storage\\storage-factory.js":{"path":"C:\\f\\watchmen\\lib\\storage\\storage-factory.js","s":{"1":1,"2":1,"3":5,"4":5,"5":0,"6":0,"7":5,"8":5,"9":5,"10":5,"11":5},"b":{"1":[0,5]},"f":{"1":5},"fnMap":{"1":{"name":"(anonymous_1)","line":5,"loc":{"start":{"line":5,"column":23},"end":{"line":5,"column":37}}}},"statementMap":{"1":{"start":{"line":1,"column":0},"end":{"line":1,"column":60}},"2":{"start":{"line":3,"column":0},"end":{"line":21,"column":2}},"3":{"start":{"line":7,"column":4},"end":{"line":7,"column":43}},"4":{"start":{"line":8,"column":4},"end":{"line":11,"column":5}},"5":{"start":{"line":9,"column":6},"end":{"line":9,"column":54}},"6":{"start":{"line":10,"column":6},"end":{"line":10,"column":18}},"7":{"start":{"line":13,"column":4},"end":{"line":13,"column":44}},"8":{"start":{"line":15,"column":4},"end":{"line":15,"column":54}},"9":{"start":{"line":16,"column":4},"end":{"line":16,"column":82}},"10":{"start":{"line":17,"column":4},"end":{"line":17,"column":54}},"11":{"start":{"line":19,"column":4},"end":{"line":19,"column":40}}},"branchMap":{"1":{"line":8,"type":"if","locations":[{"start":{"line":8,"column":4},"end":{"line":8,"column":4}},{"start":{"line":8,"column":4},"end":{"line":8,"column":4}}]}}},"C:\\f\\watchmen\\config\\storage.js":{"path":"C:\\f\\watchmen\\config\\storage.js","s":{"1":1},"b":{"1":[1,1],"2":[1,1],"3":[1,1],"4":[1,1],"5":[1,1],"6":[1,1],"7":[1,1],"8":[1,1],"9":[1,1]},"f":{},"fnMap":{},"statementMap":{"1":{"start":{"line":1,"column":0},"end":{"line":54,"column":2}}},"branchMap":{"1":{"line":7,"type":"binary-expr","locations":[{"start":{"line":7,"column":14},"end":{"line":7,"column":56}},{"start":{"line":7,"column":60},"end":{"line":7,"column":64}}]},"2":{"line":8,"type":"binary-expr","locations":[{"start":{"line":8,"column":14},"end":{"line":8,"column":56}},{"start":{"line":8,"column":60},"end":{"line":8,"column":71}}]},"3":{"line":9,"type":"binary-expr","locations":[{"start":{"line":9,"column":12},"end":{"line":9,"column":52}},{"start":{"line":9,"column":56},"end":{"line":9,"column":57}}]},"4":{"line":18,"type":"binary-expr","locations":[{"start":{"line":18,"column":14},"end":{"line":18,"column":57}},{"start":{"line":18,"column":61},"end":{"line":18,"column":65}}]},"5":{"line":19,"type":"binary-expr","locations":[{"start":{"line":19,"column":14},"end":{"line":19,"column":57}},{"start":{"line":19,"column":61},"end":{"line":19,"column":72}}]},"6":{"line":20,"type":"binary-expr","locations":[{"start":{"line":20,"column":12},"end":{"line":20,"column":53}},{"start":{"line":20,"column":57},"end":{"line":20,"column":58}}]},"7":{"line":29,"type":"binary-expr","locations":[{"start":{"line":29,"column":14},"end":{"line":29,"column":50}},{"start":{"line":29,"column":54},"end":{"line":29,"column":58}}]},"8":{"line":30,"type":"binary-expr","locations":[{"start":{"line":30,"column":14},"end":{"line":30,"column":50}},{"start":{"line":30,"column":54},"end":{"line":30,"column":65}}]},"9":{"line":31,"type":"binary-expr","locations":[{"start":{"line":31,"column":12},"end":{"line":31,"column":46}},{"start":{"line":31,"column":50},"end":{"line":31,"column":51}}]}}},"C:\\f\\watchmen\\lib\\storage\\providers\\redis.js":{"path":"C:\\f\\watchmen\\lib\\storage\\providers\\redis.js","s":{"1":1,"2":1,"3":1,"4":1,"5":1,"6":1,"7":1,"8":1,"9":1,"10":1,"11":1,"12":1,"13":1,"14":1,"15":6,"16":6,"17":6,"18":1,"19":1,"20":56,"21":56,"22":56,"23":56,"24":56,"25":56,"26":56,"27":56,"28":1,"29":2,"30":2,"31":2,"32":2,"33":2,"34":0,"35":2,"36":1,"37":36,"38":36,"39":1,"40":2,"41":2,"42":2,"43":2,"44":2,"45":2,"46":2,"47":2,"48":1,"49":1,"50":1,"51":1,"52":1,"53":1,"54":1,"55":1,"56":26,"57":26,"58":26,"59":0,"60":26,"61":26,"62":29,"63":26,"64":26,"65":29,"66":1,"67":128,"68":128,"69":1,"70":102,"71":102,"72":1,"73":99,"74":99,"75":99,"76":0,"77":99,"78":99,"79":0,"80":99,"81":99,"82":99,"83":99,"84":99,"85":99,"86":0,"87":1,"88":47,"89":47,"90":166,"91":1,"92":18,"93":1,"94":59,"95":59,"96":0,"97":59,"98":48,"99":48,"100":0,"101":11,"102":11,"103":9,"104":9,"105":2,"106":1,"107":0,"108":1,"109":0,"110":1,"111":55,"112":1,"113":0,"114":1,"115":3,"116":3,"117":1,"118":11,"119":11,"120":11,"121":11,"122":100,"123":50,"124":50,"125":48,"126":50,"127":50,"128":50,"129":50,"130":50,"131":11},"b":{"1":[6,0],"2":[6,1],"3":[6,1],"4":[6,1],"5":[0,2],"6":[29,7],"7":[36,36],"8":[0,26],"9":[0,128],"10":[0,99],"11":[99,0],"12":[0,99],"13":[0,47],"14":[59,2],"15":[0,59],"16":[48,11],"17":[48,0],"18":[9,2],"19":[50,50],"20":[48,2],"21":[50,0],"22":[50,50]},"f":{"1":6,"2":56,"3":56,"4":2,"5":2,"6":36,"7":36,"8":2,"9":1,"10":26,"11":26,"12":26,"13":29,"14":128,"15":128,"16":102,"17":102,"18":99,"19":99,"20":99,"21":47,"22":47,"23":166,"24":18,"25":59,"26":59,"27":9,"28":0,"29":0,"30":55,"31":0,"32":3,"33":11},"fnMap":{"1":{"name":"StorageRedis","line":16,"loc":{"start":{"line":16,"column":0},"end":{"line":16,"column":31}}},"2":{"name":"(anonymous_2)","line":31,"loc":{"start":{"line":31,"column":36},"end":{"line":31,"column":65}}},"3":{"name":"(anonymous_3)","line":38,"loc":{"start":{"line":38,"column":13},"end":{"line":38,"column":28}}},"4":{"name":"(anonymous_4)","line":49,"loc":{"start":{"line":49,"column":39},"end":{"line":49,"column":68}}},"5":{"name":"(anonymous_5)","line":53,"loc":{"start":{"line":53,"column":13},"end":{"line":53,"column":28}}},"6":{"name":"(anonymous_6)","line":67,"loc":{"start":{"line":67,"column":36},"end":{"line":67,"column":60}}},"7":{"name":"(anonymous_7)","line":68,"loc":{"start":{"line":68,"column":47},"end":{"line":68,"column":68}}},"8":{"name":"(anonymous_8)","line":79,"loc":{"start":{"line":79,"column":39},"end":{"line":79,"column":63}}},"9":{"name":"(anonymous_9)","line":99,"loc":{"start":{"line":99,"column":38},"end":{"line":99,"column":62}}},"10":{"name":"(anonymous_10)","line":114,"loc":{"start":{"line":114,"column":37},"end":{"line":114,"column":66}}},"11":{"name":"(anonymous_11)","line":116,"loc":{"start":{"line":116,"column":42},"end":{"line":116,"column":62}}},"12":{"name":"(anonymous_12)","line":125,"loc":{"start":{"line":125,"column":15},"end":{"line":125,"column":40}}},"13":{"name":"(anonymous_13)","line":126,"loc":{"start":{"line":126,"column":33},"end":{"line":126,"column":52}}},"14":{"name":"(anonymous_14)","line":140,"loc":{"start":{"line":140,"column":42},"end":{"line":140,"column":71}}},"15":{"name":"(anonymous_15)","line":141,"loc":{"start":{"line":141,"column":62},"end":{"line":141,"column":83}}},"16":{"name":"(anonymous_16)","line":152,"loc":{"start":{"line":152,"column":37},"end":{"line":152,"column":78}}},"17":{"name":"(anonymous_17)","line":153,"loc":{"start":{"line":153,"column":90},"end":{"line":153,"column":105}}},"18":{"name":"(anonymous_18)","line":164,"loc":{"start":{"line":164,"column":54},"end":{"line":164,"column":83}}},"19":{"name":"(anonymous_19)","line":166,"loc":{"start":{"line":166,"column":33},"end":{"line":166,"column":56}}},"20":{"name":"(anonymous_20)","line":182,"loc":{"start":{"line":182,"column":17},"end":{"line":182,"column":32}}},"21":{"name":"(anonymous_21)","line":198,"loc":{"start":{"line":198,"column":48},"end":{"line":198,"column":88}}},"22":{"name":"(anonymous_22)","line":199,"loc":{"start":{"line":199,"column":87},"end":{"line":199,"column":108}}},"23":{"name":"(anonymous_23)","line":200,"loc":{"start":{"line":200,"column":40},"end":{"line":200,"column":57}}},"24":{"name":"(anonymous_24)","line":213,"loc":{"start":{"line":213,"column":37},"end":{"line":213,"column":86}}},"25":{"name":"(anonymous_25)","line":226,"loc":{"start":{"line":226,"column":41},"end":{"line":226,"column":95}}},"26":{"name":"(anonymous_26)","line":227,"loc":{"start":{"line":227,"column":111},"end":{"line":227,"column":132}}},"27":{"name":"(anonymous_27)","line":243,"loc":{"start":{"line":243,"column":57},"end":{"line":243,"column":83}}},"28":{"name":"(anonymous_28)","line":255,"loc":{"start":{"line":255,"column":49},"end":{"line":255,"column":72}}},"29":{"name":"(anonymous_29)","line":259,"loc":{"start":{"line":259,"column":52},"end":{"line":259,"column":75}}},"30":{"name":"(anonymous_30)","line":264,"loc":{"start":{"line":264,"column":40},"end":{"line":264,"column":60}}},"31":{"name":"(anonymous_31)","line":268,"loc":{"start":{"line":268,"column":30},"end":{"line":268,"column":42}}},"32":{"name":"(anonymous_32)","line":272,"loc":{"start":{"line":272,"column":41},"end":{"line":272,"column":69}}},"33":{"name":"parseLatencyDataFromZset","line":290,"loc":{"start":{"line":290,"column":0},"end":{"line":290,"column":40}}}},"statementMap":{"1":{"start":{"line":1,"column":0},"end":{"line":1,"column":27}},"2":{"start":{"line":2,"column":0},"end":{"line":2,"column":29}},"3":{"start":{"line":3,"column":0},"end":{"line":3,"column":46}},"4":{"start":{"line":4,"column":0},"end":{"line":4,"column":29}},"5":{"start":{"line":5,"column":0},"end":{"line":5,"column":33}},"6":{"start":{"line":6,"column":0},"end":{"line":6,"column":45}},"7":{"start":{"line":7,"column":0},"end":{"line":7,"column":44}},"8":{"start":{"line":9,"column":0},"end":{"line":9,"column":34}},"9":{"start":{"line":10,"column":0},"end":{"line":10,"column":35}},"10":{"start":{"line":11,"column":0},"end":{"line":11,"column":34}},"11":{"start":{"line":12,"column":0},"end":{"line":12,"column":49}},"12":{"start":{"line":13,"column":0},"end":{"line":13,"column":34}},"13":{"start":{"line":14,"column":0},"end":{"line":14,"column":41}},"14":{"start":{"line":16,"column":0},"end":{"line":20,"column":1}},"15":{"start":{"line":17,"column":2},"end":{"line":17,"column":31}},"16":{"start":{"line":18,"column":2},"end":{"line":18,"column":95}},"17":{"start":{"line":19,"column":2},"end":{"line":19,"column":42}},"18":{"start":{"line":22,"column":0},"end":{"line":22,"column":40}},"19":{"start":{"line":31,"column":0},"end":{"line":41,"column":2}},"20":{"start":{"line":32,"column":2},"end":{"line":32,"column":30}},"21":{"start":{"line":33,"column":2},"end":{"line":33,"column":18}},"22":{"start":{"line":34,"column":2},"end":{"line":34,"column":32}},"23":{"start":{"line":35,"column":2},"end":{"line":35,"column":33}},"24":{"start":{"line":36,"column":2},"end":{"line":36,"column":67}},"25":{"start":{"line":37,"column":2},"end":{"line":37,"column":37}},"26":{"start":{"line":38,"column":2},"end":{"line":40,"column":5}},"27":{"start":{"line":39,"column":4},"end":{"line":39,"column":22}},"28":{"start":{"line":49,"column":0},"end":{"line":59,"column":2}},"29":{"start":{"line":50,"column":2},"end":{"line":50,"column":18}},"30":{"start":{"line":51,"column":2},"end":{"line":51,"column":33}},"31":{"start":{"line":52,"column":2},"end":{"line":52,"column":75}},"32":{"start":{"line":53,"column":2},"end":{"line":58,"column":5}},"33":{"start":{"line":54,"column":4},"end":{"line":56,"column":5}},"34":{"start":{"line":55,"column":6},"end":{"line":55,"column":27}},"35":{"start":{"line":57,"column":4},"end":{"line":57,"column":42}},"36":{"start":{"line":67,"column":0},"end":{"line":71,"column":2}},"37":{"start":{"line":68,"column":2},"end":{"line":70,"column":5}},"38":{"start":{"line":69,"column":4},"end":{"line":69,"column":60}},"39":{"start":{"line":79,"column":0},"end":{"line":91,"column":2}},"40":{"start":{"line":80,"column":2},"end":{"line":80,"column":33}},"41":{"start":{"line":82,"column":2},"end":{"line":82,"column":42}},"42":{"start":{"line":83,"column":2},"end":{"line":83,"column":37}},"43":{"start":{"line":86,"column":2},"end":{"line":86,"column":49}},"44":{"start":{"line":87,"column":2},"end":{"line":87,"column":42}},"45":{"start":{"line":88,"column":2},"end":{"line":88,"column":42}},"46":{"start":{"line":89,"column":2},"end":{"line":89,"column":44}},"47":{"start":{"line":90,"column":2},"end":{"line":90,"column":23}},"48":{"start":{"line":99,"column":0},"end":{"line":106,"column":2}},"49":{"start":{"line":100,"column":2},"end":{"line":100,"column":33}},"50":{"start":{"line":101,"column":2},"end":{"line":101,"column":49}},"51":{"start":{"line":102,"column":2},"end":{"line":102,"column":42}},"52":{"start":{"line":103,"column":2},"end":{"line":103,"column":42}},"53":{"start":{"line":104,"column":2},"end":{"line":104,"column":44}},"54":{"start":{"line":105,"column":2},"end":{"line":105,"column":23}},"55":{"start":{"line":114,"column":0},"end":{"line":131,"column":2}},"56":{"start":{"line":115,"column":2},"end":{"line":115,"column":18}},"57":{"start":{"line":116,"column":2},"end":{"line":130,"column":5}},"58":{"start":{"line":117,"column":4},"end":{"line":119,"column":5}},"59":{"start":{"line":118,"column":6},"end":{"line":118,"column":27}},"60":{"start":{"line":121,"column":4},"end":{"line":121,"column":35}},"61":{"start":{"line":122,"column":4},"end":{"line":124,"column":5}},"62":{"start":{"line":123,"column":6},"end":{"line":123,"column":50}},"63":{"start":{"line":125,"column":4},"end":{"line":129,"column":7}},"64":{"start":{"line":126,"column":6},"end":{"line":128,"column":10}},"65":{"start":{"line":127,"column":8},"end":{"line":127,"column":35}},"66":{"start":{"line":140,"column":0},"end":{"line":144,"column":2}},"67":{"start":{"line":141,"column":2},"end":{"line":143,"column":5}},"68":{"start":{"line":142,"column":4},"end":{"line":142,"column":49}},"69":{"start":{"line":152,"column":0},"end":{"line":156,"column":2}},"70":{"start":{"line":153,"column":2},"end":{"line":155,"column":5}},"71":{"start":{"line":154,"column":4},"end":{"line":154,"column":18}},"72":{"start":{"line":164,"column":0},"end":{"line":189,"column":2}},"73":{"start":{"line":165,"column":2},"end":{"line":165,"column":18}},"74":{"start":{"line":166,"column":2},"end":{"line":188,"column":5}},"75":{"start":{"line":167,"column":4},"end":{"line":169,"column":5}},"76":{"start":{"line":168,"column":6},"end":{"line":168,"column":27}},"77":{"start":{"line":171,"column":4},"end":{"line":187,"column":5}},"78":{"start":{"line":172,"column":6},"end":{"line":174,"column":7}},"79":{"start":{"line":173,"column":8},"end":{"line":173,"column":45}},"80":{"start":{"line":175,"column":6},"end":{"line":175,"column":55}},"81":{"start":{"line":177,"column":6},"end":{"line":177,"column":37}},"82":{"start":{"line":179,"column":6},"end":{"line":179,"column":61}},"83":{"start":{"line":181,"column":6},"end":{"line":181,"column":97}},"84":{"start":{"line":182,"column":6},"end":{"line":184,"column":9}},"85":{"start":{"line":183,"column":8},"end":{"line":183,"column":30}},"86":{"start":{"line":186,"column":6},"end":{"line":186,"column":17}},"87":{"start":{"line":198,"column":0},"end":{"line":204,"column":2}},"88":{"start":{"line":199,"column":2},"end":{"line":203,"column":5}},"89":{"start":{"line":200,"column":4},"end":{"line":202,"column":8}},"90":{"start":{"line":201,"column":6},"end":{"line":201,"column":31}},"91":{"start":{"line":213,"column":0},"end":{"line":217,"column":2}},"92":{"start":{"line":216,"column":2},"end":{"line":216,"column":104}},"93":{"start":{"line":226,"column":0},"end":{"line":253,"column":2}},"94":{"start":{"line":227,"column":2},"end":{"line":252,"column":5}},"95":{"start":{"line":228,"column":4},"end":{"line":230,"column":5}},"96":{"start":{"line":229,"column":6},"end":{"line":229,"column":27}},"97":{"start":{"line":232,"column":4},"end":{"line":239,"column":5}},"98":{"start":{"line":233,"column":6},"end":{"line":238,"column":7}},"99":{"start":{"line":234,"column":8},"end":{"line":234,"column":51}},"100":{"start":{"line":237,"column":8},"end":{"line":237,"column":34}},"101":{"start":{"line":241,"column":4},"end":{"line":241,"column":52}},"102":{"start":{"line":242,"column":4},"end":{"line":251,"column":5}},"103":{"start":{"line":243,"column":6},"end":{"line":248,"column":9}},"104":{"start":{"line":244,"column":8},"end":{"line":247,"column":11}},"105":{"start":{"line":250,"column":6},"end":{"line":250,"column":33}},"106":{"start":{"line":255,"column":0},"end":{"line":257,"column":2}},"107":{"start":{"line":256,"column":2},"end":{"line":256,"column":61}},"108":{"start":{"line":259,"column":0},"end":{"line":261,"column":2}},"109":{"start":{"line":260,"column":2},"end":{"line":260,"column":62}},"110":{"start":{"line":264,"column":0},"end":{"line":266,"column":2}},"111":{"start":{"line":265,"column":2},"end":{"line":265,"column":31}},"112":{"start":{"line":268,"column":0},"end":{"line":270,"column":2}},"113":{"start":{"line":269,"column":2},"end":{"line":269,"column":20}},"114":{"start":{"line":272,"column":0},"end":{"line":277,"column":2}},"115":{"start":{"line":273,"column":2},"end":{"line":273,"column":41}},"116":{"start":{"line":274,"column":2},"end":{"line":276,"column":5}},"117":{"start":{"line":290,"column":0},"end":{"line":314,"column":1}},"118":{"start":{"line":291,"column":2},"end":{"line":291,"column":16}},"119":{"start":{"line":292,"column":2},"end":{"line":292,"column":17}},"120":{"start":{"line":293,"column":2},"end":{"line":293,"column":21}},"121":{"start":{"line":294,"column":2},"end":{"line":309,"column":3}},"122":{"start":{"line":295,"column":4},"end":{"line":308,"column":5}},"123":{"start":{"line":296,"column":6},"end":{"line":296,"column":24}},"124":{"start":{"line":298,"column":6},"end":{"line":300,"column":7}},"125":{"start":{"line":299,"column":8},"end":{"line":299,"column":32}},"126":{"start":{"line":301,"column":6},"end":{"line":301,"column":29}},"127":{"start":{"line":302,"column":6},"end":{"line":304,"column":7}},"128":{"start":{"line":303,"column":8},"end":{"line":303,"column":29}},"129":{"start":{"line":306,"column":6},"end":{"line":306,"column":30}},"130":{"start":{"line":307,"column":6},"end":{"line":307,"column":28}},"131":{"start":{"line":310,"column":2},"end":{"line":313,"column":4}}},"branchMap":{"1":{"line":17,"type":"binary-expr","locations":[{"start":{"line":17,"column":17},"end":{"line":17,"column":24}},{"start":{"line":17,"column":28},"end":{"line":17,"column":30}}]},"2":{"line":18,"type":"binary-expr","locations":[{"start":{"line":18,"column":34},"end":{"line":18,"column":51}},{"start":{"line":18,"column":55},"end":{"line":18,"column":59}}]},"3":{"line":18,"type":"binary-expr","locations":[{"start":{"line":18,"column":61},"end":{"line":18,"column":78}},{"start":{"line":18,"column":82},"end":{"line":18,"column":93}}]},"4":{"line":19,"type":"binary-expr","locations":[{"start":{"line":19,"column":20},"end":{"line":19,"column":35}},{"start":{"line":19,"column":39},"end":{"line":19,"column":40}}]},"5":{"line":54,"type":"if","locations":[{"start":{"line":54,"column":4},"end":{"line":54,"column":4}},{"start":{"line":54,"column":4},"end":{"line":54,"column":4}}]},"6":{"line":69,"type":"cond-expr","locations":[{"start":{"line":69,"column":35},"end":{"line":69,"column":51}},{"start":{"line":69,"column":54},"end":{"line":69,"column":58}}]},"7":{"line":69,"type":"binary-expr","locations":[{"start":{"line":69,"column":19},"end":{"line":69,"column":23}},{"start":{"line":69,"column":27},"end":{"line":69,"column":31}}]},"8":{"line":117,"type":"if","locations":[{"start":{"line":117,"column":4},"end":{"line":117,"column":4}},{"start":{"line":117,"column":4},"end":{"line":117,"column":4}}]},"9":{"line":142,"type":"cond-expr","locations":[{"start":{"line":142,"column":24},"end":{"line":142,"column":28}},{"start":{"line":142,"column":31},"end":{"line":142,"column":47}}]},"10":{"line":167,"type":"if","locations":[{"start":{"line":167,"column":4},"end":{"line":167,"column":4}},{"start":{"line":167,"column":4},"end":{"line":167,"column":4}}]},"11":{"line":171,"type":"if","locations":[{"start":{"line":171,"column":4},"end":{"line":171,"column":4}},{"start":{"line":171,"column":4},"end":{"line":171,"column":4}}]},"12":{"line":172,"type":"if","locations":[{"start":{"line":172,"column":6},"end":{"line":172,"column":6}},{"start":{"line":172,"column":6},"end":{"line":172,"column":6}}]},"13":{"line":200,"type":"cond-expr","locations":[{"start":{"line":200,"column":24},"end":{"line":200,"column":28}},{"start":{"line":200,"column":31},"end":{"line":202,"column":6}}]},"14":{"line":227,"type":"binary-expr","locations":[{"start":{"line":227,"column":76},"end":{"line":227,"column":85}},{"start":{"line":227,"column":89},"end":{"line":227,"column":95}}]},"15":{"line":228,"type":"if","locations":[{"start":{"line":228,"column":4},"end":{"line":228,"column":4}},{"start":{"line":228,"column":4},"end":{"line":228,"column":4}}]},"16":{"line":232,"type":"if","locations":[{"start":{"line":232,"column":4},"end":{"line":232,"column":4}},{"start":{"line":232,"column":4},"end":{"line":232,"column":4}}]},"17":{"line":233,"type":"if","locations":[{"start":{"line":233,"column":6},"end":{"line":233,"column":6}},{"start":{"line":233,"column":6},"end":{"line":233,"column":6}}]},"18":{"line":242,"type":"if","locations":[{"start":{"line":242,"column":4},"end":{"line":242,"column":4}},{"start":{"line":242,"column":4},"end":{"line":242,"column":4}}]},"19":{"line":295,"type":"if","locations":[{"start":{"line":295,"column":4},"end":{"line":295,"column":4}},{"start":{"line":295,"column":4},"end":{"line":295,"column":4}}]},"20":{"line":298,"type":"if","locations":[{"start":{"line":298,"column":6},"end":{"line":298,"column":6}},{"start":{"line":298,"column":6},"end":{"line":298,"column":6}}]},"21":{"line":302,"type":"if","locations":[{"start":{"line":302,"column":6},"end":{"line":302,"column":6}},{"start":{"line":302,"column":6},"end":{"line":302,"column":6}}]},"22":{"line":302,"type":"binary-expr","locations":[{"start":{"line":302,"column":10},"end":{"line":302,"column":21}},{"start":{"line":302,"column":25},"end":{"line":302,"column":32}}]}}},"C:\\f\\watchmen\\webserver\\app.js":{"path":"C:\\f\\watchmen\\webserver\\app.js","s":{"1":1,"2":1,"3":1,"4":1,"5":1,"6":1,"7":1,"8":1,"9":1,"10":1,"11":1,"12":1,"13":1,"14":1,"15":3,"16":0,"17":3,"18":3,"19":3,"20":3,"21":3,"22":3,"23":3,"24":3,"25":3,"26":3,"27":92,"28":92,"29":92,"30":3,"31":3,"32":3,"33":3,"34":3,"35":3,"36":0,"37":0,"38":3},"b":{"1":[0,3],"2":[0,3]},"f":{"1":3,"2":92},"fnMap":{"1":{"name":"(anonymous_1)","line":15,"loc":{"start":{"line":15,"column":27},"end":{"line":15,"column":44}}},"2":{"name":"(anonymous_2)","line":37,"loc":{"start":{"line":37,"column":16},"end":{"line":37,"column":41}}}},"statementMap":{"1":{"start":{"line":1,"column":0},"end":{"line":1,"column":33}},"2":{"start":{"line":2,"column":0},"end":{"line":2,"column":20}},"3":{"start":{"line":3,"column":0},"end":{"line":3,"column":32}},"4":{"start":{"line":4,"column":0},"end":{"line":4,"column":40}},"5":{"start":{"line":5,"column":0},"end":{"line":5,"column":48}},"6":{"start":{"line":6,"column":0},"end":{"line":6,"column":43}},"7":{"start":{"line":7,"column":0},"end":{"line":7,"column":41}},"8":{"start":{"line":8,"column":0},"end":{"line":8,"column":38}},"9":{"start":{"line":9,"column":0},"end":{"line":9,"column":48}},"10":{"start":{"line":10,"column":0},"end":{"line":10,"column":50}},"11":{"start":{"line":11,"column":0},"end":{"line":11,"column":40}},"12":{"start":{"line":12,"column":0},"end":{"line":12,"column":57}},"13":{"start":{"line":13,"column":0},"end":{"line":13,"column":46}},"14":{"start":{"line":15,"column":0},"end":{"line":57,"column":2}},"15":{"start":{"line":16,"column":2},"end":{"line":18,"column":3}},"16":{"start":{"line":17,"column":4},"end":{"line":17,"column":43}},"17":{"start":{"line":20,"column":2},"end":{"line":20,"column":41}},"18":{"start":{"line":21,"column":2},"end":{"line":21,"column":32}},"19":{"start":{"line":22,"column":2},"end":{"line":22,"column":49}},"20":{"start":{"line":24,"column":2},"end":{"line":24,"column":22}},"21":{"start":{"line":25,"column":2},"end":{"line":30,"column":6}},"22":{"start":{"line":31,"column":2},"end":{"line":31,"column":29}},"23":{"start":{"line":32,"column":2},"end":{"line":32,"column":54}},"24":{"start":{"line":33,"column":2},"end":{"line":33,"column":28}},"25":{"start":{"line":35,"column":2},"end":{"line":35,"column":25}},"26":{"start":{"line":37,"column":2},"end":{"line":41,"column":5}},"27":{"start":{"line":38,"column":4},"end":{"line":38,"column":51}},"28":{"start":{"line":39,"column":4},"end":{"line":39,"column":67}},"29":{"start":{"line":40,"column":4},"end":{"line":40,"column":11}},"30":{"start":{"line":43,"column":2},"end":{"line":43,"column":47}},"31":{"start":{"line":44,"column":2},"end":{"line":44,"column":52}},"32":{"start":{"line":45,"column":2},"end":{"line":45,"column":42}},"33":{"start":{"line":46,"column":2},"end":{"line":46,"column":39}},"34":{"start":{"line":48,"column":2},"end":{"line":48,"column":49}},"35":{"start":{"line":50,"column":2},"end":{"line":53,"column":3}},"36":{"start":{"line":51,"column":4},"end":{"line":51,"column":36}},"37":{"start":{"line":52,"column":4},"end":{"line":52,"column":28}},"38":{"start":{"line":55,"column":2},"end":{"line":55,"column":13}}},"branchMap":{"1":{"line":16,"type":"if","locations":[{"start":{"line":16,"column":2},"end":{"line":16,"column":2}},{"start":{"line":16,"column":2},"end":{"line":16,"column":2}}]},"2":{"line":50,"type":"if","locations":[{"start":{"line":50,"column":2},"end":{"line":50,"column":2}},{"start":{"line":50,"column":2},"end":{"line":50,"column":2}}]}}},"C:\\f\\watchmen\\webserver\\routes\\api-service-route.js":{"path":"C:\\f\\watchmen\\webserver\\routes\\api-service-route.js","s":{"1":1,"2":1,"3":1,"4":1,"5":1,"6":1,"7":1,"8":3,"9":0,"10":3,"11":3,"12":24,"13":12,"14":12,"15":3,"16":2,"17":2,"18":2,"19":1,"20":1,"21":1,"22":0,"23":1,"24":3,"25":2,"26":2,"27":0,"28":2,"29":2,"30":0,"31":2,"32":1,"33":1,"34":1,"35":0,"36":1,"37":3,"38":2,"39":2,"40":0,"41":2,"42":2,"43":1,"44":1,"45":1,"46":0,"47":1,"48":0,"49":1,"50":1,"51":0,"52":1,"53":3,"54":2,"55":2,"56":0,"57":2,"58":2,"59":0,"60":2,"61":1,"62":1,"63":1,"64":0,"65":1,"66":3,"67":3,"68":0,"69":3,"70":3,"71":0,"72":0,"73":3,"74":3,"75":1,"76":2,"77":3,"78":1,"79":1,"80":0,"81":0,"82":1,"83":3},"b":{"1":[0,3],"2":[12,12],"3":[24,17,12],"4":[1,1],"5":[0,1],"6":[0,2],"7":[0,2],"8":[1,1],"9":[0,1],"10":[0,2],"11":[1,1],"12":[0,1],"13":[0,1],"14":[0,1],"15":[0,2],"16":[0,2],"17":[1,1],"18":[0,1],"19":[0,3],"20":[0,3],"21":[1,2],"22":[0,1]},"f":{"1":3,"2":24,"3":2,"4":1,"5":2,"6":2,"7":1,"8":2,"9":1,"10":1,"11":2,"12":2,"13":1,"14":3,"15":3,"16":1,"17":1},"fnMap":{"1":{"name":"(anonymous_1)","line":8,"loc":{"start":{"line":8,"column":27},"end":{"line":8,"column":46}}},"2":{"name":"(anonymous_2)","line":16,"loc":{"start":{"line":16,"column":21},"end":{"line":16,"column":47}}},"3":{"name":"(anonymous_3)","line":28,"loc":{"start":{"line":28,"column":41},"end":{"line":28,"column":61}}},"4":{"name":"(anonymous_4)","line":35,"loc":{"start":{"line":35,"column":32},"end":{"line":35,"column":51}}},"5":{"name":"(anonymous_5)","line":47,"loc":{"start":{"line":47,"column":47},"end":{"line":47,"column":67}}},"6":{"name":"(anonymous_6)","line":52,"loc":{"start":{"line":52,"column":27},"end":{"line":52,"column":51}}},"7":{"name":"(anonymous_7)","line":61,"loc":{"start":{"line":61,"column":32},"end":{"line":61,"column":47}}},"8":{"name":"(anonymous_8)","line":74,"loc":{"start":{"line":74,"column":45},"end":{"line":74,"column":65}}},"9":{"name":"(anonymous_9)","line":86,"loc":{"start":{"line":86,"column":27},"end":{"line":86,"column":59}}},"10":{"name":"(anonymous_10)","line":95,"loc":{"start":{"line":95,"column":38},"end":{"line":95,"column":62}}},"11":{"name":"(anonymous_11)","line":109,"loc":{"start":{"line":109,"column":51},"end":{"line":109,"column":71}}},"12":{"name":"(anonymous_12)","line":114,"loc":{"start":{"line":114,"column":27},"end":{"line":114,"column":51}}},"13":{"name":"(anonymous_13)","line":123,"loc":{"start":{"line":123,"column":31},"end":{"line":123,"column":46}}},"14":{"name":"(anonymous_14)","line":136,"loc":{"start":{"line":136,"column":44},"end":{"line":136,"column":64}}},"15":{"name":"(anonymous_15)","line":140,"loc":{"start":{"line":140,"column":38},"end":{"line":140,"column":62}}},"16":{"name":"(anonymous_16)","line":159,"loc":{"start":{"line":159,"column":40},"end":{"line":159,"column":60}}},"17":{"name":"(anonymous_17)","line":160,"loc":{"start":{"line":160,"column":28},"end":{"line":160,"column":53}}}},"statementMap":{"1":{"start":{"line":1,"column":0},"end":{"line":1,"column":31}},"2":{"start":{"line":2,"column":0},"end":{"line":2,"column":33}},"3":{"start":{"line":3,"column":0},"end":{"line":3,"column":46}},"4":{"start":{"line":4,"column":0},"end":{"line":4,"column":64}},"5":{"start":{"line":5,"column":0},"end":{"line":5,"column":64}},"6":{"start":{"line":6,"column":0},"end":{"line":6,"column":41}},"7":{"start":{"line":8,"column":0},"end":{"line":172,"column":2}},"8":{"start":{"line":10,"column":2},"end":{"line":12,"column":3}},"9":{"start":{"line":11,"column":4},"end":{"line":11,"column":38}},"10":{"start":{"line":14,"column":2},"end":{"line":14,"column":32}},"11":{"start":{"line":16,"column":2},"end":{"line":22,"column":4}},"12":{"start":{"line":17,"column":4},"end":{"line":21,"column":5}},"13":{"start":{"line":18,"column":6},"end":{"line":18,"column":13}},"14":{"start":{"line":20,"column":6},"end":{"line":20,"column":60}},"15":{"start":{"line":28,"column":2},"end":{"line":41,"column":5}},"16":{"start":{"line":29,"column":4},"end":{"line":29,"column":27}},"17":{"start":{"line":31,"column":4},"end":{"line":31,"column":52}},"18":{"start":{"line":32,"column":4},"end":{"line":34,"column":5}},"19":{"start":{"line":33,"column":6},"end":{"line":33,"column":52}},"20":{"start":{"line":35,"column":4},"end":{"line":40,"column":7}},"21":{"start":{"line":36,"column":6},"end":{"line":38,"column":7}},"22":{"start":{"line":37,"column":8},"end":{"line":37,"column":50}},"23":{"start":{"line":39,"column":6},"end":{"line":39,"column":44}},"24":{"start":{"line":47,"column":2},"end":{"line":68,"column":5}},"25":{"start":{"line":48,"column":4},"end":{"line":48,"column":27}},"26":{"start":{"line":49,"column":4},"end":{"line":51,"column":5}},"27":{"start":{"line":50,"column":6},"end":{"line":50,"column":69}},"28":{"start":{"line":52,"column":4},"end":{"line":67,"column":7}},"29":{"start":{"line":53,"column":6},"end":{"line":55,"column":7}},"30":{"start":{"line":54,"column":8},"end":{"line":54,"column":50}},"31":{"start":{"line":57,"column":6},"end":{"line":59,"column":7}},"32":{"start":{"line":58,"column":8},"end":{"line":58,"column":66}},"33":{"start":{"line":61,"column":6},"end":{"line":66,"column":9}},"34":{"start":{"line":62,"column":8},"end":{"line":64,"column":9}},"35":{"start":{"line":63,"column":10},"end":{"line":63,"column":52}},"36":{"start":{"line":65,"column":8},"end":{"line":65,"column":34}},"37":{"start":{"line":74,"column":2},"end":{"line":102,"column":5}},"38":{"start":{"line":76,"column":4},"end":{"line":76,"column":27}},"39":{"start":{"line":77,"column":4},"end":{"line":79,"column":5}},"40":{"start":{"line":78,"column":6},"end":{"line":78,"column":69}},"41":{"start":{"line":81,"column":4},"end":{"line":81,"column":53}},"42":{"start":{"line":82,"column":4},"end":{"line":84,"column":5}},"43":{"start":{"line":83,"column":6},"end":{"line":83,"column":52}},"44":{"start":{"line":86,"column":4},"end":{"line":101,"column":7}},"45":{"start":{"line":87,"column":6},"end":{"line":89,"column":7}},"46":{"start":{"line":88,"column":8},"end":{"line":88,"column":50}},"47":{"start":{"line":91,"column":6},"end":{"line":93,"column":7}},"48":{"start":{"line":92,"column":8},"end":{"line":92,"column":66}},"49":{"start":{"line":95,"column":6},"end":{"line":100,"column":9}},"50":{"start":{"line":96,"column":8},"end":{"line":98,"column":9}},"51":{"start":{"line":97,"column":10},"end":{"line":97,"column":52}},"52":{"start":{"line":99,"column":8},"end":{"line":99,"column":33}},"53":{"start":{"line":109,"column":2},"end":{"line":130,"column":5}},"54":{"start":{"line":110,"column":4},"end":{"line":110,"column":27}},"55":{"start":{"line":111,"column":4},"end":{"line":113,"column":5}},"56":{"start":{"line":112,"column":6},"end":{"line":112,"column":69}},"57":{"start":{"line":114,"column":4},"end":{"line":129,"column":7}},"58":{"start":{"line":115,"column":6},"end":{"line":117,"column":7}},"59":{"start":{"line":116,"column":8},"end":{"line":116,"column":50}},"60":{"start":{"line":119,"column":6},"end":{"line":121,"column":7}},"61":{"start":{"line":120,"column":8},"end":{"line":120,"column":66}},"62":{"start":{"line":123,"column":6},"end":{"line":128,"column":9}},"63":{"start":{"line":124,"column":8},"end":{"line":126,"column":9}},"64":{"start":{"line":125,"column":10},"end":{"line":125,"column":52}},"65":{"start":{"line":127,"column":8},"end":{"line":127,"column":34}},"66":{"start":{"line":136,"column":2},"end":{"line":153,"column":5}},"67":{"start":{"line":137,"column":4},"end":{"line":139,"column":5}},"68":{"start":{"line":138,"column":6},"end":{"line":138,"column":69}},"69":{"start":{"line":140,"column":4},"end":{"line":152,"column":7}},"70":{"start":{"line":141,"column":6},"end":{"line":144,"column":7}},"71":{"start":{"line":142,"column":8},"end":{"line":142,"column":27}},"72":{"start":{"line":143,"column":8},"end":{"line":143,"column":50}},"73":{"start":{"line":146,"column":6},"end":{"line":146,"column":63}},"74":{"start":{"line":148,"column":6},"end":{"line":150,"column":7}},"75":{"start":{"line":149,"column":8},"end":{"line":149,"column":66}},"76":{"start":{"line":151,"column":6},"end":{"line":151,"column":24}},"77":{"start":{"line":159,"column":2},"end":{"line":169,"column":5}},"78":{"start":{"line":160,"column":4},"end":{"line":168,"column":7}},"79":{"start":{"line":161,"column":6},"end":{"line":164,"column":7}},"80":{"start":{"line":162,"column":8},"end":{"line":162,"column":27}},"81":{"start":{"line":163,"column":8},"end":{"line":163,"column":50}},"82":{"start":{"line":167,"column":6},"end":{"line":167,"column":64}},"83":{"start":{"line":171,"column":2},"end":{"line":171,"column":16}}},"branchMap":{"1":{"line":10,"type":"if","locations":[{"start":{"line":10,"column":2},"end":{"line":10,"column":2}},{"start":{"line":10,"column":2},"end":{"line":10,"column":2}}]},"2":{"line":17,"type":"if","locations":[{"start":{"line":17,"column":4},"end":{"line":17,"column":4}},{"start":{"line":17,"column":4},"end":{"line":17,"column":4}}]},"3":{"line":17,"type":"binary-expr","locations":[{"start":{"line":17,"column":9},"end":{"line":17,"column":17}},{"start":{"line":17,"column":21},"end":{"line":17,"column":37}},{"start":{"line":17,"column":42},"end":{"line":17,"column":56}}]},"4":{"line":32,"type":"if","locations":[{"start":{"line":32,"column":4},"end":{"line":32,"column":4}},{"start":{"line":32,"column":4},"end":{"line":32,"column":4}}]},"5":{"line":36,"type":"if","locations":[{"start":{"line":36,"column":6},"end":{"line":36,"column":6}},{"start":{"line":36,"column":6},"end":{"line":36,"column":6}}]},"6":{"line":49,"type":"if","locations":[{"start":{"line":49,"column":4},"end":{"line":49,"column":4}},{"start":{"line":49,"column":4},"end":{"line":49,"column":4}}]},"7":{"line":53,"type":"if","locations":[{"start":{"line":53,"column":6},"end":{"line":53,"column":6}},{"start":{"line":53,"column":6},"end":{"line":53,"column":6}}]},"8":{"line":57,"type":"if","locations":[{"start":{"line":57,"column":6},"end":{"line":57,"column":6}},{"start":{"line":57,"column":6},"end":{"line":57,"column":6}}]},"9":{"line":62,"type":"if","locations":[{"start":{"line":62,"column":8},"end":{"line":62,"column":8}},{"start":{"line":62,"column":8},"end":{"line":62,"column":8}}]},"10":{"line":77,"type":"if","locations":[{"start":{"line":77,"column":4},"end":{"line":77,"column":4}},{"start":{"line":77,"column":4},"end":{"line":77,"column":4}}]},"11":{"line":82,"type":"if","locations":[{"start":{"line":82,"column":4},"end":{"line":82,"column":4}},{"start":{"line":82,"column":4},"end":{"line":82,"column":4}}]},"12":{"line":87,"type":"if","locations":[{"start":{"line":87,"column":6},"end":{"line":87,"column":6}},{"start":{"line":87,"column":6},"end":{"line":87,"column":6}}]},"13":{"line":91,"type":"if","locations":[{"start":{"line":91,"column":6},"end":{"line":91,"column":6}},{"start":{"line":91,"column":6},"end":{"line":91,"column":6}}]},"14":{"line":96,"type":"if","locations":[{"start":{"line":96,"column":8},"end":{"line":96,"column":8}},{"start":{"line":96,"column":8},"end":{"line":96,"column":8}}]},"15":{"line":111,"type":"if","locations":[{"start":{"line":111,"column":4},"end":{"line":111,"column":4}},{"start":{"line":111,"column":4},"end":{"line":111,"column":4}}]},"16":{"line":115,"type":"if","locations":[{"start":{"line":115,"column":6},"end":{"line":115,"column":6}},{"start":{"line":115,"column":6},"end":{"line":115,"column":6}}]},"17":{"line":119,"type":"if","locations":[{"start":{"line":119,"column":6},"end":{"line":119,"column":6}},{"start":{"line":119,"column":6},"end":{"line":119,"column":6}}]},"18":{"line":124,"type":"if","locations":[{"start":{"line":124,"column":8},"end":{"line":124,"column":8}},{"start":{"line":124,"column":8},"end":{"line":124,"column":8}}]},"19":{"line":137,"type":"if","locations":[{"start":{"line":137,"column":4},"end":{"line":137,"column":4}},{"start":{"line":137,"column":4},"end":{"line":137,"column":4}}]},"20":{"line":141,"type":"if","locations":[{"start":{"line":141,"column":6},"end":{"line":141,"column":6}},{"start":{"line":141,"column":6},"end":{"line":141,"column":6}}]},"21":{"line":148,"type":"if","locations":[{"start":{"line":148,"column":6},"end":{"line":148,"column":6}},{"start":{"line":148,"column":6},"end":{"line":148,"column":6}}]},"22":{"line":161,"type":"if","locations":[{"start":{"line":161,"column":6},"end":{"line":161,"column":6}},{"start":{"line":161,"column":6},"end":{"line":161,"column":6}}]}}},"C:\\f\\watchmen\\lib\\service-validator.js":{"path":"C:\\f\\watchmen\\lib\\service-validator.js","s":{"1":1,"2":1,"3":1,"4":43,"5":2,"6":1,"7":217,"8":19,"9":1,"10":129,"11":5,"12":1,"13":86,"14":86,"15":26,"16":54,"17":26,"18":54,"19":4,"20":1,"21":43,"22":43,"23":0,"24":0,"25":43,"26":43,"27":43,"28":43,"29":43,"30":43,"31":43,"32":43,"33":43,"34":43,"35":43,"36":43},"b":{"1":[2,41],"2":[19,198],"3":[217,43],"4":[5,124],"5":[26,60],"6":[4,50],"7":[0,43],"8":[43,43]},"f":{"1":1,"2":43,"3":217,"4":129,"5":86,"6":54,"7":54,"8":43},"fnMap":{"1":{"name":"(anonymous_1)","line":3,"loc":{"start":{"line":3,"column":28},"end":{"line":3,"column":38}}},"2":{"name":"validateOptionalInt","line":5,"loc":{"start":{"line":5,"column":2},"end":{"line":5,"column":64}}},"3":{"name":"validateInt","line":11,"loc":{"start":{"line":11,"column":2},"end":{"line":11,"column":56}}},"4":{"name":"validateExistence","line":18,"loc":{"start":{"line":18,"column":2},"end":{"line":18,"column":54}}},"5":{"name":"validateOptionalCommaSeparatedEmails","line":24,"loc":{"start":{"line":24,"column":2},"end":{"line":24,"column":72}}},"6":{"name":"(anonymous_6)","line":27,"loc":{"start":{"line":27,"column":45},"end":{"line":27,"column":60}}},"7":{"name":"(anonymous_7)","line":28,"loc":{"start":{"line":28,"column":21},"end":{"line":28,"column":36}}},"8":{"name":"(anonymous_8)","line":45,"loc":{"start":{"line":45,"column":14},"end":{"line":45,"column":32}}}},"statementMap":{"1":{"start":{"line":1,"column":0},"end":{"line":1,"column":37}},"2":{"start":{"line":3,"column":0},"end":{"line":71,"column":5}},"3":{"start":{"line":5,"column":2},"end":{"line":9,"column":3}},"4":{"start":{"line":6,"column":4},"end":{"line":8,"column":5}},"5":{"start":{"line":7,"column":6},"end":{"line":7,"column":51}},"6":{"start":{"line":11,"column":2},"end":{"line":16,"column":3}},"7":{"start":{"line":13,"column":4},"end":{"line":15,"column":5}},"8":{"start":{"line":14,"column":6},"end":{"line":14,"column":78}},"9":{"start":{"line":18,"column":2},"end":{"line":22,"column":3}},"10":{"start":{"line":19,"column":4},"end":{"line":21,"column":5}},"11":{"start":{"line":20,"column":6},"end":{"line":20,"column":91}},"12":{"start":{"line":24,"column":2},"end":{"line":35,"column":3}},"13":{"start":{"line":25,"column":4},"end":{"line":25,"column":36}},"14":{"start":{"line":26,"column":4},"end":{"line":34,"column":5}},"15":{"start":{"line":27,"column":6},"end":{"line":27,"column":84}},"16":{"start":{"line":27,"column":61},"end":{"line":27,"column":81}},"17":{"start":{"line":28,"column":6},"end":{"line":33,"column":9}},"18":{"start":{"line":30,"column":8},"end":{"line":32,"column":9}},"19":{"start":{"line":31,"column":10},"end":{"line":31,"column":105}},"20":{"start":{"line":37,"column":2},"end":{"line":69,"column":4}},"21":{"start":{"line":46,"column":6},"end":{"line":46,"column":22}},"22":{"start":{"line":48,"column":6},"end":{"line":51,"column":7}},"23":{"start":{"line":49,"column":8},"end":{"line":49,"column":67}},"24":{"start":{"line":50,"column":8},"end":{"line":50,"column":22}},"25":{"start":{"line":53,"column":6},"end":{"line":53,"column":68}},"26":{"start":{"line":54,"column":6},"end":{"line":54,"column":61}},"27":{"start":{"line":55,"column":6},"end":{"line":55,"column":55}},"28":{"start":{"line":56,"column":6},"end":{"line":56,"column":77}},"29":{"start":{"line":57,"column":6},"end":{"line":57,"column":55}},"30":{"start":{"line":58,"column":6},"end":{"line":58,"column":58}},"31":{"start":{"line":59,"column":6},"end":{"line":59,"column":60}},"32":{"start":{"line":60,"column":6},"end":{"line":60,"column":49}},"33":{"start":{"line":61,"column":6},"end":{"line":61,"column":48}},"34":{"start":{"line":63,"column":6},"end":{"line":63,"column":76}},"35":{"start":{"line":64,"column":6},"end":{"line":64,"column":71}},"36":{"start":{"line":66,"column":6},"end":{"line":66,"column":20}}},"branchMap":{"1":{"line":6,"type":"if","locations":[{"start":{"line":6,"column":4},"end":{"line":6,"column":4}},{"start":{"line":6,"column":4},"end":{"line":6,"column":4}}]},"2":{"line":13,"type":"if","locations":[{"start":{"line":13,"column":4},"end":{"line":13,"column":4}},{"start":{"line":13,"column":4},"end":{"line":13,"column":4}}]},"3":{"line":13,"type":"binary-expr","locations":[{"start":{"line":13,"column":45},"end":{"line":13,"column":52}},{"start":{"line":13,"column":56},"end":{"line":13,"column":58}}]},"4":{"line":19,"type":"if","locations":[{"start":{"line":19,"column":4},"end":{"line":19,"column":4}},{"start":{"line":19,"column":4},"end":{"line":19,"column":4}}]},"5":{"line":26,"type":"if","locations":[{"start":{"line":26,"column":4},"end":{"line":26,"column":4}},{"start":{"line":26,"column":4},"end":{"line":26,"column":4}}]},"6":{"line":30,"type":"if","locations":[{"start":{"line":30,"column":8},"end":{"line":30,"column":8}},{"start":{"line":30,"column":8},"end":{"line":30,"column":8}}]},"7":{"line":48,"type":"if","locations":[{"start":{"line":48,"column":6},"end":{"line":48,"column":6}},{"start":{"line":48,"column":6},"end":{"line":48,"column":6}}]},"8":{"line":48,"type":"binary-expr","locations":[{"start":{"line":48,"column":10},"end":{"line":48,"column":26}},{"start":{"line":48,"column":30},"end":{"line":48,"column":57}}]}}},"C:\\f\\watchmen\\lib\\service-access-filter.js":{"path":"C:\\f\\watchmen\\lib\\service-access-filter.js","s":{"1":1,"2":1,"3":1,"4":31,"5":2,"6":29,"7":30,"8":30,"9":29,"10":10,"11":19,"12":1,"13":8,"14":8,"15":8,"16":5,"17":8,"18":11,"19":8,"20":17,"21":17,"22":2,"23":15,"24":15,"25":7,"26":15,"27":17,"28":15},"b":{"1":[2,29],"2":[29,5],"3":[10,19],"4":[19,18],"5":[8,0],"6":[5,3],"7":[11,11,6],"8":[3,5],"9":[17,7],"10":[2,15],"11":[7,8],"12":[17,17,16],"13":[8,7]},"f":{"1":1,"2":31,"3":30,"4":30,"5":8,"6":11,"7":17,"8":17},"fnMap":{"1":{"name":"(anonymous_1)","line":3,"loc":{"start":{"line":3,"column":28},"end":{"line":3,"column":40}}},"2":{"name":"isServiceRestrictedToEmail","line":5,"loc":{"start":{"line":5,"column":2},"end":{"line":5,"column":54}}},"3":{"name":"(anonymous_3)","line":10,"loc":{"start":{"line":10,"column":13},"end":{"line":10,"column":24}}},"4":{"name":"(anonymous_4)","line":11,"loc":{"start":{"line":11,"column":16},"end":{"line":11,"column":27}}},"5":{"name":"(anonymous_5)","line":30,"loc":{"start":{"line":30,"column":20},"end":{"line":30,"column":46}}},"6":{"name":"(anonymous_6)","line":37,"loc":{"start":{"line":37,"column":33},"end":{"line":37,"column":50}}},"7":{"name":"(anonymous_7)","line":51,"loc":{"start":{"line":51,"column":19},"end":{"line":51,"column":51}}},"8":{"name":"(anonymous_8)","line":62,"loc":{"start":{"line":62,"column":45},"end":{"line":62,"column":70}}}},"statementMap":{"1":{"start":{"line":1,"column":0},"end":{"line":1,"column":39}},"2":{"start":{"line":3,"column":0},"end":{"line":74,"column":5}},"3":{"start":{"line":5,"column":2},"end":{"line":19,"column":3}},"4":{"start":{"line":6,"column":4},"end":{"line":8,"column":5}},"5":{"start":{"line":7,"column":6},"end":{"line":7,"column":19}},"6":{"start":{"line":9,"column":4},"end":{"line":11,"column":42}},"7":{"start":{"line":10,"column":26},"end":{"line":10,"column":42}},"8":{"start":{"line":11,"column":29},"end":{"line":11,"column":38}},"9":{"start":{"line":13,"column":4},"end":{"line":18,"column":5}},"10":{"start":{"line":14,"column":6},"end":{"line":14,"column":33}},"11":{"start":{"line":17,"column":6},"end":{"line":17,"column":75}},"12":{"start":{"line":21,"column":2},"end":{"line":72,"column":4}},"13":{"start":{"line":31,"column":6},"end":{"line":31,"column":24}},"14":{"start":{"line":32,"column":6},"end":{"line":32,"column":44}},"15":{"start":{"line":34,"column":6},"end":{"line":36,"column":7}},"16":{"start":{"line":35,"column":8},"end":{"line":35,"column":30}},"17":{"start":{"line":37,"column":6},"end":{"line":39,"column":9}},"18":{"start":{"line":38,"column":8},"end":{"line":38,"column":98}},"19":{"start":{"line":41,"column":6},"end":{"line":41,"column":46}},"20":{"start":{"line":52,"column":6},"end":{"line":52,"column":24}},"21":{"start":{"line":53,"column":6},"end":{"line":55,"column":7}},"22":{"start":{"line":54,"column":8},"end":{"line":54,"column":30}},"23":{"start":{"line":56,"column":6},"end":{"line":56,"column":50}},"24":{"start":{"line":58,"column":6},"end":{"line":60,"column":7}},"25":{"start":{"line":59,"column":8},"end":{"line":59,"column":42}},"26":{"start":{"line":62,"column":6},"end":{"line":64,"column":9}},"27":{"start":{"line":63,"column":8},"end":{"line":63,"column":112}},"28":{"start":{"line":66,"column":6},"end":{"line":66,"column":58}}},"branchMap":{"1":{"line":6,"type":"if","locations":[{"start":{"line":6,"column":4},"end":{"line":6,"column":4}},{"start":{"line":6,"column":4},"end":{"line":6,"column":4}}]},"2":{"line":9,"type":"binary-expr","locations":[{"start":{"line":9,"column":24},"end":{"line":9,"column":44}},{"start":{"line":9,"column":48},"end":{"line":9,"column":50}}]},"3":{"line":13,"type":"if","locations":[{"start":{"line":13,"column":4},"end":{"line":13,"column":4}},{"start":{"line":13,"column":4},"end":{"line":13,"column":4}}]},"4":{"line":17,"type":"binary-expr","locations":[{"start":{"line":17,"column":13},"end":{"line":17,"column":36}},{"start":{"line":17,"column":40},"end":{"line":17,"column":74}}]},"5":{"line":31,"type":"binary-expr","locations":[{"start":{"line":31,"column":13},"end":{"line":31,"column":17}},{"start":{"line":31,"column":21},"end":{"line":31,"column":23}}]},"6":{"line":34,"type":"if","locations":[{"start":{"line":34,"column":6},"end":{"line":34,"column":6}},{"start":{"line":34,"column":6},"end":{"line":34,"column":6}}]},"7":{"line":38,"type":"binary-expr","locations":[{"start":{"line":38,"column":15},"end":{"line":38,"column":29}},{"start":{"line":38,"column":33},"end":{"line":38,"column":45}},{"start":{"line":38,"column":49},"end":{"line":38,"column":97}}]},"8":{"line":41,"type":"cond-expr","locations":[{"start":{"line":41,"column":23},"end":{"line":41,"column":31}},{"start":{"line":41,"column":34},"end":{"line":41,"column":45}}]},"9":{"line":52,"type":"binary-expr","locations":[{"start":{"line":52,"column":13},"end":{"line":52,"column":17}},{"start":{"line":52,"column":21},"end":{"line":52,"column":23}}]},"10":{"line":53,"type":"if","locations":[{"start":{"line":53,"column":6},"end":{"line":53,"column":6}},{"start":{"line":53,"column":6},"end":{"line":53,"column":6}}]},"11":{"line":58,"type":"if","locations":[{"start":{"line":58,"column":6},"end":{"line":58,"column":6}},{"start":{"line":58,"column":6},"end":{"line":58,"column":6}}]},"12":{"line":63,"type":"binary-expr","locations":[{"start":{"line":63,"column":15},"end":{"line":63,"column":29}},{"start":{"line":63,"column":33},"end":{"line":63,"column":45}},{"start":{"line":63,"column":49},"end":{"line":63,"column":111}}]},"13":{"line":66,"type":"cond-expr","locations":[{"start":{"line":66,"column":23},"end":{"line":66,"column":37}},{"start":{"line":66,"column":40},"end":{"line":66,"column":57}}]}}},"C:\\f\\watchmen\\config\\web.js":{"path":"C:\\f\\watchmen\\config\\web.js","s":{"1":1},"b":{"1":[1,1],"2":[1,1],"3":[1,1]},"f":{},"fnMap":{},"statementMap":{"1":{"start":{"line":1,"column":0},"end":{"line":19,"column":2}}},"branchMap":{"1":{"line":8,"type":"binary-expr","locations":[{"start":{"line":8,"column":26},"end":{"line":8,"column":63}},{"start":{"line":8,"column":67},"end":{"line":8,"column":111}}]},"2":{"line":9,"type":"binary-expr","locations":[{"start":{"line":9,"column":30},"end":{"line":9,"column":71}},{"start":{"line":9,"column":75},"end":{"line":9,"column":119}}]},"3":{"line":12,"type":"binary-expr","locations":[{"start":{"line":12,"column":10},"end":{"line":12,"column":39}},{"start":{"line":12,"column":43},"end":{"line":12,"column":47}}]}}},"C:\\f\\watchmen\\webserver\\routes\\api-report-route.js":{"path":"C:\\f\\watchmen\\webserver\\routes\\api-report-route.js","s":{"1":1,"2":1,"3":1,"4":1,"5":1,"6":3,"7":0,"8":3,"9":3,"10":1,"11":8,"12":8,"13":8,"14":8,"15":3,"16":7,"17":0,"18":7,"19":7,"20":0,"21":0,"22":7,"23":7,"24":3,"25":4,"26":4,"27":3,"28":6,"29":6,"30":0,"31":0,"32":6,"33":4,"34":4,"35":6,"36":3},"b":{"1":[0,3],"2":[0,7],"3":[0,7],"4":[3,4],"5":[0,6]},"f":{"1":3,"2":8,"3":7,"4":7,"5":6,"6":6,"7":4},"fnMap":{"1":{"name":"(anonymous_1)","line":6,"loc":{"start":{"line":6,"column":27},"end":{"line":6,"column":45}}},"2":{"name":"handlePrivateFields","line":15,"loc":{"start":{"line":15,"column":2},"end":{"line":15,"column":40}}},"3":{"name":"(anonymous_3)","line":28,"loc":{"start":{"line":28,"column":30},"end":{"line":28,"column":48}}},"4":{"name":"(anonymous_4)","line":32,"loc":{"start":{"line":32,"column":39},"end":{"line":32,"column":68}}},"5":{"name":"(anonymous_5)","line":54,"loc":{"start":{"line":54,"column":26},"end":{"line":54,"column":44}}},"6":{"name":"(anonymous_6)","line":55,"loc":{"start":{"line":55,"column":29},"end":{"line":55,"column":59}}},"7":{"name":"(anonymous_7)","line":60,"loc":{"start":{"line":60,"column":80},"end":{"line":60,"column":91}}}},"statementMap":{"1":{"start":{"line":1,"column":0},"end":{"line":1,"column":31}},"2":{"start":{"line":2,"column":0},"end":{"line":2,"column":33}},"3":{"start":{"line":3,"column":0},"end":{"line":3,"column":54}},"4":{"start":{"line":4,"column":0},"end":{"line":4,"column":64}},"5":{"start":{"line":6,"column":0},"end":{"line":70,"column":2}},"6":{"start":{"line":8,"column":2},"end":{"line":10,"column":3}},"7":{"start":{"line":9,"column":4},"end":{"line":9,"column":38}},"8":{"start":{"line":12,"column":2},"end":{"line":12,"column":46}},"9":{"start":{"line":13,"column":2},"end":{"line":13,"column":32}},"10":{"start":{"line":15,"column":2},"end":{"line":22,"column":3}},"11":{"start":{"line":16,"column":4},"end":{"line":16,"column":27}},"12":{"start":{"line":18,"column":4},"end":{"line":18,"column":50}},"13":{"start":{"line":20,"column":4},"end":{"line":20,"column":32}},"14":{"start":{"line":21,"column":4},"end":{"line":21,"column":19}},"15":{"start":{"line":28,"column":2},"end":{"line":48,"column":5}},"16":{"start":{"line":29,"column":4},"end":{"line":31,"column":5}},"17":{"start":{"line":30,"column":6},"end":{"line":30,"column":71}},"18":{"start":{"line":32,"column":4},"end":{"line":47,"column":7}},"19":{"start":{"line":33,"column":6},"end":{"line":36,"column":7}},"20":{"start":{"line":34,"column":8},"end":{"line":34,"column":27}},"21":{"start":{"line":35,"column":8},"end":{"line":35,"column":52}},"22":{"start":{"line":38,"column":6},"end":{"line":38,"column":74}},"23":{"start":{"line":40,"column":6},"end":{"line":42,"column":7}},"24":{"start":{"line":41,"column":8},"end":{"line":41,"column":68}},"25":{"start":{"line":44,"column":6},"end":{"line":44,"column":73}},"26":{"start":{"line":46,"column":6},"end":{"line":46,"column":30}},"27":{"start":{"line":54,"column":2},"end":{"line":66,"column":5}},"28":{"start":{"line":55,"column":4},"end":{"line":65,"column":7}},"29":{"start":{"line":56,"column":6},"end":{"line":59,"column":7}},"30":{"start":{"line":57,"column":8},"end":{"line":57,"column":27}},"31":{"start":{"line":58,"column":8},"end":{"line":58,"column":52}},"32":{"start":{"line":60,"column":6},"end":{"line":63,"column":9}},"33":{"start":{"line":61,"column":8},"end":{"line":61,"column":51}},"34":{"start":{"line":62,"column":8},"end":{"line":62,"column":17}},"35":{"start":{"line":64,"column":6},"end":{"line":64,"column":31}},"36":{"start":{"line":68,"column":2},"end":{"line":68,"column":16}}},"branchMap":{"1":{"line":8,"type":"if","locations":[{"start":{"line":8,"column":2},"end":{"line":8,"column":2}},{"start":{"line":8,"column":2},"end":{"line":8,"column":2}}]},"2":{"line":29,"type":"if","locations":[{"start":{"line":29,"column":4},"end":{"line":29,"column":4}},{"start":{"line":29,"column":4},"end":{"line":29,"column":4}}]},"3":{"line":33,"type":"if","locations":[{"start":{"line":33,"column":6},"end":{"line":33,"column":6}},{"start":{"line":33,"column":6},"end":{"line":33,"column":6}}]},"4":{"line":40,"type":"if","locations":[{"start":{"line":40,"column":6},"end":{"line":40,"column":6}},{"start":{"line":40,"column":6},"end":{"line":40,"column":6}}]},"5":{"line":56,"type":"if","locations":[{"start":{"line":56,"column":6},"end":{"line":56,"column":6}},{"start":{"line":56,"column":6},"end":{"line":56,"column":6}}]}}},"C:\\f\\watchmen\\lib\\reporter.js":{"path":"C:\\f\\watchmen\\lib\\reporter.js","s":{"1":1,"2":1,"3":1,"4":1,"5":1,"6":1,"7":19,"8":1,"9":1,"10":1,"11":1,"12":1,"13":8,"14":8,"15":8,"16":1,"17":8,"18":8,"19":8,"20":0,"21":8,"22":8,"23":1,"24":21,"25":21,"26":21,"27":21,"28":2,"29":19,"30":19,"31":0,"32":19,"33":0,"34":19,"35":19,"36":19,"37":19,"38":0,"39":19,"40":19,"41":78,"42":19,"43":19,"44":19,"45":0,"46":19,"47":19,"48":0,"49":19,"50":19,"51":0,"52":19,"53":19,"54":19,"55":19,"56":19,"57":19,"58":19,"59":19,"60":19,"61":19,"62":19,"63":1,"64":73,"65":73,"66":73,"67":57,"68":73,"69":20,"70":145,"71":145,"72":73,"73":6,"74":6,"75":0,"76":73,"77":73,"78":73,"79":0,"80":0,"81":0,"82":0,"83":0,"84":73,"85":1,"86":27,"87":27,"88":0,"89":27,"90":27,"91":27,"92":27,"93":0,"94":27,"95":27,"96":87,"97":27,"98":27},"b":{"1":[0,8],"2":[2,19],"3":[21,21],"4":[0,19],"5":[0,19],"6":[0,19],"7":[0,19],"8":[0,19],"9":[0,19],"10":[19,0],"11":[19,19],"12":[57,16],"13":[20,53],"14":[145,0],"15":[6,67],"16":[6,0],"17":[0,73],"18":[73,73],"19":[0,27],"20":[0,27]},"f":{"1":19,"2":8,"3":8,"4":8,"5":8,"6":21,"7":21,"8":19,"9":19,"10":78,"11":19,"12":19,"13":19,"14":73,"15":145,"16":27,"17":27,"18":27,"19":87},"fnMap":{"1":{"name":"Reporter","line":7,"loc":{"start":{"line":7,"column":0},"end":{"line":7,"column":27}}},"2":{"name":"(anonymous_2)","line":24,"loc":{"start":{"line":24,"column":33},"end":{"line":24,"column":60}}},"3":{"name":"(anonymous_3)","line":28,"loc":{"start":{"line":28,"column":31},"end":{"line":28,"column":54}}},"4":{"name":"getInfo","line":30,"loc":{"start":{"line":30,"column":4},"end":{"line":30,"column":33}}},"5":{"name":"(anonymous_5)","line":34,"loc":{"start":{"line":34,"column":39},"end":{"line":34,"column":66}}},"6":{"name":"(anonymous_6)","line":53,"loc":{"start":{"line":53,"column":32},"end":{"line":53,"column":61}}},"7":{"name":"(anonymous_7)","line":58,"loc":{"start":{"line":58,"column":32},"end":{"line":58,"column":54}}},"8":{"name":"(anonymous_8)","line":63,"loc":{"start":{"line":63,"column":44},"end":{"line":63,"column":70}}},"9":{"name":"(anonymous_9)","line":75,"loc":{"start":{"line":75,"column":56},"end":{"line":75,"column":86}}},"10":{"name":"(anonymous_10)","line":81,"loc":{"start":{"line":81,"column":53},"end":{"line":81,"column":69}}},"11":{"name":"(anonymous_11)","line":88,"loc":{"start":{"line":88,"column":80},"end":{"line":88,"column":110}}},"12":{"name":"(anonymous_12)","line":93,"loc":{"start":{"line":93,"column":82},"end":{"line":93,"column":115}}},"13":{"name":"(anonymous_13)","line":98,"loc":{"start":{"line":98,"column":87},"end":{"line":98,"column":118}}},"14":{"name":"getUptime","line":139,"loc":{"start":{"line":139,"column":0},"end":{"line":139,"column":60}}},"15":{"name":"(anonymous_15)","line":149,"loc":{"start":{"line":149,"column":20},"end":{"line":149,"column":37}}},"16":{"name":"getGeneralServiceInfo","line":183,"loc":{"start":{"line":183,"column":0},"end":{"line":183,"column":59}}},"17":{"name":"(anonymous_17)","line":185,"loc":{"start":{"line":185,"column":36},"end":{"line":185,"column":64}}},"18":{"name":"(anonymous_18)","line":193,"loc":{"start":{"line":193,"column":54},"end":{"line":193,"column":84}}},"19":{"name":"(anonymous_19)","line":199,"loc":{"start":{"line":199,"column":54},"end":{"line":199,"column":70}}}},"statementMap":{"1":{"start":{"line":1,"column":0},"end":{"line":1,"column":31}},"2":{"start":{"line":2,"column":0},"end":{"line":2,"column":29}},"3":{"start":{"line":3,"column":0},"end":{"line":3,"column":59}},"4":{"start":{"line":4,"column":0},"end":{"line":4,"column":31}},"5":{"start":{"line":5,"column":0},"end":{"line":5,"column":41}},"6":{"start":{"line":7,"column":0},"end":{"line":9,"column":1}},"7":{"start":{"line":8,"column":2},"end":{"line":8,"column":25}},"8":{"start":{"line":11,"column":0},"end":{"line":11,"column":26}},"9":{"start":{"line":12,"column":0},"end":{"line":12,"column":20}},"10":{"start":{"line":13,"column":0},"end":{"line":13,"column":19}},"11":{"start":{"line":15,"column":0},"end":{"line":15,"column":36}},"12":{"start":{"line":24,"column":0},"end":{"line":42,"column":2}},"13":{"start":{"line":25,"column":2},"end":{"line":25,"column":29}},"14":{"start":{"line":27,"column":2},"end":{"line":27,"column":28}},"15":{"start":{"line":28,"column":2},"end":{"line":41,"column":5}},"16":{"start":{"line":30,"column":4},"end":{"line":32,"column":5}},"17":{"start":{"line":31,"column":6},"end":{"line":31,"column":50}},"18":{"start":{"line":34,"column":4},"end":{"line":40,"column":7}},"19":{"start":{"line":35,"column":6},"end":{"line":37,"column":7}},"20":{"start":{"line":36,"column":8},"end":{"line":36,"column":29}},"21":{"start":{"line":38,"column":6},"end":{"line":38,"column":31}},"22":{"start":{"line":39,"column":6},"end":{"line":39,"column":34}},"23":{"start":{"line":53,"column":0},"end":{"line":126,"column":2}},"24":{"start":{"line":54,"column":2},"end":{"line":54,"column":29}},"25":{"start":{"line":56,"column":2},"end":{"line":56,"column":27}},"26":{"start":{"line":58,"column":2},"end":{"line":125,"column":5}},"27":{"start":{"line":59,"column":4},"end":{"line":61,"column":5}},"28":{"start":{"line":60,"column":6},"end":{"line":60,"column":36}},"29":{"start":{"line":63,"column":4},"end":{"line":124,"column":7}},"30":{"start":{"line":64,"column":6},"end":{"line":66,"column":7}},"31":{"start":{"line":65,"column":8},"end":{"line":65,"column":29}},"32":{"start":{"line":68,"column":6},"end":{"line":70,"column":7}},"33":{"start":{"line":69,"column":8},"end":{"line":69,"column":36}},"34":{"start":{"line":72,"column":6},"end":{"line":72,"column":40}},"35":{"start":{"line":73,"column":6},"end":{"line":73,"column":40}},"36":{"start":{"line":75,"column":6},"end":{"line":123,"column":9}},"37":{"start":{"line":76,"column":8},"end":{"line":78,"column":9}},"38":{"start":{"line":77,"column":10},"end":{"line":77,"column":31}},"39":{"start":{"line":80,"column":8},"end":{"line":80,"column":30}},"40":{"start":{"line":81,"column":8},"end":{"line":83,"column":11}},"41":{"start":{"line":82,"column":10},"end":{"line":82,"column":48}},"42":{"start":{"line":85,"column":8},"end":{"line":86,"column":56}},"43":{"start":{"line":88,"column":8},"end":{"line":122,"column":11}},"44":{"start":{"line":89,"column":10},"end":{"line":91,"column":11}},"45":{"start":{"line":90,"column":12},"end":{"line":90,"column":33}},"46":{"start":{"line":93,"column":10},"end":{"line":121,"column":13}},"47":{"start":{"line":94,"column":10},"end":{"line":96,"column":11}},"48":{"start":{"line":95,"column":12},"end":{"line":95,"column":33}},"49":{"start":{"line":98,"column":12},"end":{"line":120,"column":15}},"50":{"start":{"line":99,"column":14},"end":{"line":101,"column":15}},"51":{"start":{"line":100,"column":16},"end":{"line":100,"column":37}},"52":{"start":{"line":104,"column":14},"end":{"line":104,"column":78}},"53":{"start":{"line":105,"column":14},"end":{"line":105,"column":68}},"54":{"start":{"line":107,"column":14},"end":{"line":107,"column":78}},"55":{"start":{"line":108,"column":14},"end":{"line":108,"column":68}},"56":{"start":{"line":109,"column":14},"end":{"line":109,"column":68}},"57":{"start":{"line":110,"column":14},"end":{"line":110,"column":77}},"58":{"start":{"line":111,"column":14},"end":{"line":111,"column":86}},"59":{"start":{"line":114,"column":14},"end":{"line":114,"column":74}},"60":{"start":{"line":116,"column":14},"end":{"line":116,"column":78}},"61":{"start":{"line":118,"column":14},"end":{"line":118,"column":38}},"62":{"start":{"line":119,"column":14},"end":{"line":119,"column":41}},"63":{"start":{"line":139,"column":0},"end":{"line":181,"column":1}},"64":{"start":{"line":141,"column":2},"end":{"line":141,"column":24}},"65":{"start":{"line":142,"column":2},"end":{"line":142,"column":24}},"66":{"start":{"line":144,"column":2},"end":{"line":146,"column":3}},"67":{"start":{"line":145,"column":4},"end":{"line":145,"column":28}},"68":{"start":{"line":148,"column":2},"end":{"line":154,"column":3}},"69":{"start":{"line":149,"column":4},"end":{"line":153,"column":7}},"70":{"start":{"line":150,"column":6},"end":{"line":152,"column":7}},"71":{"start":{"line":151,"column":8},"end":{"line":151,"column":41}},"72":{"start":{"line":156,"column":2},"end":{"line":162,"column":3}},"73":{"start":{"line":157,"column":4},"end":{"line":161,"column":5}},"74":{"start":{"line":158,"column":6},"end":{"line":158,"column":55}},"75":{"start":{"line":160,"column":6},"end":{"line":160,"column":37}},"76":{"start":{"line":166,"column":2},"end":{"line":166,"column":30}},"77":{"start":{"line":167,"column":2},"end":{"line":167,"column":77}},"78":{"start":{"line":169,"column":2},"end":{"line":175,"column":3}},"79":{"start":{"line":170,"column":4},"end":{"line":170,"column":37}},"80":{"start":{"line":171,"column":4},"end":{"line":171,"column":43}},"81":{"start":{"line":172,"column":4},"end":{"line":172,"column":51}},"82":{"start":{"line":173,"column":4},"end":{"line":173,"column":37}},"83":{"start":{"line":174,"column":4},"end":{"line":174,"column":51}},"84":{"start":{"line":177,"column":2},"end":{"line":180,"column":4}},"85":{"start":{"line":183,"column":0},"end":{"line":224,"column":1}},"86":{"start":{"line":185,"column":2},"end":{"line":223,"column":5}},"87":{"start":{"line":186,"column":4},"end":{"line":188,"column":5}},"88":{"start":{"line":187,"column":6},"end":{"line":187,"column":27}},"89":{"start":{"line":190,"column":4},"end":{"line":190,"column":36}},"90":{"start":{"line":191,"column":4},"end":{"line":191,"column":38}},"91":{"start":{"line":193,"column":4},"end":{"line":222,"column":7}},"92":{"start":{"line":194,"column":6},"end":{"line":196,"column":7}},"93":{"start":{"line":195,"column":8},"end":{"line":195,"column":29}},"94":{"start":{"line":198,"column":6},"end":{"line":198,"column":92}},"95":{"start":{"line":199,"column":6},"end":{"line":201,"column":9}},"96":{"start":{"line":200,"column":8},"end":{"line":200,"column":43}},"97":{"start":{"line":202,"column":6},"end":{"line":202,"column":97}},"98":{"start":{"line":204,"column":6},"end":{"line":221,"column":9}}},"branchMap":{"1":{"line":35,"type":"if","locations":[{"start":{"line":35,"column":6},"end":{"line":35,"column":6}},{"start":{"line":35,"column":6},"end":{"line":35,"column":6}}]},"2":{"line":59,"type":"if","locations":[{"start":{"line":59,"column":4},"end":{"line":59,"column":4}},{"start":{"line":59,"column":4},"end":{"line":59,"column":4}}]},"3":{"line":59,"type":"binary-expr","locations":[{"start":{"line":59,"column":8},"end":{"line":59,"column":11}},{"start":{"line":59,"column":15},"end":{"line":59,"column":23}}]},"4":{"line":64,"type":"if","locations":[{"start":{"line":64,"column":6},"end":{"line":64,"column":6}},{"start":{"line":64,"column":6},"end":{"line":64,"column":6}}]},"5":{"line":68,"type":"if","locations":[{"start":{"line":68,"column":6},"end":{"line":68,"column":6}},{"start":{"line":68,"column":6},"end":{"line":68,"column":6}}]},"6":{"line":76,"type":"if","locations":[{"start":{"line":76,"column":8},"end":{"line":76,"column":8}},{"start":{"line":76,"column":8},"end":{"line":76,"column":8}}]},"7":{"line":89,"type":"if","locations":[{"start":{"line":89,"column":10},"end":{"line":89,"column":10}},{"start":{"line":89,"column":10},"end":{"line":89,"column":10}}]},"8":{"line":94,"type":"if","locations":[{"start":{"line":94,"column":10},"end":{"line":94,"column":10}},{"start":{"line":94,"column":10},"end":{"line":94,"column":10}}]},"9":{"line":99,"type":"if","locations":[{"start":{"line":99,"column":14},"end":{"line":99,"column":14}},{"start":{"line":99,"column":14},"end":{"line":99,"column":14}}]},"10":{"line":104,"type":"binary-expr","locations":[{"start":{"line":104,"column":44},"end":{"line":104,"column":71}},{"start":{"line":104,"column":75},"end":{"line":104,"column":77}}]},"11":{"line":107,"type":"binary-expr","locations":[{"start":{"line":107,"column":44},"end":{"line":107,"column":71}},{"start":{"line":107,"column":75},"end":{"line":107,"column":77}}]},"12":{"line":144,"type":"if","locations":[{"start":{"line":144,"column":2},"end":{"line":144,"column":2}},{"start":{"line":144,"column":2},"end":{"line":144,"column":2}}]},"13":{"line":148,"type":"if","locations":[{"start":{"line":148,"column":2},"end":{"line":148,"column":2}},{"start":{"line":148,"column":2},"end":{"line":148,"column":2}}]},"14":{"line":150,"type":"if","locations":[{"start":{"line":150,"column":6},"end":{"line":150,"column":6}},{"start":{"line":150,"column":6},"end":{"line":150,"column":6}}]},"15":{"line":156,"type":"if","locations":[{"start":{"line":156,"column":2},"end":{"line":156,"column":2}},{"start":{"line":156,"column":2},"end":{"line":156,"column":2}}]},"16":{"line":157,"type":"if","locations":[{"start":{"line":157,"column":4},"end":{"line":157,"column":4}},{"start":{"line":157,"column":4},"end":{"line":157,"column":4}}]},"17":{"line":169,"type":"if","locations":[{"start":{"line":169,"column":2},"end":{"line":169,"column":2}},{"start":{"line":169,"column":2},"end":{"line":169,"column":2}}]},"18":{"line":169,"type":"binary-expr","locations":[{"start":{"line":169,"column":6},"end":{"line":169,"column":16}},{"start":{"line":169,"column":20},"end":{"line":169,"column":32}}]},"19":{"line":186,"type":"if","locations":[{"start":{"line":186,"column":4},"end":{"line":186,"column":4}},{"start":{"line":186,"column":4},"end":{"line":186,"column":4}}]},"20":{"line":194,"type":"if","locations":[{"start":{"line":194,"column":6},"end":{"line":194,"column":6}},{"start":{"line":194,"column":6},"end":{"line":194,"column":6}}]}}},"C:\\f\\watchmen\\webserver\\routes\\web-auth-route.js":{"path":"C:\\f\\watchmen\\webserver\\routes\\web-auth-route.js","s":{"1":1,"2":1,"3":1,"4":1,"5":1,"6":1,"7":1,"8":0,"9":0,"10":0,"11":1,"12":0,"13":0,"14":0,"15":1,"16":3,"17":0,"18":0,"19":3,"20":18,"21":3,"22":43,"23":3,"24":3,"25":3,"26":3,"27":0,"28":3,"29":10,"30":10},"b":{"1":[0,0],"2":[3,3]},"f":{"1":1,"2":0,"3":0,"4":0,"5":3,"6":0,"7":18,"8":43,"9":0,"10":10},"fnMap":{"1":{"name":"(anonymous_1)","line":8,"loc":{"start":{"line":8,"column":18},"end":{"line":8,"column":29}}},"2":{"name":"md5","line":10,"loc":{"start":{"line":10,"column":2},"end":{"line":10,"column":20}}},"3":{"name":"isAdmin","line":16,"loc":{"start":{"line":16,"column":2},"end":{"line":16,"column":25}}},"4":{"name":"(anonymous_4)","line":17,"loc":{"start":{"line":17,"column":68},"end":{"line":17,"column":83}}},"5":{"name":"(anonymous_5)","line":27,"loc":{"start":{"line":27,"column":19},"end":{"line":27,"column":33}}},"6":{"name":"(anonymous_6)","line":35,"loc":{"start":{"line":35,"column":8},"end":{"line":35,"column":68}}},"7":{"name":"(anonymous_7)","line":45,"loc":{"start":{"line":45,"column":29},"end":{"line":45,"column":50}}},"8":{"name":"(anonymous_8)","line":49,"loc":{"start":{"line":49,"column":31},"end":{"line":49,"column":51}}},"9":{"name":"(anonymous_9)","line":62,"loc":{"start":{"line":62,"column":10},"end":{"line":62,"column":29}}},"10":{"name":"(anonymous_10)","line":67,"loc":{"start":{"line":67,"column":25},"end":{"line":67,"column":44}}}},"statementMap":{"1":{"start":{"line":1,"column":0},"end":{"line":1,"column":41}},"2":{"start":{"line":2,"column":0},"end":{"line":2,"column":35}},"3":{"start":{"line":3,"column":0},"end":{"line":3,"column":25}},"4":{"start":{"line":4,"column":0},"end":{"line":4,"column":31}},"5":{"start":{"line":6,"column":0},"end":{"line":6,"column":66}},"6":{"start":{"line":8,"column":0},"end":{"line":74,"column":5}},"7":{"start":{"line":10,"column":2},"end":{"line":14,"column":3}},"8":{"start":{"line":11,"column":4},"end":{"line":11,"column":40}},"9":{"start":{"line":12,"column":4},"end":{"line":12,"column":42}},"10":{"start":{"line":13,"column":4},"end":{"line":13,"column":30}},"11":{"start":{"line":16,"column":2},"end":{"line":19,"column":3}},"12":{"start":{"line":17,"column":4},"end":{"line":17,"column":110}},"13":{"start":{"line":17,"column":85},"end":{"line":17,"column":106}},"14":{"start":{"line":18,"column":4},"end":{"line":18,"column":36}},"15":{"start":{"line":21,"column":2},"end":{"line":72,"column":4}},"16":{"start":{"line":29,"column":6},"end":{"line":43,"column":9}},"17":{"start":{"line":36,"column":10},"end":{"line":36,"column":46}},"18":{"start":{"line":37,"column":10},"end":{"line":41,"column":13}},"19":{"start":{"line":45,"column":6},"end":{"line":47,"column":9}},"20":{"start":{"line":46,"column":8},"end":{"line":46,"column":25}},"21":{"start":{"line":49,"column":6},"end":{"line":51,"column":9}},"22":{"start":{"line":50,"column":8},"end":{"line":50,"column":24}},"23":{"start":{"line":53,"column":6},"end":{"line":53,"column":37}},"24":{"start":{"line":54,"column":6},"end":{"line":54,"column":34}},"25":{"start":{"line":56,"column":6},"end":{"line":58,"column":10}},"26":{"start":{"line":60,"column":6},"end":{"line":65,"column":9}},"27":{"start":{"line":64,"column":10},"end":{"line":64,"column":28}},"28":{"start":{"line":67,"column":6},"end":{"line":70,"column":9}},"29":{"start":{"line":68,"column":8},"end":{"line":68,"column":21}},"30":{"start":{"line":69,"column":8},"end":{"line":69,"column":26}}},"branchMap":{"1":{"line":17,"type":"binary-expr","locations":[{"start":{"line":17,"column":18},"end":{"line":17,"column":45}},{"start":{"line":17,"column":49},"end":{"line":17,"column":51}}]},"2":{"line":33,"type":"binary-expr","locations":[{"start":{"line":33,"column":35},"end":{"line":33,"column":58}},{"start":{"line":33,"column":62},"end":{"line":33,"column":64}}]}}},"C:\\f\\watchmen\\lib\\utils.js":{"path":"C:\\f\\watchmen\\lib\\utils.js","s":{"1":1,"2":1,"3":73,"4":0,"5":73,"6":1},"b":{"1":[0,73]},"f":{"1":1,"2":73,"3":1},"fnMap":{"1":{"name":"(anonymous_1)","line":1,"loc":{"start":{"line":1,"column":28},"end":{"line":1,"column":38}}},"2":{"name":"(anonymous_2)","line":12,"loc":{"start":{"line":12,"column":11},"end":{"line":12,"column":39}}},"3":{"name":"(anonymous_3)","line":26,"loc":{"start":{"line":26,"column":18},"end":{"line":26,"column":38}}}},"statementMap":{"1":{"start":{"line":1,"column":0},"end":{"line":31,"column":5}},"2":{"start":{"line":3,"column":2},"end":{"line":29,"column":4}},"3":{"start":{"line":13,"column":6},"end":{"line":15,"column":7}},"4":{"start":{"line":14,"column":8},"end":{"line":14,"column":21}},"5":{"start":{"line":16,"column":6},"end":{"line":16,"column":82}},"6":{"start":{"line":27,"column":6},"end":{"line":27,"column":59}}},"branchMap":{"1":{"line":13,"type":"if","locations":[{"start":{"line":13,"column":6},"end":{"line":13,"column":6}},{"start":{"line":13,"column":6},"end":{"line":13,"column":6}}]}}},"C:\\f\\watchmen\\webserver\\routes\\web-route.js":{"path":"C:\\f\\watchmen\\webserver\\routes\\web-route.js","s":{"1":1,"2":1,"3":1,"4":3,"5":1,"6":0,"7":3,"8":54,"9":54,"10":54,"11":54,"12":54,"13":3,"14":3,"15":3,"16":3,"17":3,"18":3},"b":{},"f":{"1":3,"2":0,"3":54},"fnMap":{"1":{"name":"(anonymous_1)","line":4,"loc":{"start":{"line":4,"column":27},"end":{"line":4,"column":38}}},"2":{"name":"serveIndex","line":8,"loc":{"start":{"line":8,"column":2},"end":{"line":8,"column":31}}},"3":{"name":"(anonymous_3)","line":14,"loc":{"start":{"line":14,"column":18},"end":{"line":14,"column":42}}}},"statementMap":{"1":{"start":{"line":1,"column":0},"end":{"line":1,"column":41}},"2":{"start":{"line":2,"column":0},"end":{"line":2,"column":33}},"3":{"start":{"line":4,"column":0},"end":{"line":29,"column":2}},"4":{"start":{"line":6,"column":2},"end":{"line":6,"column":32}},"5":{"start":{"line":8,"column":2},"end":{"line":12,"column":3}},"6":{"start":{"line":9,"column":4},"end":{"line":11,"column":7}},"7":{"start":{"line":14,"column":2},"end":{"line":20,"column":5}},"8":{"start":{"line":15,"column":4},"end":{"line":15,"column":40}},"9":{"start":{"line":16,"column":4},"end":{"line":16,"column":31}},"10":{"start":{"line":17,"column":4},"end":{"line":17,"column":40}},"11":{"start":{"line":18,"column":4},"end":{"line":18,"column":56}},"12":{"start":{"line":19,"column":4},"end":{"line":19,"column":11}},"13":{"start":{"line":22,"column":2},"end":{"line":22,"column":38}},"14":{"start":{"line":23,"column":2},"end":{"line":23,"column":47}},"15":{"start":{"line":24,"column":2},"end":{"line":24,"column":47}},"16":{"start":{"line":25,"column":2},"end":{"line":25,"column":42}},"17":{"start":{"line":26,"column":2},"end":{"line":26,"column":30}},"18":{"start":{"line":28,"column":2},"end":{"line":28,"column":16}}},"branchMap":{}},"C:\\f\\watchmen\\webserver\\routes\\api-ping-plugins-route.js":{"path":"C:\\f\\watchmen\\webserver\\routes\\api-ping-plugins-route.js","s":{"1":1,"2":1,"3":1,"4":3,"5":3,"6":3,"7":1,"8":2,"9":2,"10":2,"11":2,"12":0,"13":0,"14":0,"15":3,"16":1,"17":1,"18":30,"19":2,"20":1,"21":2,"22":1,"23":3},"b":{"1":[2,28]},"f":{"1":3,"2":2,"3":1,"4":2},"fnMap":{"1":{"name":"(anonymous_1)","line":4,"loc":{"start":{"line":4,"column":37},"end":{"line":4,"column":48}}},"2":{"name":"getOptions","line":11,"loc":{"start":{"line":11,"column":2},"end":{"line":11,"column":26}}},"3":{"name":"(anonymous_3)","line":27,"loc":{"start":{"line":27,"column":18},"end":{"line":27,"column":36}}},"4":{"name":"(anonymous_4)","line":36,"loc":{"start":{"line":36,"column":55},"end":{"line":36,"column":75}}}},"statementMap":{"1":{"start":{"line":1,"column":0},"end":{"line":1,"column":33}},"2":{"start":{"line":2,"column":0},"end":{"line":2,"column":27}},"3":{"start":{"line":4,"column":0},"end":{"line":48,"column":2}},"4":{"start":{"line":6,"column":2},"end":{"line":6,"column":44}},"5":{"start":{"line":8,"column":2},"end":{"line":8,"column":32}},"6":{"start":{"line":9,"column":2},"end":{"line":9,"column":71}},"7":{"start":{"line":11,"column":2},"end":{"line":21,"column":3}},"8":{"start":{"line":12,"column":6},"end":{"line":20,"column":7}},"9":{"start":{"line":13,"column":8},"end":{"line":13,"column":41}},"10":{"start":{"line":14,"column":8},"end":{"line":14,"column":41}},"11":{"start":{"line":15,"column":8},"end":{"line":15,"column":42}},"12":{"start":{"line":17,"column":8},"end":{"line":17,"column":58}},"13":{"start":{"line":18,"column":8},"end":{"line":18,"column":25}},"14":{"start":{"line":19,"column":8},"end":{"line":19,"column":18}},"15":{"start":{"line":27,"column":2},"end":{"line":44,"column":5}},"16":{"start":{"line":29,"column":4},"end":{"line":29,"column":46}},"17":{"start":{"line":30,"column":4},"end":{"line":34,"column":5}},"18":{"start":{"line":31,"column":6},"end":{"line":33,"column":7}},"19":{"start":{"line":32,"column":8},"end":{"line":32,"column":51}},"20":{"start":{"line":36,"column":4},"end":{"line":41,"column":7}},"21":{"start":{"line":37,"column":6},"end":{"line":40,"column":8}},"22":{"start":{"line":43,"column":4},"end":{"line":43,"column":29}},"23":{"start":{"line":46,"column":2},"end":{"line":46,"column":16}}},"branchMap":{"1":{"line":31,"type":"if","locations":[{"start":{"line":31,"column":6},"end":{"line":31,"column":6}},{"start":{"line":31,"column":6},"end":{"line":31,"column":6}}]}}},"C:\\f\\watchmen\\lib\\sentinel.js":{"path":"C:\\f\\watchmen\\lib\\sentinel.js","s":{"1":1,"2":1,"3":1,"4":5,"5":5,"6":5,"7":1,"8":1,"9":1,"10":1,"11":1,"12":1,"13":1,"14":3,"15":5,"16":1,"17":1,"18":1,"19":1,"20":1,"21":4,"22":7,"23":2,"24":1,"25":1,"26":3,"27":1,"28":3,"29":3,"30":5,"31":7,"32":5,"33":5,"34":10,"35":3,"36":1,"37":1,"38":1,"39":1,"40":1,"41":1,"42":1,"43":7,"44":3,"45":1,"46":0,"47":0,"48":0,"49":0,"50":0,"51":0,"52":0,"53":0,"54":0,"55":0,"56":0,"57":0,"58":0,"59":0,"60":0,"61":0,"62":0,"63":0,"64":1,"65":0,"66":0,"67":0,"68":0},"b":{"1":[5,5],"2":[1,2],"3":[2,2],"4":[5,0],"5":[3,7],"6":[1,2],"7":[0,0],"8":[0,0],"9":[0,0],"10":[0,0]},"f":{"1":5,"2":1,"3":3,"4":5,"5":1,"6":4,"7":7,"8":3,"9":3,"10":5,"11":7,"12":0,"13":0,"14":0,"15":0,"16":0,"17":0,"18":0},"fnMap":{"1":{"name":"Sentinel","line":8,"loc":{"start":{"line":8,"column":0},"end":{"line":8,"column":46}}},"2":{"name":"(anonymous_2)","line":32,"loc":{"start":{"line":32,"column":32},"end":{"line":32,"column":77}}},"3":{"name":"(anonymous_3)","line":34,"loc":{"start":{"line":34,"column":27},"end":{"line":34,"column":40}}},"4":{"name":"(anonymous_4)","line":35,"loc":{"start":{"line":35,"column":33},"end":{"line":35,"column":47}}},"5":{"name":"(anonymous_5)","line":44,"loc":{"start":{"line":44,"column":34},"end":{"line":44,"column":79}}},"6":{"name":"(anonymous_6)","line":46,"loc":{"start":{"line":46,"column":26},"end":{"line":46,"column":52}}},"7":{"name":"(anonymous_7)","line":47,"loc":{"start":{"line":47,"column":34},"end":{"line":47,"column":47}}},"8":{"name":"propertyModified","line":56,"loc":{"start":{"line":56,"column":0},"end":{"line":56,"column":47}}},"9":{"name":"(anonymous_9)","line":60,"loc":{"start":{"line":60,"column":35},"end":{"line":60,"column":80}}},"10":{"name":"(anonymous_10)","line":62,"loc":{"start":{"line":62,"column":26},"end":{"line":62,"column":52}}},"11":{"name":"(anonymous_11)","line":63,"loc":{"start":{"line":63,"column":45},"end":{"line":63,"column":59}}},"12":{"name":"(anonymous_12)","line":90,"loc":{"start":{"line":90,"column":27},"end":{"line":90,"column":39}}},"13":{"name":"(anonymous_13)","line":93,"loc":{"start":{"line":93,"column":31},"end":{"line":93,"column":56}}},"14":{"name":"(anonymous_14)","line":97,"loc":{"start":{"line":97,"column":26},"end":{"line":97,"column":45}}},"15":{"name":"(anonymous_15)","line":105,"loc":{"start":{"line":105,"column":30},"end":{"line":105,"column":43}}},"16":{"name":"(anonymous_16)","line":113,"loc":{"start":{"line":113,"column":31},"end":{"line":113,"column":44}}},"17":{"name":"(anonymous_17)","line":122,"loc":{"start":{"line":122,"column":27},"end":{"l
[...]
rt":{"line":95,"column":4},"end":{"line":95,"column":72}},"49":{"start":{"line":96,"column":4},"end":{"line":101,"column":5}},"50":{"start":{"line":97,"column":6},"end":{"line":100,"column":9}},"51":{"start":{"line":98,"column":8},"end":{"line":98,"column":53}},"52":{"start":{"line":99,"column":8},"end":{"line":99,"column":42}},"53":{"start":{"line":103,"column":4},"end":{"line":103,"column":78}},"54":{"start":{"line":104,"column":4},"end":{"line":109,"column":5}},"55":{"start":{"line":105,"column":6},"end":{"line":108,"column":9}},"56":{"start":{"line":106,"column":8},"end":{"line":106,"column":42}},"57":{"start":{"line":107,"column":8},"end":{"line":107,"column":49}},"58":{"start":{"line":111,"column":4},"end":{"line":111,"column":80}},"59":{"start":{"line":112,"column":4},"end":{"line":118,"column":5}},"60":{"start":{"line":113,"column":6},"end":{"line":117,"column":9}},"61":{"start":{"line":114,"column":8},"end":{"line":114,"column":42}},"62":{"start":{"line":115,"column":8},"end":{"line":115,"column":36}},"63":{"start":{"line":116,"column":8},"end":{"line":116,"column":80}},"64":{"start":{"line":122,"column":0},"end":{"line":128,"column":2}},"65":{"start":{"line":123,"column":2},"end":{"line":123,"column":18}},"66":{"start":{"line":124,"column":2},"end":{"line":124,"column":27}},"67":{"start":{"line":125,"column":2},"end":{"line":127,"column":48}},"68":{"start":{"line":126,"column":4},"end":{"line":126,"column":17}}},"branchMap":{"1":{"line":9,"type":"binary-expr","locations":[{"start":{"line":9,"column":17},"end":{"line":9,"column":24}},{"start":{"line":9,"column":28},"end":{"line":9,"column":30}}]},"2":{"line":35,"type":"if","locations":[{"start":{"line":35,"column":4},"end":{"line":35,"column":4}},{"start":{"line":35,"column":4},"end":{"line":35,"column":4}}]},"3":{"line":47,"type":"if","locations":[{"start":{"line":47,"column":4},"end":{"line":47,"column":4}},{"start":{"line":47,"column":4},"end":{"line":47,"column":4}}]},"4":{"line":66,"type":"if","locations":[{"start":{"line":66,"column":4},"end":{"line":66,"column":4}},{"start":{"line":66,"column":4},"end":{"line":66,"column":4}}]},"5":{"line":68,"type":"if","locations":[{"start":{"line":68,"column":8},"end":{"line":68,"column":8}},{"start":{"line":68,"column":8},"end":{"line":68,"column":8}}]},"6":{"line":69,"type":"if","locations":[{"start":{"line":69,"column":10},"end":{"line":69,"column":10}},{"start":{"line":69,"column":10},"end":{"line":69,"column":10}}]},"7":{"line":96,"type":"if","locations":[{"start":{"line":96,"column":4},"end":{"line":96,"column":4}},{"start":{"line":96,"column":4},"end":{"line":96,"column":4}}]},"8":{"line":104,"type":"if","locations":[{"start":{"line":104,"column":4},"end":{"line":104,"column":4}},{"start":{"line":104,"column":4},"end":{"line":104,"column":4}}]},"9":{"line":112,"type":"if","locations":[{"start":{"line":112,"column":4},"end":{"line":112,"column":4}},{"start":{"line":112,"column":4},"end":{"line":112,"column":4}}]},"10":{"line":127,"type":"binary-expr","locations":[{"start":{"line":127,"column":5},"end":{"line":127,"column":26}},{"start":{"line":127,"column":30},"end":{"line":127,"column":46}}]}}},"C:\\f\\watchmen\\lib\\watchmen.js":{"path":"C:\\f\\watchmen\\lib\\watchmen.js","s":{"1":1,"2":1,"3":1,"4":1,"5":1,"6":1,"7":1,"8":25,"9":25,"10":1,"11":1,"12":14,"13":14,"14":14,"15":14,"16":14,"17":0,"18":0,"19":14,"20":12,"21":12,"22":12,"23":8,"24":8,"25":8,"26":8,"27":8,"28":0,"29":8,"30":8,"31":8,"32":8,"33":0,"34":8,"35":7,"36":5,"37":5,"38":5,"39":0,"40":5,"41":5,"42":2,"43":1,"44":1,"45":4,"46":4,"47":4,"48":0,"49":4,"50":4,"51":1,"52":4,"53":4,"54":0,"55":4,"56":4,"57":4,"58":0,"59":4,"60":1,"61":1,"62":4,"63":4,"64":1,"65":2,"66":2,"67":0,"68":0,"69":0,"70":0,"71":0,"72":1,"73":4,"74":4,"75":4,"76":4,"77":1,"78":1,"79":4,"80":2,"81":2,"82":1,"83":1,"84":1,"85":2,"86":2,"87":1,"88":1,"89":1,"90":6,"91":6,"92":2,"93":4,"94":4,"95":4,"96":1,"97":5,"98":5,"99":2,"100":3,"101":3,"102":1,"103":1,"104":1,"105":1,"106":3,"107":1,"108":2,"109":2,"110":2,"111":1,"112":1,"113":1,"114":1,"115":11,"116":12},"b":{"1":[0,14],"2":[8,4],"3":[5,3],"4":[0,8],"5":[0,8],"6":[7,1],"7":[5,2],"8":[0,5],"9":[0,4],"10":[1,3],"11":[4,4],"12":[0,4],"13":[0,4],"14":[1,3],"15":[0,0],"16":[0,0],"17":[4,3],"18":[1,3],"19":[2,0],"20":[1,0],"21":[2,4],"22":[6,5],"23":[4,0],"24":[2,3],"25":[5,4],"26":[1,2],"27":[1,1]},"f":{"1":25,"2":14,"3":12,"4":8,"5":8,"6":5,"7":4,"8":4,"9":4,"10":2,"11":0,"12":0,"13":4,"14":2,"15":1,"16":2,"17":1,"18":6,"19":5,"20":1,"21":3,"22":2,"23":11,"24":12},"fnMap":{"1":{"name":"WatchMen","line":16,"loc":{"start":{"line":16,"column":0},"end":{"line":16,"column":37}}},"2":{"name":"(anonymous_2)","line":29,"loc":{"start":{"line":29,"column":26},"end":{"line":29,"column":54}}},"3":{"name":"(anonymous_3)","line":42,"loc":{"start":{"line":42,"column":36},"end":{"line":42,"column":82}}},"4":{"name":"(anonymous_4)","line":60,"loc":{"start":{"line":60,"column":50},"end":{"line":60,"column":86}}},"5":{"name":"(anonymous_5)","line":72,"loc":{"start":{"line":72,"column":42},"end":{"line":72,"column":65}}},"6":{"name":"(anonymous_6)","line":88,"loc":{"start":{"line":88,"column":55},"end":{"line":88,"column":70}}},"7":{"name":"(anonymous_7)","line":119,"loc":{"start":{"line":119,"column":47},"end":{"line":119,"column":62}}},"8":{"name":"(anonymous_8)","line":129,"loc":{"start":{"line":129,"column":61},"end":{"line":129,"column":76}}},"9":{"name":"(anonymous_9)","line":136,"loc":{"start":{"line":136,"column":56},"end":{"line":136,"column":86}}},"10":{"name":"(anonymous_10)","line":157,"loc":{"start":{"line":157,"column":29},"end":{"line":157,"column":48}}},"11":{"name":"(anonymous_11)","line":159,"loc":{"start":{"line":159,"column":32},"end":{"line":159,"column":58}}},"12":{"name":"(anonymous_12)","line":164,"loc":{"start":{"line":164,"column":37},"end":{"line":164,"column":49}}},"13":{"name":"(anonymous_13)","line":178,"loc":{"start":{"line":178,"column":30},"end":{"line":178,"column":49}}},"14":{"name":"(anonymous_14)","line":188,"loc":{"start":{"line":188,"column":24},"end":{"line":188,"column":43}}},"15":{"name":"(anonymous_15)","line":190,"loc":{"start":{"line":190,"column":17},"end":{"line":190,"column":27}}},"16":{"name":"(anonymous_16)","line":202,"loc":{"start":{"line":202,"column":29},"end":{"line":202,"column":41}}},"17":{"name":"(anonymous_17)","line":204,"loc":{"start":{"line":204,"column":24},"end":{"line":204,"column":43}}},"18":{"name":"(anonymous_18)","line":215,"loc":{"start":{"line":215,"column":27},"end":{"line":215,"column":41}}},"19":{"name":"(anonymous_19)","line":231,"loc":{"start":{"line":231,"column":26},"end":{"line":231,"column":40}}},"20":{"name":"(anonymous_20)","line":245,"loc":{"start":{"line":245,"column":32},"end":{"line":245,"column":51}}},"21":{"name":"(anonymous_21)","line":254,"loc":{"start":{"line":254,"column":35},"end":{"line":254,"column":49}}},"22":{"name":"(anonymous_22)","line":257,"loc":{"start":{"line":257,"column":30},"end":{"line":257,"column":43}}},"23":{"name":"(anonymous_23)","line":275,"loc":{"start":{"line":275,"column":36},"end":{"line":275,"column":50}}},"24":{"name":"(anonymous_24)","line":276,"loc":{"start":{"line":276,"column":30},"end":{"line":276,"column":43}}}},"statementMap":{"1":{"start":{"line":1,"column":0},"end":{"line":1,"column":31}},"2":{"start":{"line":2,"column":0},"end":{"line":2,"column":31}},"3":{"start":{"line":3,"column":0},"end":{"line":3,"column":41}},"4":{"start":{"line":4,"column":0},"end":{"line":4,"column":27}},"5":{"start":{"line":5,"column":0},"end":{"line":5,"column":31}},"6":{"start":{"line":7,"column":0},"end":{"line":7,"column":36}},"7":{"start":{"line":16,"column":0},"end":{"line":19,"column":1}},"8":{"start":{"line":17,"column":2},"end":{"line":17,"column":25}},"9":{"start":{"line":18,"column":2},"end":{"line":18,"column":27}},"10":{"start":{"line":21,"column":0},"end":{"line":21,"column":45}},"11":{"start":{"line":29,"column":0},"end":{"line":155,"column":2}},"12":{"start":{"line":31,"column":2},"end":{"line":31,"column":18}},"13":{"start":{"line":32,"column":2},"end":{"line":32,"column":29}},"14":{"start":{"line":33,"column":2},"end":{"line":33,"column":31}},"15":{"start":{"line":35,"column":2},"end":{"line":35,"column":35}},"16":{"start":{"line":37,"column":2},"end":{"line":40,"column":3}},"17":{"start":{"line":38,"column":4},"end":{"line":38,"column":74}},"18":{"start":{"line":39,"column":4},"end":{"line":39,"column":44}},"19":{"start":{"line":42,"column":2},"end":{"line":154,"column":5}},"20":{"start":{"line":44,"column":4},"end":{"line":44,"column":32}},"21":{"start":{"line":46,"column":4},"end":{"line":46,"column":59}},"22":{"start":{"line":48,"column":4},"end":{"line":152,"column":5}},"23":{"start":{"line":54,"column":6},"end":{"line":54,"column":28}},"24":{"start":{"line":56,"column":6},"end":{"line":56,"column":106}},"25":{"start":{"line":58,"column":6},"end":{"line":58,"column":61}},"26":{"start":{"line":60,"column":6},"end":{"line":110,"column":9}},"27":{"start":{"line":61,"column":8},"end":{"line":63,"column":9}},"28":{"start":{"line":62,"column":10},"end":{"line":62,"column":31}},"29":{"start":{"line":65,"column":8},"end":{"line":65,"column":58}},"30":{"start":{"line":67,"column":8},"end":{"line":70,"column":11}},"31":{"start":{"line":72,"column":8},"end":{"line":108,"column":11}},"32":{"start":{"line":73,"column":10},"end":{"line":75,"column":11}},"33":{"start":{"line":74,"column":12},"end":{"line":74,"column":33}},"34":{"start":{"line":77,"column":10},"end":{"line":107,"column":11}},"35":{"start":{"line":83,"column":12},"end":{"line":97,"column":13}},"36":{"start":{"line":84,"column":14},"end":{"line":87,"column":16}},"37":{"start":{"line":88,"column":14},"end":{"line":94,"column":17}},"38":{"start":{"line":89,"column":16},"end":{"line":91,"column":17}},"39":{"start":{"line":90,"column":18},"end":{"line":90,"column":39}},"40":{"start":{"line":92,"column":16},"end":{"line":92,"column":61}},"41":{"start":{"line":93,"column":16},"end":{"line":93,"column":56}},"42":{"start":{"line":96,"column":14},"end":{"line":96,"column":54}},"43":{"start":{"line":105,"column":12},"end":{"line":105,"column":57}},"44":{"start":{"line":106,"column":12},"end":{"line":106,"column":52}},"45":{"start":{"line":117,"column":6},"end":{"line":117,"column":23}},"46":{"start":{"line":119,"column":6},"end":{"line":151,"column":9}},"47":{"start":{"line":120,"column":8},"end":{"line":122,"column":9}},"48":{"start":{"line":121,"column":10},"end":{"line":121,"column":31}},"49":{"start":{"line":124,"column":8},"end":{"line":124,"column":45}},"50":{"start":{"line":125,"column":8},"end":{"line":127,"column":9}},"51":{"start":{"line":126,"column":10},"end":{"line":126,"column":76}},"52":{"start":{"line":129,"column":8},"end":{"line":150,"column":11}},"53":{"start":{"line":130,"column":10},"end":{"line":132,"column":11}},"54":{"start":{"line":131,"column":12},"end":{"line":131,"column":33}},"55":{"start":{"line":134,"column":10},"end":{"line":134,"column":44}},"56":{"start":{"line":136,"column":10},"end":{"line":149,"column":13}},"57":{"start":{"line":137,"column":12},"end":{"line":139,"column":13}},"58":{"start":{"line":138,"column":14},"end":{"line":138,"column":35}},"59":{"start":{"line":141,"column":12},"end":{"line":144,"column":13}},"60":{"start":{"line":142,"column":14},"end":{"line":142,"column":43}},"61":{"start":{"line":143,"column":14},"end":{"line":143,"column":64}},"62":{"start":{"line":146,"column":12},"end":{"line":146,"column":73}},"63":{"start":{"line":148,"column":12},"end":{"line":148,"column":45}},"64":{"start":{"line":157,"column":0},"end":{"line":169,"column":2}},"65":{"start":{"line":158,"column":2},"end":{"line":158,"column":18}},"66":{"start":{"line":159,"column":2},"end":{"line":168,"column":5}},"67":{"start":{"line":160,"column":4},"end":{"line":162,"column":5}},"68":{"start":{"line":161,"column":6},"end":{"line":161,"column":25}},"69":{"start":{"line":163,"column":4},"end":{"line":167,"column":5}},"70":{"start":{"line":164,"column":6},"end":{"line":166,"column":20}},"71":{"start":{"line":165,"column":8},"end":{"line":165,"column":30}},"72":{"start":{"line":178,"column":0},"end":{"line":196,"column":2}},"73":{"start":{"line":179,"column":2},"end":{"line":179,"column":18}},"74":{"start":{"line":181,"column":2},"end":{"line":181,"column":16}},"75":{"start":{"line":182,"column":2},"end":{"line":182,"column":26}},"76":{"start":{"line":183,"column":2},"end":{"line":186,"column":3}},"77":{"start":{"line":184,"column":4},"end":{"line":184,"column":61}},"78":{"start":{"line":185,"column":4},"end":{"line":185,"column":96}},"79":{"start":{"line":188,"column":2},"end":{"line":195,"column":5}},"80":{"start":{"line":189,"column":4},"end":{"line":194,"column":5}},"81":{"start":{"line":190,"column":6},"end":{"line":193,"column":16}},"82":{"start":{"line":191,"column":8},"end":{"line":191,"column":30}},"83":{"start":{"line":192,"column":8},"end":{"line":192,"column":31}},"84":{"start":{"line":202,"column":0},"end":{"line":209,"column":2}},"85":{"start":{"line":203,"column":2},"end":{"line":203,"column":18}},"86":{"start":{"line":204,"column":2},"end":{"line":208,"column":5}},"87":{"start":{"line":205,"column":4},"end":{"line":207,"column":5}},"88":{"start":{"line":206,"column":6},"end":{"line":206,"column":28}},"89":{"start":{"line":215,"column":0},"end":{"line":225,"column":2}},"90":{"start":{"line":216,"column":2},"end":{"line":216,"column":40}},"91":{"start":{"line":217,"column":2},"end":{"line":224,"column":3}},"92":{"start":{"line":218,"column":4},"end":{"line":218,"column":42}},"93":{"start":{"line":220,"column":4},"end":{"line":223,"column":5}},"94":{"start":{"line":221,"column":6},"end":{"line":221,"column":29}},"95":{"start":{"line":222,"column":6},"end":{"line":222,"column":28}},"96":{"start":{"line":231,"column":0},"end":{"line":239,"column":2}},"97":{"start":{"line":232,"column":2},"end":{"line":232,"column":40}},"98":{"start":{"line":233,"column":2},"end":{"line":238,"column":3}},"99":{"start":{"line":234,"column":4},"end":{"line":234,"column":42}},"100":{"start":{"line":236,"column":4},"end":{"line":236,"column":36}},"101":{"start":{"line":237,"column":4},"end":{"line":237,"column":28}},"102":{"start":{"line":245,"column":0},"end":{"line":248,"column":2}},"103":{"start":{"line":246,"column":2},"end":{"line":246,"column":30}},"104":{"start":{"line":247,"column":2},"end":{"line":247,"column":25}},"105":{"start":{"line":254,"column":0},"end":{"line":267,"column":2}},"106":{"start":{"line":255,"column":2},"end":{"line":255,"column":45}},"107":{"start":{"line":255,"column":11},"end":{"line":255,"column":45}},"108":{"start":{"line":257,"column":2},"end":{"line":259,"column":17}},"109":{"start":{"line":258,"column":4},"end":{"line":258,"column":16}},"110":{"start":{"line":261,"column":2},"end":{"line":266,"column":3}},"111":{"start":{"line":262,"column":4},"end":{"line":262,"column":60}},"112":{"start":{"line":264,"column":4},"end":{"line":264,"column":18}},"113":{"start":{"line":265,"column":4},"end":{"line":265,"column":33}},"114":{"start":{"line":275,"column":0},"end":{"line":279,"column":2}},"115":{"start":{"line":276,"column":2},"end":{"line":278,"column":8}},"116":{"start":{"line":277,"column":4},"end":{"line":277,"column":22}}},"branchMap":{"1":{"line":37,"type":"if","locations":[{"start":{"line":37,"column":2},"end":{"line":37,"column":2}},{"start":{"line":37,"column":2},"end":{"line":37,"column":2}}]},"2":{"line":48,"type":"if","locations":[{"start":{"line":48,"column":4},"end":{"line":48,"column":4}},{"start":{"line":48,"column":4},"end":{"line":48,"column":4}}]},"3":{"line":56,"type":"cond-expr","locations":[{"start":{"line":56,"column":75},"end":{"line":56,"column":76}},{"start":{"line":56,"column":79},"end":{"line":56,"column":105}}]},"4":{"line":61,"type":"if","locations":[{"start":{"line":61,"column":8},"end":{"line":61,"column":8}},{"start":{"line":61,"column":8},"end":{"line":61,"column":8}}]},"5":{"line":73,"type":"if","locations":[{"start":{"line":73,"column":10},"end":{"line":73,"column":10}},{"start":{"line":73,"column":10},"end":{"line":73,"column":10}}]},"6":{"line":77,"type":"if","locations":[{"start":{"line":77,"column":10},"end":{"line":77,"column":10}},{"start":{"line":77,"column":10},"end":{"line":77,"column":10}}]},"7":{"line":83,"type":"if","locations":[{"start":{"line":83,"column":12},"end":{"line":83,"column":12}},{"start":{"line":83,"column":12},"end":{"line":83,"column":12}}]},"8":{"line":89,"type":"if","locations":[{"start":{"line":89,"column":16},"end":{"line":89,"column":16}},{"start":{"line":89,"column":16},"end":{"line":89,"column":16}}]},"9":{"line":120,"type":"if","locations":[{"start":{"line":120,"column":8},"end":{"line":120,"column":8}},{"start":{"line":120,"column":8},"end":{"line":120,"column":8}}]},"10":{"line":125,"type":"if","locations":[{"start":{"line":125,"column":8},"end":{"line":125,"column":8}},{"start":{"line":125,"column":8},"end":{"line":125,"column":8}}]},"11":{"line":125,"type":"binary-expr","locations":[{"start":{"line":125,"column":12},"end":{"line":125,"column":17}},{"start":{"line":125,"column":22},"end":{"line":125,"column":41}}]},"12":{"line":130,"type":"if","locations":[{"start":{"line":130,"column":10},"end":{"line":130,"column":10}},{"start":{"line":130,"column":10},"end":{"line":130,"column":10}}]},"13":{"line":137,"type":"if","locations":[{"start":{"line":137,"column":12},"end":{"line":137,"column":12}},{"start":{"line":137,"column":12},"end":{"line":137,"column":12}}]},"14":{"line":141,"type":"if","locations":[{"start":{"line":141,"column":12},"end":{"line":141,"column":12}},{"start":{"line":141,"column":12},"end":{"line":141,"column":12}}]},"15":{"line":160,"type":"if","locations":[{"start":{"line":160,"column":4},"end":{"line":160,"column":4}},{"start":{"line":160,"column":4},"end":{"line":160,"column":4}}]},"16":{"line":163,"type":"if","locations":[{"start":{"line":163,"column":4},"end":{"line":163,"column":4}},{"start":{"line":163,"column":4},"end":{"line":163,"column":4}}]},"17":{"line":182,"type":"binary-expr","locations":[{"start":{"line":182,"column":12},"end":{"line":182,"column":19}},{"start":{"line":182,"column":23},"end":{"line":182,"column":25}}]},"18":{"line":183,"type":"if","locations":[{"start":{"line":183,"column":2},"end":{"line":183,"column":2}},{"start":{"line":183,"column":2},"end":{"line":183,"column":2}}]},"19":{"line":189,"type":"if","locations":[{"start":{"line":189,"column":4},"end":{"line":189,"column":4}},{"start":{"line":189,"column":4},"end":{"line":189,"column":4}}]},"20":{"line":205,"type":"if","locations":[{"start":{"line":205,"column":4},"end":{"line":205,"column":4}},{"start":{"line":205,"column":4},"end":{"line":205,"column":4}}]},"21":{"line":217,"type":"if","locations":[{"start":{"line":217,"column":2},"end":{"line":217,"column":2}},{"start":{"line":217,"column":2},"end":{"line":217,"column":2}}]},"22":{"line":217,"type":"binary-expr","locations":[{"start":{"line":217,"column":6},"end":{"line":217,"column":9}},{"start":{"line":217,"column":13},"end":{"line":217,"column":21}}]},"23":{"line":220,"type":"if","locations":[{"start":{"line":220,"column":4},"end":{"line":220,"column":4}},{"start":{"line":220,"column":4},"end":{"line":220,"column":4}}]},"24":{"line":233,"type":"if","locations":[{"start":{"line":233,"column":2},"end":{"line":233,"column":2}},{"start":{"line":233,"column":2},"end":{"line":233,"column":2}}]},"25":{"line":233,"type":"binary-expr","locations":[{"start":{"line":233,"column":6},"end":{"line":233,"column":9}},{"start":{"line":233,"column":13},"end":{"line":233,"column":21}}]},"26":{"line":255,"type":"if","locations":[{"start":{"line":255,"column":2},"end":{"line":255,"column":2}},{"start":{"line":255,"column":2},"end":{"line":255,"column":2}}]},"27":{"line":261,"type":"if","locations":[{"start":{"line":261,"column":2},"end":{"line":261,"column":2}},{"start":{"line":261,"column":2},"end":{"line":261,"column":2}}]}}}}