{"/Users/ivan/code/WatchMen/lib/notifications/services/aws-ses/aws-ses.js":{"path":"/Users/ivan/code/WatchMen/lib/notifications/services/aws-ses/aws-ses.js","s":{"1":1,"2":1,"3":1,"4":7,"5":1,"6":0,"7":1,"8":7,"9":7,"10":1,"11":6,"12":1,"13":5,"14":1,"15":4,"16":1,"17":1,"18":7,"19":7,"20":4,"21":3,"22":3,"23":0,"24":0,"25":0},"b":{"1":[7,0],"2":[1,6],"3":[1,5],"4":[1,4],"5":[1,3],"6":[4,3],"7":[3,0],"8":[3,2,1]},"f":{"1":7,"2":0,"3":7,"4":7},"fnMap":{"1":{"name":"AWSSes","line":9,"loc":{"start":{"line":9,"column":0},"end":{"line":9,"column":25}}},"2":{"name":"(anonymous_2)","line":13,"loc":{"start":{"line":13,"column":27},"end":{"line":13,"column":38}}},"3":{"name":"(anonymous_3)","line":17,"loc":{"start":{"line":17,"column":38},"end":{"line":17,"column":49}}},"4":{"name":"(anonymous_4)","line":33,"loc":{"start":{"line":33,"column":24},"end":{"line":33,"column":46}}}},"statementMap":{"1":{"start":{"line":5,"column":0},"end":{"line":5,"column":81}},"2":{"start":{"line":7,"column":0},"end":{"line":7,"column":34}},"3":{"start":{"line":9,"column":0},"end":{"line":11,"column":1}},"4":{"start":{"line":10,"column":4},"end":{"line":10,"column":42}},"5":{"start":{"line":13,"column":0},"end":{"line":15,"column":2}},"6":{"start":{"line":14,"column":4},"end":{"line":14,"column":21}},"7":{"start":{"line":17,"column":0},"end":{"line":31,"column":1}},"8":{"start":{"line":18,"column":4},"end":{"line":18,"column":130}},"9":{"start":{"line":20,"column":4},"end":{"line":21,"column":31}},"10":{"start":{"line":21,"column":8},"end":{"line":21,"column":31}},"11":{"start":{"line":23,"column":4},"end":{"line":24,"column":33}},"12":{"start":{"line":24,"column":8},"end":{"line":24,"column":33}},"13":{"start":{"line":26,"column":4},"end":{"line":27,"column":34}},"14":{"start":{"line":27,"column":8},"end":{"line":27,"column":34}},"15":{"start":{"line":29,"column":4},"end":{"line":30,"column":37}},"16":{"start":{"line":30,"column":8},"end":{"line":30,"column":37}},"17":{"start":{"line":33,"column":0},"end":{"line":68,"column":1}},"18":{"start":{"line":35,"column":4},"end":{"line":35,"column":43}},"19":{"start":{"line":36,"column":4},"end":{"line":38,"column":5}},"20":{"start":{"line":37,"column":8},"end":{"line":37,"column":26}},"21":{"start":{"line":40,"column":4},"end":{"line":42,"column":5}},"22":{"start":{"line":41,"column":8},"end":{"line":41,"column":53}},"23":{"start":{"line":44,"column":4},"end":{"line":44,"column":33}},"24":{"start":{"line":46,"column":4},"end":{"line":51,"column":7}},"25":{"start":{"line":53,"column":4},"end":{"line":66,"column":11}}},"branchMap":{"1":{"line":10,"type":"binary-expr","locations":[{"start":{"line":10,"column":18},"end":{"line":10,"column":24}},{"start":{"line":10,"column":28},"end":{"line":10,"column":41}}]},"2":{"line":20,"type":"if","locations":[{"start":{"line":20,"column":4},"end":{"line":20,"column":4}},{"start":{"line":20,"column":4},"end":{"line":20,"column":4}}]},"3":{"line":23,"type":"if","locations":[{"start":{"line":23,"column":4},"end":{"line":23,"column":4}},{"start":{"line":23,"column":4},"end":{"line":23,"column":4}}]},"4":{"line":26,"type":"if","locations":[{"start":{"line":26,"column":4},"end":{"line":26,"column":4}},{"start":{"line":26,"column":4},"end":{"line":26,"column":4}}]},"5":{"line":29,"type":"if","locations":[{"start":{"line":29,"column":4},"end":{"line":29,"column":4}},{"start":{"line":29,"column":4},"end":{"line":29,"column":4}}]},"6":{"line":36,"type":"if","locations":[{"start":{"line":36,"column":4},"end":{"line":36,"column":4}},{"start":{"line":36,"column":4},"end":{"line":36,"column":4}}]},"7":{"line":40,"type":"if","locations":[{"start":{"line":40,"column":4},"end":{"line":40,"column":4}},{"start":{"line":40,"column":4},"end":{"line":40,"column":4}}]},"8":{"line":40,"type":"binary-expr","locations":[{"start":{"line":40,"column":8},"end":{"line":40,"column":19}},{"start":{"line":40,"column":23},"end":{"line":40,"column":37}},{"start":{"line":40,"column":41},"end":{"line":40,"column":54}}]}}},"/Users/ivan/code/WatchMen/config/notifications/services/aws-ses.js":{"path":"/Users/ivan/code/WatchMen/config/notifications/services/aws-ses.js","s":{"1":1,"2":1},"b":{},"f":{"1":1},"fnMap":{"1":{"name":"(anonymous_1)","line":1,"loc":{"start":{"line":1,"column":18},"end":{"line":1,"column":28}}}},"statementMap":{"1":{"start":{"line":1,"column":0},"end":{"line":8,"column":5}},"2":{"start":{"line":2,"column":4},"end":{"line":7,"column":6}}},"branchMap":{}},"/Users/ivan/code/WatchMen/lib/notifications/services/postmark/postmark.js":{"path":"/Users/ivan/code/WatchMen/lib/notifications/services/postmark/postmark.js","s":{"1":1,"2":1,"3":1,"4":1,"5":6,"6":1,"7":0,"8":1,"9":6,"10":6,"11":1,"12":5,"13":1,"14":1,"15":6,"16":6,"17":2,"18":4,"19":3,"20":1,"21":1,"22":0,"23":0,"24":0},"b":{"1":[6,0],"2":[1,5],"3":[1,4],"4":[2,4],"5":[3,1],"6":[4,3,2],"7":[1,0]},"f":{"1":6,"2":0,"3":6,"4":6},"fnMap":{"1":{"name":"Postmark","line":6,"loc":{"start":{"line":6,"column":0},"end":{"line":6,"column":26}}},"2":{"name":"(anonymous_2)","line":10,"loc":{"start":{"line":10,"column":29},"end":{"line":10,"column":40}}},"3":{"name":"(anonymous_3)","line":14,"loc":{"start":{"line":14,"column":40},"end":{"line":14,"column":51}}},"4":{"name":"(anonymous_4)","line":32,"loc":{"start":{"line":32,"column":26},"end":{"line":32,"column":49}}}},"statementMap":{"1":{"start":{"line":1,"column":0},"end":{"line":1,"column":82}},"2":{"start":{"line":2,"column":0},"end":{"line":2,"column":35}},"3":{"start":{"line":4,"column":0},"end":{"line":4,"column":36}},"4":{"start":{"line":6,"column":0},"end":{"line":8,"column":1}},"5":{"start":{"line":7,"column":2},"end":{"line":7,"column":40}},"6":{"start":{"line":10,"column":0},"end":{"line":12,"column":2}},"7":{"start":{"line":11,"column":2},"end":{"line":11,"column":20}},"8":{"start":{"line":14,"column":0},"end":{"line":22,"column":2}},"9":{"start":{"line":15,"column":2},"end":{"line":15,"column":130}},"10":{"start":{"line":17,"column":2},"end":{"line":18,"column":27}},"11":{"start":{"line":18,"column":4},"end":{"line":18,"column":27}},"12":{"start":{"line":20,"column":2},"end":{"line":21,"column":30}},"13":{"start":{"line":21,"column":4},"end":{"line":21,"column":30}},"14":{"start":{"line":32,"column":0},"end":{"line":57,"column":1}},"15":{"start":{"line":34,"column":2},"end":{"line":34,"column":41}},"16":{"start":{"line":35,"column":2},"end":{"line":37,"column":3}},"17":{"start":{"line":36,"column":4},"end":{"line":36,"column":22}},"18":{"start":{"line":39,"column":2},"end":{"line":41,"column":3}},"19":{"start":{"line":40,"column":4},"end":{"line":40,"column":50}},"20":{"start":{"line":43,"column":2},"end":{"line":45,"column":3}},"21":{"start":{"line":44,"column":4},"end":{"line":44,"column":44}},"22":{"start":{"line":47,"column":2},"end":{"line":47,"column":56}},"23":{"start":{"line":49,"column":2},"end":{"line":54,"column":4}},"24":{"start":{"line":56,"column":2},"end":{"line":56,"column":32}}},"branchMap":{"1":{"line":7,"type":"binary-expr","locations":[{"start":{"line":7,"column":16},"end":{"line":7,"column":22}},{"start":{"line":7,"column":26},"end":{"line":7,"column":39}}]},"2":{"line":17,"type":"if","locations":[{"start":{"line":17,"column":2},"end":{"line":17,"column":2}},{"start":{"line":17,"column":2},"end":{"line":17,"column":2}}]},"3":{"line":20,"type":"if","locations":[{"start":{"line":20,"column":2},"end":{"line":20,"column":2}},{"start":{"line":20,"column":2},"end":{"line":20,"column":2}}]},"4":{"line":35,"type":"if","locations":[{"start":{"line":35,"column":2},"end":{"line":35,"column":2}},{"start":{"line":35,"column":2},"end":{"line":35,"column":2}}]},"5":{"line":39,"type":"if","locations":[{"start":{"line":39,"column":2},"end":{"line":39,"column":2}},{"start":{"line":39,"column":2},"end":{"line":39,"column":2}}]},"6":{"line":39,"type":"binary-expr","locations":[{"start":{"line":39,"column":6},"end":{"line":39,"column":17}},{"start":{"line":39,"column":21},"end":{"line":39,"column":35}},{"start":{"line":39,"column":39},"end":{"line":39,"column":52}}]},"7":{"line":43,"type":"if","locations":[{"start":{"line":43,"column":2},"end":{"line":43,"column":2}},{"start":{"line":43,"column":2},"end":{"line":43,"column":2}}]}}},"/Users/ivan/code/WatchMen/config/notifications/services/postmark.js":{"path":"/Users/ivan/code/WatchMen/config/notifications/services/postmark.js","s":{"1":1,"2":1},"b":{},"f":{"1":1},"fnMap":{"1":{"name":"(anonymous_1)","line":1,"loc":{"start":{"line":1,"column":18},"end":{"line":1,"column":28}}}},"statementMap":{"1":{"start":{"line":1,"column":0},"end":{"line":6,"column":5}},"2":{"start":{"line":2,"column":4},"end":{"line":5,"column":6}}},"branchMap":{}},"/Users/ivan/code/WatchMen/lib/notifications/notifications.js":{"path":"/Users/ivan/code/WatchMen/lib/notifications/notifications.js","s":{"1":1,"2":1,"3":1,"4":1,"5":1,"6":1,"7":1,"8":1,"9":4,"10":1,"11":0,"12":1,"13":1,"14":1,"15":1,"16":1,"17":1,"18":1,"19":1,"20":1,"21":0,"22":0,"23":0,"24":0,"25":1,"26":3,"27":6,"28":1,"29":1,"30":1,"31":1,"32":0,"33":0,"34":1,"35":1,"36":1,"37":0,"38":1,"39":0,"40":0,"41":0,"42":1,"43":3,"44":4,"45":4,"46":4},"b":{"1":[4,0],"2":[0,0],"3":[1,0],"4":[1,0],"5":[1,0],"6":[0,0],"7":[0,1],"8":[0,0],"9":[1,0],"10":[0,0],"11":[0,0]},"f":{"1":4,"2":0,"3":1,"4":1,"5":0,"6":3,"7":6,"8":1,"9":0,"10":1,"11":0,"12":0,"13":3,"14":4},"fnMap":{"1":{"name":"NotificationService","line":15,"loc":{"start":{"line":15,"column":0},"end":{"line":15,"column":37}}},"2":{"name":"(anonymous_2)","line":26,"loc":{"start":{"line":26,"column":53},"end":{"line":26,"column":80}}},"3":{"name":"(anonymous_3)","line":40,"loc":{"start":{"line":40,"column":53},"end":{"line":40,"column":75}}},"4":{"name":"(anonymous_4)","line":56,"loc":{"start":{"line":56,"column":38},"end":{"line":56,"column":59}}},"5":{"name":"send","line":68,"loc":{"start":{"line":68,"column":4},"end":{"line":68,"column":36}}},"6":{"name":"(anonymous_6)","line":84,"loc":{"start":{"line":84,"column":51},"end":{"line":84,"column":62}}},"7":{"name":"(anonymous_7)","line":85,"loc":{"start":{"line":85,"column":61},"end":{"line":85,"column":86}}},"8":{"name":"(anonymous_8)","line":97,"loc":{"start":{"line":97,"column":47},"end":{"line":97,"column":66}}},"9":{"name":"consoleOutputHandler","line":108,"loc":{"start":{"line":108,"column":0},"end":{"line":108,"column":35}}},"10":{"name":"validConfig","line":120,"loc":{"start":{"line":120,"column":0},"end":{"line":120,"column":29}}},"11":{"name":"appendToFile","line":134,"loc":{"start":{"line":134,"column":0},"end":{"line":134,"column":38}}},"12":{"name":"(anonymous_12)","line":135,"loc":{"start":{"line":135,"column":35},"end":{"line":135,"column":50}}},"13":{"name":"getServicesFromConfig","line":142,"loc":{"start":{"line":142,"column":0},"end":{"line":142,"column":47}}},"14":{"name":"(anonymous_14)","line":143,"loc":{"start":{"line":143,"column":30},"end":{"line":143,"column":53}}}},"statementMap":{"1":{"start":{"line":1,"column":0},"end":{"line":1,"column":72}},"2":{"start":{"line":2,"column":0},"end":{"line":2,"column":29}},"3":{"start":{"line":3,"column":0},"end":{"line":3,"column":23}},"4":{"start":{"line":4,"column":0},"end":{"line":4,"column":31}},"5":{"start":{"line":5,"column":0},"end":{"line":5,"column":26}},"6":{"start":{"line":11,"column":0},"end":{"line":11,"column":40}},"7":{"start":{"line":13,"column":0},"end":{"line":13,"column":47}},"8":{"start":{"line":15,"column":0},"end":{"line":17,"column":1}},"9":{"start":{"line":16,"column":4},"end":{"line":16,"column":42}},"10":{"start":{"line":26,"column":0},"end":{"line":32,"column":2}},"11":{"start":{"line":27,"column":4},"end":{"line":31,"column":35}},"12":{"start":{"line":40,"column":0},"end":{"line":46,"column":2}},"13":{"start":{"line":41,"column":4},"end":{"line":45,"column":35}},"14":{"start":{"line":56,"column":0},"end":{"line":77,"column":1}},"15":{"start":{"line":58,"column":4},"end":{"line":58,"column":36}},"16":{"start":{"line":60,"column":4},"end":{"line":60,"column":29}},"17":{"start":{"line":62,"column":4},"end":{"line":62,"column":30}},"18":{"start":{"line":64,"column":4},"end":{"line":66,"column":5}},"19":{"start":{"line":65,"column":8},"end":{"line":65,"column":66}},"20":{"start":{"line":68,"column":4},"end":{"line":74,"column":5}},"21":{"start":{"line":69,"column":8},"end":{"line":69,"column":40}},"22":{"start":{"line":70,"column":8},"end":{"line":73,"column":9}},"23":{"start":{"line":71,"column":12},"end":{"line":72,"column":67}},"24":{"start":{"line":76,"column":4},"end":{"line":76,"column":73}},"25":{"start":{"line":84,"column":0},"end":{"line":88,"column":2}},"26":{"start":{"line":85,"column":4},"end":{"line":87,"column":8}},"27":{"start":{"line":86,"column":8},"end":{"line":86,"column":37}},"28":{"start":{"line":97,"column":0},"end":{"line":100,"column":2}},"29":{"start":{"line":98,"column":4},"end":{"line":98,"column":96}},"30":{"start":{"line":99,"column":4},"end":{"line":99,"column":52}},"31":{"start":{"line":108,"column":0},"end":{"line":112,"column":1}},"32":{"start":{"line":109,"column":4},"end":{"line":111,"column":5}},"33":{"start":{"line":110,"column":8},"end":{"line":110,"column":31}},"34":{"start":{"line":120,"column":0},"end":{"line":125,"column":1}},"35":{"start":{"line":121,"column":4},"end":{"line":123,"column":5}},"36":{"start":{"line":122,"column":8},"end":{"line":122,"column":47}},"37":{"start":{"line":124,"column":4},"end":{"line":124,"column":16}},"38":{"start":{"line":134,"column":0},"end":{"line":140,"column":1}},"39":{"start":{"line":135,"column":4},"end":{"line":139,"column":7}},"40":{"start":{"line":136,"column":8},"end":{"line":138,"column":9}},"41":{"start":{"line":137,"column":12},"end":{"line":137,"column":31}},"42":{"start":{"line":142,"column":0},"end":{"line":148,"column":1}},"43":{"start":{"line":143,"column":4},"end":{"line":147,"column":7}},"44":{"start":{"line":144,"column":8},"end":{"line":144,"column":57}},"45":{"start":{"line":145,"column":8},"end":{"line":145,"column":52}},"46":{"start":{"line":146,"column":8},"end":{"line":146,"column":43}}},"branchMap":{"1":{"line":16,"type":"binary-expr","locations":[{"start":{"line":16,"column":18},"end":{"line":16,"column":24}},{"start":{"line":16,"column":28},"end":{"line":16,"column":41}}]},"2":{"line":31,"type":"binary-expr","locations":[{"start":{"line":31,"column":7},"end":{"line":31,"column":9}},{"start":{"line":31,"column":13},"end":{"line":31,"column":33}}]},"3":{"line":45,"type":"binary-expr","locations":[{"start":{"line":45,"column":7},"end":{"line":45,"column":9}},{"start":{"line":45,"column":13},"end":{"line":45,"column":33}}]},"4":{"line":58,"type":"binary-expr","locations":[{"start":{"line":58,"column":9},"end":{"line":58,"column":11}},{"start":{"line":58,"column":15},"end":{"line":58,"column":35}}]},"5":{"line":64,"type":"if","locations":[{"start":{"line":64,"column":4},"end":{"line":64,"column":4}},{"start":{"line":64,"column":4},"end":{"line":64,"column":4}}]},"6":{"line":70,"type":"if","locations":[{"start":{"line":70,"column":8},"end":{"line":70,"column":8}},{"start":{"line":70,"column":8},"end":{"line":70,"column":8}}]},"7":{"line":98,"type":"cond-expr","locations":[{"start":{"line":98,"column":53},"end":{"line":98,"column":89}},{"start":{"line":98,"column":92},"end":{"line":98,"column":94}}]},"8":{"line":109,"type":"if","locations":[{"start":{"line":109,"column":4},"end":{"line":109,"column":4}},{"start":{"line":109,"column":4},"end":{"line":109,"column":4}}]},"9":{"line":121,"type":"if","locations":[{"start":{"line":121,"column":4},"end":{"line":121,"column":4}},{"start":{"line":121,"column":4},"end":{"line":121,"column":4}}]},"10":{"line":135,"type":"binary-expr","locations":[{"start":{"line":135,"column":29},"end":{"line":135,"column":31}},{"start":{"line":135,"column":35},"end":{"line":139,"column":5}}]},"11":{"line":136,"type":"if","locations":[{"start":{"line":136,"column":8},"end":{"line":136,"column":8}},{"start":{"line":136,"column":8},"end":{"line":136,"column":8}}]}}},"/Users/ivan/code/WatchMen/config/notifications/notifications.js":{"path":"/Users/ivan/code/WatchMen/config/notifications/notifications.js","s":{"1":1,"2":1},"b":{},"f":{"1":1},"fnMap":{"1":{"name":"(anonymous_1)","line":1,"loc":{"start":{"line":1,"column":28},"end":{"line":1,"column":38}}}},"statementMap":{"1":{"start":{"line":1,"column":0},"end":{"line":37,"column":5}},"2":{"start":{"line":7,"column":4},"end":{"line":36,"column":5}}},"branchMap":{}},"/Users/ivan/code/WatchMen/lib/watchmen.js":{"path":"/Users/ivan/code/WatchMen/lib/watchmen.js","s":{"1":1,"2":1,"3":1,"4":4,"5":4,"6":4,"7":1,"8":1,"9":13,"10":13,"11":13,"12":13,"13":13,"14":0,"15":1,"16":12,"17":12,"18":13,"19":13,"20":13,"21":13,"22":13,"23":5,"24":5,"25":5,"26":5,"27":5,"28":5,"29":5,"30":5,"31":5,"32":5,"33":8,"34":8,"35":8,"36":8,"37":8,"38":8,"39":8,"40":8,"41":3,"42":3,"43":3,"44":3,"45":8,"46":4,"47":4,"48":4,"49":4,"50":4,"51":4,"52":4,"53":13,"54":13,"55":1,"56":0,"57":0,"58":1,"59":0,"60":0,"61":0,"62":0,"63":0,"64":0,"65":0,"66":1,"67":0,"68":0,"69":1,"70":0,"71":0,"72":1,"73":13,"74":1,"75":13,"76":13,"77":13,"78":4,"79":13},"b":{"1":[13,10],"2":[0,13],"3":[13,8],"4":[5,8],"5":[5,0],"6":[5,5],"7":[8,0],"8":[8,7],"9":[3,5],"10":[8,8],"11":[3,3],"12":[4,4],"13":[4,4],"14":[0,0],"15":[0,0],"16":[13,8],"17":[13,13],"18":[13,12],"19":[13,12],"20":[13,12],"21":[13,12],"22":[13,8],"23":[13,12],"24":[4,9],"25":[13,12]},"f":{"1":4,"2":13,"3":13,"4":13,"5":12,"6":13,"7":0,"8":0,"9":0,"10":0,"11":0,"12":0,"13":0,"14":13,"15":13},"fnMap":{"1":{"name":"WatchMen","line":13,"loc":{"start":{"line":13,"column":0},"end":{"line":13,"column":45}}},"2":{"name":"(anonymous_2)","line":27,"loc":{"start":{"line":27,"column":26},"end":{"line":27,"column":53}}},"3":{"name":"(anonymous_3)","line":33,"loc":{"start":{"line":33,"column":52},"end":{"line":33,"column":97}}},"4":{"name":"(anonymous_4)","line":35,"loc":{"start":{"line":35,"column":45},"end":{"line":35,"column":72}}},"5":{"name":"add_event","line":38,"loc":{"start":{"line":38,"column":6},"end":{"line":38,"column":44}}},"6":{"name":"(anonymous_6)","line":104,"loc":{"start":{"line":104,"column":56},"end":{"line":104,"column":71}}},"7":{"name":"(anonymous_7)","line":116,"loc":{"start":{"line":116,"column":27},"end":{"line":116,"column":38}}},"8":{"name":"launch","line":120,"loc":{"start":{"line":120,"column":2},"end":{"line":120,"column":27}}},"9":{"name":"(anonymous_9)","line":121,"loc":{"start":{"line":121,"column":33},"end":{"line":121,"column":54}}},"10":{"name":"(anonymous_10)","line":130,"loc":{"start":{"line":130,"column":36},"end":{"line":130,"column":53}}},"11":{"name":"(anonymous_11)","line":139,"loc":{"start":{"line":139,"column":26},"end":{"line":139,"column":37}}},"12":{"name":"(anonymous_12)","line":149,"loc":{"start":{"line":149,"column":40},"end":{"line":149,"column":51}}},"13":{"name":"(anonymous_13)","line":150,"loc":{"start":{"line":150,"column":30},"end":{"line":150,"column":47}}},"14":{"name":"getNewState","line":155,"loc":{"start":{"line":155,"column":0},"end":{"line":155,"column":58}}},"15":{"name":"calculateUptime","line":178,"loc":{"start":{"line":178,"column":0},"end":{"line":178,"column":43}}}},"statementMap":{"1":{"start":{"line":1,"column":0},"end":{"line":1,"column":31}},"2":{"start":{"line":3,"column":0},"end":{"line":3,"column":36}},"3":{"start":{"line":13,"column":0},"end":{"line":17,"column":1}},"4":{"start":{"line":14,"column":2},"end":{"line":14,"column":25}},"5":{"start":{"line":15,"column":2},"end":{"line":15,"column":27}},"6":{"start":{"line":16,"column":2},"end":{"line":16,"column":25}},"7":{"start":{"line":19,"column":0},"end":{"line":19,"column":56}},"8":{"start":{"line":27,"column":0},"end":{"line":110,"column":3}},"9":{"start":{"line":29,"column":2},"end":{"line":29,"column":18}},"10":{"start":{"line":31,"column":2},"end":{"line":31,"column":50}},"11":{"start":{"line":33,"column":2},"end":{"line":109,"column":5}},"12":{"start":{"line":35,"column":4},"end":{"line":108,"column":7}},"13":{"start":{"line":36,"column":6},"end":{"line":36,"column":39}},"14":{"start":{"line":36,"column":17},"end":{"line":36,"column":38}},"15":{"start":{"line":38,"column":6},"end":{"line":41,"column":7}},"16":{"start":{"line":39,"column":8},"end":{"line":39,"column":81}},"17":{"start":{"line":40,"column":8},"end":{"line":40,"column":33}},"18":{"start":{"line":43,"column":6},"end":{"line":43,"column":36}},"19":{"start":{"line":44,"column":6},"end":{"line":44,"column":35}},"20":{"start":{"line":46,"column":6},"end":{"line":46,"column":67}},"21":{"start":{"line":48,"column":6},"end":{"line":48,"column":55}},"22":{"start":{"line":50,"column":6},"end":{"line":102,"column":7}},"23":{"start":{"line":52,"column":8},"end":{"line":52,"column":31}},"24":{"start":{"line":53,"column":8},"end":{"line":53,"column":28}},"25":{"start":{"line":54,"column":8},"end":{"line":54,"column":70}},"26":{"start":{"line":57,"column":8},"end":{"line":65,"column":9}},"27":{"start":{"line":58,"column":10},"end":{"line":58,"column":32}},"28":{"start":{"line":59,"column":10},"end":{"line":59,"column":43}},"29":{"start":{"line":60,"column":10},"end":{"line":60,"column":70}},"30":{"start":{"line":61,"column":10},"end":{"line":61,"column":40}},"31":{"start":{"line":63,"column":10},"end":{"line":63,"column":54}},"32":{"start":{"line":64,"column":10},"end":{"line":64,"column":60}},"33":{"start":{"line":68,"column":8},"end":{"line":68,"column":33}},"34":{"start":{"line":69,"column":8},"end":{"line":69,"column":63}},"35":{"start":{"line":70,"column":8},"end":{"line":70,"column":53}},"36":{"start":{"line":72,"column":8},"end":{"line":75,"column":10}},"37":{"start":{"line":77,"column":8},"end":{"line":77,"column":35}},"38":{"start":{"line":79,"column":8},"end":{"line":79,"column":34}},"39":{"start":{"line":82,"column":8},"end":{"line":82,"column":62}},"40":{"start":{"line":83,"column":8},"end":{"line":88,"column":9}},"41":{"start":{"line":84,"column":10},"end":{"line":84,"column":41}},"42":{"start":{"line":85,"column":10},"end":{"line":85,"column":72}},"43":{"start":{"line":86,"column":10},"end":{"line":86,"column":110}},"44":{"start":{"line":87,"column":10},"end":{"line":87,"column":62}},"45":{"start":{"line":91,"column":8},"end":{"line":101,"column":9}},"46":{"start":{"line":92,"column":10},"end":{"line":92,"column":100}},"47":{"start":{"line":93,"column":10},"end":{"line":93,"column":104}},"48":{"start":{"line":94,"column":10},"end":{"line":94,"column":38}},"49":{"start":{"line":95,"column":10},"end":{"line":95,"column":118}},"50":{"start":{"line":96,"column":10},"end":{"line":96,"column":59}},"51":{"start":{"line":99,"column":10},"end":{"line":99,"column":46}},"52":{"start":{"line":100,"column":10},"end":{"line":100,"column":57}},"53":{"start":{"line":104,"column":6},"end":{"line":106,"column":9}},"54":{"start":{"line":105,"column":8},"end":{"line":105,"column":29}},"55":{"start":{"line":116,"column":0},"end":{"line":133,"column":2}},"56":{"start":{"line":117,"column":2},"end":{"line":117,"column":18}},"57":{"start":{"line":118,"column":2},"end":{"line":118,"column":25}},"58":{"start":{"line":120,"column":2},"end":{"line":128,"column":3}},"59":{"start":{"line":121,"column":3},"end":{"line":127,"column":6}},"60":{"start":{"line":122,"column":4},"end":{"line":122,"column":36}},"61":{"start":{"line":122,"column":14},"end":{"line":122,"column":34}},"62":{"start":{"line":124,"column":4},"end":{"line":126,"column":5}},"63":{"start":{"line":125,"column":5},"end":{"line":125,"column":79}},"64":{"start":{"line":130,"column":2},"end":{"line":132,"column":5}},"65":{"start":{"line":131,"column":3},"end":{"line":131,"column":19}},"66":{"start":{"line":139,"column":0},"end":{"line":142,"column":2}},"67":{"start":{"line":140,"column":1},"end":{"line":140,"column":24}},"68":{"start":{"line":141,"column":1},"end":{"line":141,"column":37}},"69":{"start":{"line":149,"column":0},"end":{"line":153,"column":2}},"70":{"start":{"line":150,"column":2},"end":{"line":152,"column":5}},"71":{"start":{"line":151,"column":4},"end":{"line":151,"column":37}},"72":{"start":{"line":155,"column":0},"end":{"line":176,"column":1}},"73":{"start":{"line":156,"column":2},"end":{"line":175,"column":4}},"74":{"start":{"line":178,"column":0},"end":{"line":185,"column":1}},"75":{"start":{"line":179,"column":2},"end":{"line":179,"column":57}},"76":{"start":{"line":180,"column":2},"end":{"line":180,"column":42}},"77":{"start":{"line":181,"column":2},"end":{"line":183,"column":3}},"78":{"start":{"line":182,"column":4},"end":{"line":182,"column":58}},"79":{"start":{"line":184,"column":2},"end":{"line":184,"column":77}}},"branchMap":{"1":{"line":31,"type":"binary-expr","locations":[{"start":{"line":31,"column":18},"end":{"line":31,"column":34}},{"start":{"line":31,"column":38},"end":{"line":31,"column":49}}]},"2":{"line":36,"type":"if","locations":[{"start":{"line":36,"column":6},"end":{"line":36,"column":6}},{"start":{"line":36,"column":6},"end":{"line":36,"column":6}}]},"3":{"line":43,"type":"binary-expr","locations":[{"start":{"line":43,"column":19},"end":{"line":43,"column":29}},{"start":{"line":43,"column":33},"end":{"line":43,"column":35}}]},"4":{"line":50,"type":"if","locations":[{"start":{"line":50,"column":6},"end":{"line":50,"column":6}},{"start":{"line":50,"column":6},"end":{"line":50,"column":6}}]},"5":{"line":57,"type":"if","locations":[{"start":{"line":57,"column":8},"end":{"line":57,"column":8}},{"start":{"line":57,"column":8},"end":{"line":57,"column":8}}]},"6":{"line":60,"type":"binary-expr","locations":[{"start":{"line":60,"column":27},"end":{"line":60,"column":59}},{"start":{"line":60,"column":63},"end":{"line":60,"column":64}}]},"7":{"line":70,"type":"binary-expr","locations":[{"start":{"line":70,"column":25},"end":{"line":70,"column":39}},{"start":{"line":70,"column":43},"end":{"line":70,"column":52}}]},"8":{"line":74,"type":"binary-expr","locations":[{"start":{"line":74,"column":22},"end":{"line":74,"column":46}},{"start":{"line":74,"column":50},"end":{"line":74,"column":51}}]},"9":{"line":83,"type":"if","locations":[{"start":{"line":83,"column":8},"end":{"line":83,"column":8}},{"start":{"line":83,"column":8},"end":{"line":83,"column":8}}]},"10":{"line":83,"type":"binary-expr","locations":[{"start":{"line":83,"column":12},"end":{"line":83,"column":17}},{"start":{"line":83,"column":22},"end":{"line":83,"column":42}}]},"11":{"line":85,"type":"binary-expr","locations":[{"start":{"line":85,"column":28},"end":{"line":85,"column":61}},{"start":{"line":85,"column":65},"end":{"line":85,"column":66}}]},"12":{"line":91,"type":"if","locations":[{"start":{"line":91,"column":8},"end":{"line":91,"column":8}},{"start":{"line":91,"column":8},"end":{"line":91,"column":8}}]},"13":{"line":93,"type":"binary-expr","locations":[{"start":{"line":93,"column":33},"end":{"line":93,"column":66}},{"start":{"line":93,"column":70},"end":{"line":93,"column":71}}]},"14":{"line":122,"type":"if","locations":[{"start":{"line":122,"column":4},"end":{"line":122,"column":4}},{"start":{"line":122,"column":4},"end":{"line":122,"column":4}}]},"15":{"line":124,"type":"if","locations":[{"start":{"line":124,"column":4},"end":{"line":124,"column":4}},{"start":{"line":124,"column":4},"end":{"line":124,"column":4}}]},"16":{"line":162,"type":"binary-expr","locations":[{"start":{"line":162,"column":14},"end":{"line":162,"column":32}},{"start":{"line":162,"column":36},"end":{"line":162,"column":37}}]},"17":{"line":163,"type":"binary-expr","locations":[{"start":{"line":163,"column":14},"end":{"line":163,"column":33}},{"start":{"line":163,"column":37},"end":{"line":163,"column":38}}]},"18":{"line":168,"type":"binary-expr","locations":[{"start":{"line":168,"column":20},"end":{"line":168,"column":44}},{"start":{"line":168,"column":48},"end":{"line":168,"column":49}}]},"19":{"line":170,"type":"binary-expr","locations":[{"start":{"line":170,"column":14},"end":{"line":170,"column":33}},{"start":{"line":170,"column":37},"end":{"line":170,"column":46}}]},"20":{"line":172,"type":"binary-expr","locations":[{"start":{"line":172,"column":23},"end":{"line":172,"column":51}},{"start":{"line":172,"column":55},"end":{"line":172,"column":56}}]},"21":{"line":173,"type":"binary-expr","locations":[{"start":{"line":173,"column":25},"end":{"line":173,"column":54}},{"start":{"line":173,"column":58},"end":{"line":173,"column":59}}]},"22":{"line":174,"type":"binary-expr","locations":[{"start":{"line":174,"column":19},"end":{"line":174,"column":43}},{"start":{"line":174,"column":47},"end":{"line":174,"column":56}}]},"23":{"line":180,"type":"binary-expr","locations":[{"start":{"line":180,"column":17},"end":{"line":180,"column":36}},{"start":{"line":180,"column":40},"end":{"line":180,"column":41}}]},"24":{"line":181,"type":"if","locations":[{"start":{"line":181,"column":2},"end":{"line":181,"column":2}},{"start":{"line":181,"column":2},"end":{"line":181,"column":2}}]},"25":{"line":184,"type":"binary-expr","locations":[{"start":{"line":184,"column":10},"end":{"line":184,"column":70}},{"start":{"line":184,"column":75},"end":{"line":184,"column":76}}]}}},"/Users/ivan/code/WatchMen/lib/storage/base.js":{"path":"/Users/ivan/code/WatchMen/lib/storage/base.js","s":{"1":1,"2":1,"3":67,"4":1,"5":0,"6":1,"7":3,"8":1,"9":0,"10":1,"11":0,"12":1,"13":1},"b":{},"f":{"1":0,"2":67,"3":0,"4":3,"5":0,"6":0,"7":0},"fnMap":{"1":{"name":"StorageBase","line":1,"loc":{"start":{"line":1,"column":0},"end":{"line":1,"column":23}}},"2":{"name":"(anonymous_2)","line":3,"loc":{"start":{"line":3,"column":33},"end":{"line":3,"column":61}}},"3":{"name":"(anonymous_3)","line":7,"loc":{"start":{"line":7,"column":35},"end":{"line":7,"column":63}}},"4":{"name":"(anonymous_4)","line":11,"loc":{"start":{"line":11,"column":38},"end":{"line":11,"column":74}}},"5":{"name":"(anonymous_5)","line":18,"loc":{"start":{"line":18,"column":35},"end":{"line":18,"column":54}}},"6":{"name":"(anonymous_6)","line":22,"loc":{"start":{"line":22,"column":35},"end":{"line":22,"column":63}}},"7":{"name":"(anonymous_7)","line":26,"loc":{"start":{"line":26,"column":29},"end":{"line":26,"column":48}}}},"statementMap":{"1":{"start":{"line":1,"column":0},"end":{"line":1,"column":26}},"2":{"start":{"line":3,"column":0},"end":{"line":5,"column":2}},"3":{"start":{"line":4,"column":2},"end":{"line":4,"column":61}},"4":{"start":{"line":7,"column":0},"end":{"line":9,"column":2}},"5":{"start":{"line":8,"column":2},"end":{"line":8,"column":23}},"6":{"start":{"line":11,"column":0},"end":{"line":13,"column":2}},"7":{"start":{"line":12,"column":2},"end":{"line":12,"column":17}},"8":{"start":{"line":18,"column":0},"end":{"line":20,"column":2}},"9":{"start":{"line":19,"column":2},"end":{"line":19,"column":23}},"10":{"start":{"line":22,"column":0},"end":{"line":24,"column":2}},"11":{"start":{"line":23,"column":2},"end":{"line":23,"column":23}},"12":{"start":{"line":26,"column":0},"end":{"line":28,"column":2}},"13":{"start":{"line":30,"column":0},"end":{"line":30,"column":29}}},"branchMap":{}},"/Users/ivan/code/WatchMen/lib/services.js":{"path":"/Users/ivan/code/WatchMen/lib/services.js","s":{"1":1,"2":1,"3":1,"4":1,"5":11,"6":10,"7":1,"8":1,"9":15,"10":15,"11":18,"12":18,"13":18,"14":18,"15":18,"16":18,"17":18,"18":18,"19":18,"20":18,"21":18,"22":18,"23":18,"24":0,"25":18,"26":17,"27":18,"28":1},"b":{"1":[10,1],"2":[15,14],"3":[18,18],"4":[18,18,18],"5":[18,17,0],"6":[18,17,0],"7":[18,18,11],"8":[18,18,0],"9":[18,0],"10":[0,18],"11":[17,1]},"f":{"1":11,"2":15,"3":18},"fnMap":{"1":{"name":"(anonymous_1)","line":11,"loc":{"start":{"line":11,"column":31},"end":{"line":11,"column":44}}},"2":{"name":"(anonymous_2)","line":22,"loc":{"start":{"line":22,"column":17},"end":{"line":22,"column":31}}},"3":{"name":"(anonymous_3)","line":26,"loc":{"start":{"line":26,"column":26},"end":{"line":26,"column":43}}}},"statementMap":{"1":{"start":{"line":1,"column":0},"end":{"line":1,"column":39}},"2":{"start":{"line":2,"column":0},"end":{"line":2,"column":42}},"3":{"start":{"line":4,"column":0},"end":{"line":4,"column":20}},"4":{"start":{"line":11,"column":0},"end":{"line":64,"column":2}},"5":{"start":{"line":16,"column":2},"end":{"line":18,"column":3}},"6":{"start":{"line":17,"column":4},"end":{"line":17,"column":30}},"7":{"start":{"line":20,"column":2},"end":{"line":20,"column":16}},"8":{"start":{"line":22,"column":2},"end":{"line":61,"column":5}},"9":{"start":{"line":24,"column":4},"end":{"line":24,"column":44}},"10":{"start":{"line":26,"column":4},"end":{"line":60,"column":7}},"11":{"start":{"line":27,"column":6},"end":{"line":27,"column":26}},"12":{"start":{"line":28,"column":6},"end":{"line":28,"column":35}},"13":{"start":{"line":31,"column":6},"end":{"line":31,"column":96}},"14":{"start":{"line":33,"column":6},"end":{"line":33,"column":113}},"15":{"start":{"line":35,"column":6},"end":{"line":35,"column":174}},"16":{"start":{"line":37,"column":6},"end":{"line":37,"column":80}},"17":{"start":{"line":39,"column":6},"end":{"line":39,"column":101}},"18":{"start":{"line":41,"column":6},"end":{"line":41,"column":65}},"19":{"start":{"line":43,"column":6},"end":{"line":43,"column":98}},"20":{"start":{"line":45,"column":6},"end":{"line":45,"column":85}},"21":{"start":{"line":47,"column":6},"end":{"line":49,"column":7}},"22":{"start":{"line":48,"column":8},"end":{"line":48,"column":39}},"23":{"start":{"line":51,"column":6},"end":{"line":53,"column":7}},"24":{"start":{"line":52,"column":8},"end":{"line":52,"column":31}},"25":{"start":{"line":55,"column":6},"end":{"line":57,"column":7}},"26":{"start":{"line":56,"column":8},"end":{"line":56,"column":49}},"27":{"start":{"line":59,"column":6},"end":{"line":59,"column":30}},"28":{"start":{"line":63,"column":2},"end":{"line":63,"column":21}}},"branchMap":{"1":{"line":16,"type":"if","locations":[{"start":{"line":16,"column":2},"end":{"line":16,"column":2}},{"start":{"line":16,"column":2},"end":{"line":16,"column":2}}]},"2":{"line":24,"type":"binary-expr","locations":[{"start":{"line":24,"column":20},"end":{"line":24,"column":33}},{"start":{"line":24,"column":37},"end":{"line":24,"column":43}}]},"3":{"line":33,"type":"binary-expr","locations":[{"start":{"line":33,"column":43},"end":{"line":33,"column":77}},{"start":{"line":33,"column":81},"end":{"line":33,"column":112}}]},"4":{"line":35,"type":"binary-expr","locations":[{"start":{"line":35,"column":49},"end":{"line":35,"column":89}},{"start":{"line":35,"column":93},"end":{"line":35,"column":130}},{"start":{"line":35,"column":134},"end":{"line":35,"column":173}}]},"5":{"line":37,"type":"binary-expr","locations":[{"start":{"line":37,"column":30},"end":{"line":37,"column":51}},{"start":{"line":37,"column":55},"end":{"line":37,"column":73}},{"start":{"line":37,"column":77},"end":{"line":37,"column":79}}]},"6":{"line":39,"type":"binary-expr","locations":[{"start":{"line":39,"column":37},"end":{"line":39,"column":65}},{"start":{"line":39,"column":69},"end":{"line":39,"column":94}},{"start":{"line":39,"column":98},"end":{"line":39,"column":100}}]},"7":{"line":41,"type":"binary-expr","locations":[{"start":{"line":41,"column":25},"end":{"line":41,"column":41}},{"start":{"line":41,"column":45},"end":{"line":41,"column":58}},{"start":{"line":41,"column":62},"end":{"line":41,"column":64}}]},"8":{"line":43,"type":"binary-expr","locations":[{"start":{"line":43,"column":35},"end":{"line":43,"column":60}},{"start":{"line":43,"column":64},"end":{"line":43,"column":86}},{"start":{"line":43,"column":90},"end":{"line":43,"column":96}}]},"9":{"line":47,"type":"if","locations":[{"start":{"line":47,"column":6},"end":{"line":47,"column":6}},{"start":{"line":47,"column":6},"end":{"line":47,"column":6}}]},"10":{"line":51,"type":"if","locations":[{"start":{"line":51,"column":6},"end":{"line":51,"column":6}},{"start":{"line":51,"column":6},"end":{"line":51,"column":6}}]},"11":{"line":55,"type":"if","locations":[{"start":{"line":55,"column":6},"end":{"line":55,"column":6}},{"start":{"line":55,"column":6},"end":{"line":55,"column":6}}]}}},"/Users/ivan/code/WatchMen/config/hosts.js":{"path":"/Users/ivan/code/WatchMen/config/hosts.js","s":{"1":1,"2":1},"b":{},"f":{},"fnMap":{},"statementMap":{"1":{"start":{"line":1,"column":0},"end":{"line":1,"column":18}},"2":{"start":{"line":8,"column":0},"end":{"line":321,"column":4}}},"branchMap":{}},"/Users/ivan/code/WatchMen/config/general.js":{"path":"/Users/ivan/code/WatchMen/config/general.js","s":{"1":1,"2":1,"3":1},"b":{},"f":{"1":1},"fnMap":{"1":{"name":"(anonymous_1)","line":1,"loc":{"start":{"line":1,"column":18},"end":{"line":1,"column":28}}}},"statementMap":{"1":{"start":{"line":1,"column":0},"end":{"line":9,"column":5}},"2":{"start":{"line":3,"column":2},"end":{"line":3,"column":37}},"3":{"start":{"line":5,"column":2},"end":{"line":7,"column":3}}},"branchMap":{}},"/Users/ivan/code/WatchMen/lib/ping_services/smtp.js":{"path":"/Users/ivan/code/WatchMen/lib/ping_services/smtp.js","s":{"1":1,"2":1,"3":2,"4":2,"5":2,"6":2,"7":2,"8":1,"9":1,"10":1,"11":2,"12":0,"13":2,"14":1,"15":1,"16":1,"17":2,"18":2,"19":0,"20":2,"21":1,"22":0,"23":0,"24":1},"b":{"1":[2,1],"2":[2,1],"3":[1,0],"4":[0,2],"5":[0,1]},"f":{"1":2,"2":1,"3":0,"4":1,"5":2,"6":1},"fnMap":{"1":{"name":"ping","line":3,"loc":{"start":{"line":3,"column":0},"end":{"line":3,"column":33}}},"2":{"name":"(anonymous_2)","line":11,"loc":{"start":{"line":11,"column":46},"end":{"line":11,"column":58}}},"3":{"name":"(anonymous_3)","line":18,"loc":{"start":{"line":18,"column":20},"end":{"line":18,"column":33}}},"4":{"name":"(anonymous_4)","line":22,"loc":{"start":{"line":22,"column":21},"end":{"line":22,"column":33}}},"5":{"name":"(anonymous_5)","line":29,"loc":{"start":{"line":29,"column":21},"end":{"line":29,"column":33}}},"6":{"name":"(anonymous_6)","line":35,"loc":{"start":{"line":35,"column":19},"end":{"line":35,"column":35}}}},"statementMap":{"1":{"start":{"line":1,"column":0},"end":{"line":1,"column":25}},"2":{"start":{"line":3,"column":0},"end":{"line":41,"column":1}},"3":{"start":{"line":5,"column":2},"end":{"line":5,"column":29}},"4":{"start":{"line":6,"column":2},"end":{"line":6,"column":41}},"5":{"start":{"line":7,"column":2},"end":{"line":7,"column":74}},"6":{"start":{"line":9,"column":2},"end":{"line":9,"column":31}},"7":{"start":{"line":11,"column":2},"end":{"line":15,"column":5}},"8":{"start":{"line":12,"column":4},"end":{"line":12,"column":28}},"9":{"start":{"line":13,"column":4},"end":{"line":13,"column":23}},"10":{"start":{"line":14,"column":4},"end":{"line":14,"column":79}},"11":{"start":{"line":18,"column":2},"end":{"line":20,"column":5}},"12":{"start":{"line":19,"column":4},"end":{"line":19,"column":23}},"13":{"start":{"line":22,"column":2},"end":{"line":27,"column":5}},"14":{"start":{"line":23,"column":4},"end":{"line":25,"column":5}},"15":{"start":{"line":24,"column":6},"end":{"line":24,"column":58}},"16":{"start":{"line":26,"column":4},"end":{"line":26,"column":28}},"17":{"start":{"line":29,"column":2},"end":{"line":33,"column":5}},"18":{"start":{"line":30,"column":4},"end":{"line":32,"column":5}},"19":{"start":{"line":31,"column":6},"end":{"line":31,"column":50}},"20":{"start":{"line":35,"column":2},"end":{"line":40,"column":5}},"21":{"start":{"line":36,"column":4},"end":{"line":39,"column":5}},"22":{"start":{"line":37,"column":6},"end":{"line":37,"column":46}},"23":{"start":{"line":38,"column":6},"end":{"line":38,"column":43}},"24":{"start":{"line":43,"column":0},"end":{"line":43,"column":27}}},"branchMap":{"1":{"line":6,"type":"binary-expr","locations":[{"start":{"line":6,"column":16},"end":{"line":6,"column":31}},{"start":{"line":6,"column":35},"end":{"line":6,"column":40}}]},"2":{"line":11,"type":"binary-expr","locations":[{"start":{"line":11,"column":20},"end":{"line":11,"column":35}},{"start":{"line":11,"column":39},"end":{"line":11,"column":44}}]},"3":{"line":23,"type":"if","locations":[{"start":{"line":23,"column":4},"end":{"line":23,"column":4}},{"start":{"line":23,"column":4},"end":{"line":23,"column":4}}]},"4":{"line":30,"type":"if","locations":[{"start":{"line":30,"column":4},"end":{"line":30,"column":4}},{"start":{"line":30,"column":4},"end":{"line":30,"column":4}}]},"5":{"line":36,"type":"if","locations":[{"start":{"line":36,"column":4},"end":{"line":36,"column":4}},{"start":{"line":36,"column":4},"end":{"line":36,"column":4}}]}}},"/Users/ivan/code/WatchMen/lib/storage/providers/redis.js":{"path":"/Users/ivan/code/WatchMen/lib/storage/providers/redis.js","s":{"1":1,"2":1,"3":1,"4":1,"5":1,"6":1,"7":1,"8":1,"9":11,"10":11,"11":1,"12":10,"13":10,"14":10,"15":10,"16":9,"17":9,"18":10,"19":10,"20":10,"21":10,"22":10,"23":10,"24":10,"25":1,"26":1,"27":1,"28":1,"29":18,"30":1,"31":1,"32":18,"33":1,"34":1,"35":9,"36":9,"37":9,"38":9,"39":9,"40":9,"41":9,"42":9,"43":9,"44":1,"45":8,"46":1,"47":0,"48":1},"b":{"1":[1,0],"2":[1,0],"3":[1,0],"4":[1,1],"5":[0,11],"6":[9,1],"7":[10,10],"8":[8,2],"9":[9,0]},"f":{"1":1,"2":11,"3":11,"4":10,"5":9,"6":10,"7":1,"8":1,"9":9,"10":9,"11":9,"12":8,"13":0},"fnMap":{"1":{"name":"StorageRedis","line":4,"loc":{"start":{"line":4,"column":0},"end":{"line":4,"column":30}}},"2":{"name":"(anonymous_2)","line":12,"loc":{"start":{"line":12,"column":36},"end":{"line":12,"column":64}}},"3":{"name":"(anonymous_3)","line":13,"loc":{"start":{"line":13,"column":41},"end":{"line":13,"column":60}}},"4":{"name":"(anonymous_4)","line":18,"loc":{"start":{"line":18,"column":39},"end":{"line":18,"column":75}}},"5":{"name":"(anonymous_5)","line":27,"loc":{"start":{"line":27,"column":26},"end":{"line":27,"column":38}}},"6":{"name":"(anonymous_6)","line":41,"loc":{"start":{"line":41,"column":13},"end":{"line":41,"column":36}}},"7":{"name":"(anonymous_7)","line":49,"loc":{"start":{"line":49,"column":36},"end":{"line":49,"column":65}}},"8":{"name":"(anonymous_8)","line":59,"loc":{"start":{"line":59,"column":13},"end":{"line":59,"column":36}}},"9":{"name":"(anonymous_9)","line":67,"loc":{"start":{"line":67,"column":36},"end":{"line":67,"column":64}}},"10":{"name":"(anonymous_10)","line":74,"loc":{"start":{"line":74,"column":13},"end":{"line":74,"column":36}}},"11":{"name":"(anonymous_11)","line":77,"loc":{"start":{"line":77,"column":43},"end":{"line":77,"column":55}}},"12":{"name":"(anonymous_12)","line":84,"loc":{"start":{"line":84,"column":40},"end":{"line":84,"column":59}}},"13":{"name":"(anonymous_13)","line":88,"loc":{"start":{"line":88,"column":30},"end":{"line":88,"column":49}}}},"statementMap":{"1":{"start":{"line":1,"column":0},"end":{"line":1,"column":28}},"2":{"start":{"line":2,"column":0},"end":{"line":2,"column":57}},"3":{"start":{"line":4,"column":0},"end":{"line":8,"column":1}},"4":{"start":{"line":5,"column":2},"end":{"line":5,"column":31}},"5":{"start":{"line":6,"column":2},"end":{"line":6,"column":106}},"6":{"start":{"line":7,"column":2},"end":{"line":7,"column":43}},"7":{"start":{"line":10,"column":0},"end":{"line":10,"column":49}},"8":{"start":{"line":12,"column":0},"end":{"line":16,"column":2}},"9":{"start":{"line":13,"column":2},"end":{"line":15,"column":5}},"10":{"start":{"line":14,"column":4},"end":{"line":14,"column":49}},"11":{"start":{"line":18,"column":0},"end":{"line":44,"column":2}},"12":{"start":{"line":20,"column":2},"end":{"line":20,"column":18}},"13":{"start":{"line":21,"column":2},"end":{"line":21,"column":33}},"14":{"start":{"line":23,"column":2},"end":{"line":23,"column":52}},"15":{"start":{"line":26,"column":2},"end":{"line":30,"column":3}},"16":{"start":{"line":27,"column":4},"end":{"line":29,"column":7}},"17":{"start":{"line":28,"column":6},"end":{"line":28,"column":66}},"18":{"start":{"line":33,"column":2},"end":{"line":33,"column":23}},"19":{"start":{"line":34,"column":2},"end":{"line":34,"column":60}},"20":{"start":{"line":37,"column":2},"end":{"line":37,"column":177}},"21":{"start":{"line":38,"column":2},"end":{"line":38,"column":79}},"22":{"start":{"line":39,"column":2},"end":{"line":39,"column":64}},"23":{"start":{"line":41,"column":2},"end":{"line":43,"column":5}},"24":{"start":{"line":42,"column":4},"end":{"line":42,"column":18}},"25":{"start":{"line":49,"column":0},"end":{"line":65,"column":2}},"26":{"start":{"line":51,"column":2},"end":{"line":51,"column":18}},"27":{"start":{"line":53,"column":2},"end":{"line":53,"column":33}},"28":{"start":{"line":55,"column":2},"end":{"line":57,"column":3}},"29":{"start":{"line":56,"column":4},"end":{"line":56,"column":42}},"30":{"start":{"line":59,"column":2},"end":{"line":64,"column":5}},"31":{"start":{"line":60,"column":4},"end":{"line":62,"column":5}},"32":{"start":{"line":61,"column":6},"end":{"line":61,"column":48}},"33":{"start":{"line":63,"column":4},"end":{"line":63,"column":40}},"34":{"start":{"line":67,"column":0},"end":{"line":81,"column":2}},"35":{"start":{"line":69,"column":2},"end":{"line":69,"column":33}},"36":{"start":{"line":71,"column":2},"end":{"line":71,"column":36}},"37":{"start":{"line":72,"column":2},"end":{"line":72,"column":60}},"38":{"start":{"line":74,"column":2},"end":{"line":80,"column":5}},"39":{"start":{"line":75,"column":4},"end":{"line":78,"column":5}},"40":{"start":{"line":76,"column":6},"end":{"line":76,"column":44}},"41":{"start":{"line":77,"column":6},"end":{"line":77,"column":81}},"42":{"start":{"line":77,"column":56},"end":{"line":77,"column":78}},"43":{"start":{"line":79,"column":4},"end":{"line":79,"column":27}},"44":{"start":{"line":84,"column":0},"end":{"line":86,"column":2}},"45":{"start":{"line":85,"column":2},"end":{"line":85,"column":31}},"46":{"start":{"line":88,"column":0},"end":{"line":90,"column":2}},"47":{"start":{"line":89,"column":2},"end":{"line":89,"column":20}},"48":{"start":{"line":92,"column":0},"end":{"line":92,"column":30}}},"branchMap":{"1":{"line":5,"type":"binary-expr","locations":[{"start":{"line":5,"column":17},"end":{"line":5,"column":24}},{"start":{"line":5,"column":28},"end":{"line":5,"column":30}}]},"2":{"line":6,"type":"binary-expr","locations":[{"start":{"line":6,"column":45},"end":{"line":6,"column":62}},{"start":{"line":6,"column":66},"end":{"line":6,"column":70}}]},"3":{"line":6,"type":"binary-expr","locations":[{"start":{"line":6,"column":72},"end":{"line":6,"column":89}},{"start":{"line":6,"column":93},"end":{"line":6,"column":104}}]},"4":{"line":7,"type":"binary-expr","locations":[{"start":{"line":7,"column":21},"end":{"line":7,"column":36}},{"start":{"line":7,"column":40},"end":{"line":7,"column":41}}]},"5":{"line":14,"type":"cond-expr","locations":[{"start":{"line":14,"column":24},"end":{"line":14,"column":28}},{"start":{"line":14,"column":31},"end":{"line":14,"column":47}}]},"6":{"line":26,"type":"if","locations":[{"start":{"line":26,"column":2},"end":{"line":26,"column":2}},{"start":{"line":26,"column":2},"end":{"line":26,"column":2}}]},"7":{"line":26,"type":"binary-expr","locations":[{"start":{"line":26,"column":6},"end":{"line":26,"column":19}},{"start":{"line":26,"column":23},"end":{"line":26,"column":43}}]},"8":{"line":37,"type":"cond-expr","locations":[{"start":{"line":37,"column":96},"end":{"line":37,"column":128}},{"start":{"line":37,"column":131},"end":{"line":37,"column":176}}]},"9":{"line":75,"type":"if","locations":[{"start":{"line":75,"column":4},"end":{"line":75,"column":4}},{"start":{"line":75,"column":4},"end":{"line":75,"column":4}}]}}},"/Users/ivan/code/WatchMen/lib/ping_services/http.js":{"path":"/Users/ivan/code/WatchMen/lib/ping_services/http.js","s":{"1":1,"2":1,"3":1,"4":0,"5":0,"6":0,"7":0,"8":0,"9":0,"10":0,"11":1,"12":0,"13":0,"14":0,"15":0,"16":0,"17":0,"18":0,"19":0,"20":0,"21":0,"22":0,"23":0,"24":0,"25":0,"26":0,"27":0,"28":0,"29":0,"30":0,"31":0,"32":0,"33":0,"34":0,"35":0,"36":0,"37":0,"38":0,"39":0,"40":0,"41":0,"42":0,"43":0,"44":0,"45":0,"46":0,"47":0,"48":0,"49":0,"50":0,"51":0,"52":0,"53":0,"54":0,"55":0,"56":0,"57":0,"58":0,"59":1},"b":{"1":[0,0],"2":[0,0],"3":[0,0],"4":[0,0,0],"5":[0,0],"6":[0,0],"7":[0,0],"8":[0,0],"9":[0,0],"10":[0,0],"11":[0,0],"12":[0,0],"13":[0,0],"14":[0,0],"15":[0,0],"16":[0,0],"17":[0,0]},"f":{"1":0,"2":0,"3":0,"4":0,"5":0,"6":0,"7":0,"8":0,"9":0},"fnMap":{"1":{"name":"validate_http_response","line":8,"loc":{"start":{"line":8,"column":0},"end":{"line":8,"column":52}}},"2":{"name":"ping","line":27,"loc":{"start":{"line":27,"column":0},"end":{"line":27,"column":33}}},"3":{"name":"(anonymous_3)","line":71,"loc":{"start":{"line":71,"column":47},"end":{"line":71,"column":57}}},"4":{"name":"(anonymous_4)","line":78,"loc":{"start":{"line":78,"column":31},"end":{"line":78,"column":60}}},"5":{"name":"(anonymous_5)","line":86,"loc":{"start":{"line":86,"column":25},"end":{"line":86,"column":44}}},"6":{"name":"(anonymous_6)","line":90,"loc":{"start":{"line":90,"column":24},"end":{"line":90,"column":40}}},"7":{"name":"(anonymous_7)","line":94,"loc":{"start":{"line":94,"column":23},"end":{"line":94,"column":34}}},"8":{"name":"(anonymous_8)","line":102,"loc":{"start":{"line":102,"column":25},"end":{"line":102,"column":37}}},"9":{"name":"(anonymous_9)","line":107,"loc":{"start":{"line":107,"column":22},"end":{"line":107,"column":34}}}},"statementMap":{"1":{"start":{"line":1,"column":0},"end":{"line":1,"column":27}},"2":{"start":{"line":2,"column":0},"end":{"line":2,"column":29}},"3":{"start":{"line":8,"column":0},"end":{"line":24,"column":1}},"4":{"start":{"line":9,"column":2},"end":{"line":22,"column":3}},"5":{"start":{"line":10,"column":4},"end":{"line":21,"column":5}},"6":{"start":{"line":11,"column":6},"end":{"line":12,"column":60}},"7":{"start":{"line":14,"column":9},"end":{"line":21,"column":5}},"8":{"start":{"line":16,"column":6},"end":{"line":17,"column":33}},"9":{"start":{"line":20,"column":6},"end":{"line":20,"column":16}},"10":{"start":{"line":23,"column":2},"end":{"line":23,"column":12}},"11":{"start":{"line":27,"column":0},"end":{"line":116,"column":1}},"12":{"start":{"line":29,"column":2},"end":{"line":29,"column":29}},"13":{"start":{"line":30,"column":2},"end":{"line":30,"column":41}},"14":{"start":{"line":32,"column":2},"end":{"line":34,"column":4}},"15":{"start":{"line":36,"column":2},"end":{"line":39,"column":3}},"16":{"start":{"line":37,"column":4},"end":{"line":37,"column":51}},"17":{"start":{"line":38,"column":4},"end":{"line":38,"column":80}},"18":{"start":{"line":41,"column":2},"end":{"line":41,"column":30}},"19":{"start":{"line":42,"column":2},"end":{"line":44,"column":3}},"20":{"start":{"line":43,"column":4},"end":{"line":43,"column":20}},"21":{"start":{"line":46,"column":2},"end":{"line":48,"column":3}},"22":{"start":{"line":47,"column":4},"end":{"line":47,"column":40}},"23":{"start":{"line":50,"column":2},"end":{"line":57,"column":4}},"24":{"start":{"line":59,"column":2},"end":{"line":59,"column":14}},"25":{"start":{"line":60,"column":2},"end":{"line":66,"column":3}},"26":{"start":{"line":61,"column":4},"end":{"line":61,"column":37}},"27":{"start":{"line":62,"column":4},"end":{"line":62,"column":37}},"28":{"start":{"line":64,"column":4},"end":{"line":64,"column":36}},"29":{"start":{"line":65,"column":4},"end":{"line":65,"column":36}},"30":{"start":{"line":68,"column":2},"end":{"line":68,"column":31}},"31":{"start":{"line":69,"column":2},"end":{"line":69,"column":19}},"32":{"start":{"line":71,"column":2},"end":{"line":76,"column":5}},"33":{"start":{"line":72,"column":4},"end":{"line":75,"column":5}},"34":{"start":{"line":73,"column":6},"end":{"line":73,"column":30}},"35":{"start":{"line":74,"column":6},"end":{"line":74,"column":63}},"36":{"start":{"line":78,"column":2},"end":{"line":84,"column":5}},"37":{"start":{"line":79,"column":4},"end":{"line":79,"column":73}},"38":{"start":{"line":80,"column":4},"end":{"line":83,"column":5}},"39":{"start":{"line":81,"column":6},"end":{"line":81,"column":30}},"40":{"start":{"line":82,"column":6},"end":{"line":82,"column":22}},"41":{"start":{"line":86,"column":2},"end":{"line":105,"column":5}},"42":{"start":{"line":87,"column":4},"end":{"line":87,"column":34}},"43":{"start":{"line":88,"column":4},"end":{"line":88,"column":18}},"44":{"start":{"line":90,"column":4},"end":{"line":92,"column":7}},"45":{"start":{"line":91,"column":6},"end":{"line":91,"column":20}},"46":{"start":{"line":94,"column":4},"end":{"line":100,"column":7}},"47":{"start":{"line":95,"column":6},"end":{"line":95,"column":46}},"48":{"start":{"line":96,"column":6},"end":{"line":99,"column":7}},"49":{"start":{"line":97,"column":8},"end":{"line":97,"column":32}},"50":{"start":{"line":98,"column":8},"end":{"line":98,"column":92}},"51":{"start":{"line":102,"column":4},"end":{"line":104,"column":7}},"52":{"start":{"line":103,"column":6},"end":{"line":103,"column":24}},"53":{"start":{"line":107,"column":2},"end":{"line":112,"column":5}},"54":{"start":{"line":108,"column":4},"end":{"line":111,"column":5}},"55":{"start":{"line":109,"column":6},"end":{"line":109,"column":30}},"56":{"start":{"line":110,"column":6},"end":{"line":110,"column":76}},"57":{"start":{"line":114,"column":2},"end":{"line":114,"column":58}},"58":{"start":{"line":115,"column":2},"end":{"line":115,"column":16}},"59":{"start":{"line":118,"column":0},"end":{"line":118,"column":27}}},"branchMap":{"1":{"line":9,"type":"if","locations":[{"start":{"line":9,"column":2},"end":{"line":9,"column":2}},{"start":{"line":9,"column":2},"end":{"line":9,"column":2}}]},"2":{"line":10,"type":"if","locations":[{"start":{"line":10,"column":4},"end":{"line":10,"column":4}},{"start":{"line":10,"column":4},"end":{"line":10,"column":4}}]},"3":{"line":14,"type":"if","locations":[{"start":{"line":14,"column":9},"end":{"line":14,"column":9}},{"start":{"line":14,"column":9},"end":{"line":14,"column":9}}]},"4":{"line":14,"type":"binary-expr","locations":[{"start":{"line":14,"column":13},"end":{"line":14,"column":38}},{"start":{"line":14,"column":43},"end":{"line":14,"column":48}},{"start":{"line":15,"column":9},"end":{"line":15,"column":52}}]},"5":{"line":30,"type":"binary-expr","locations":[{"start":{"line":30,"column":16},"end":{"line":30,"column":31}},{"start":{"line":30,"column":35},"end":{"line":30,"column":40}}]},"6":{"line":36,"type":"if","locations":[{"start":{"line":36,"column":2},"end":{"line":36,"column":2}},{"start":{"line":36,"column":2},"end":{"line":36,"column":2}}]},"7":{"line":38,"type":"binary-expr","locations":[{"start":{"line":38,"column":47},"end":{"line":38,"column":65}},{"start":{"line":38,"column":69},"end":{"line":38,"column":71}}]},"8":{"line":42,"type":"if","locations":[{"start":{"line":42,"column":2},"end":{"line":42,"column":2}},{"start":{"line":42,"column":2},"end":{"line":42,"column":2}}]},"9":{"line":42,"type":"binary-expr","locations":[{"start":{"line":42,"column":6},"end":{"line":42,"column":23}},{"start":{"line":42,"column":27},"end":{"line":42,"column":53}}]},"10":{"line":60,"type":"if","locations":[{"start":{"line":60,"column":2},"end":{"line":60,"column":2}},{"start":{"line":60,"column":2},"end":{"line":60,"column":2}}]},"11":{"line":71,"type":"binary-expr","locations":[{"start":{"line":71,"column":21},"end":{"line":71,"column":36}},{"start":{"line":71,"column":40},"end":{"line":71,"column":45}}]},"12":{"line":72,"type":"if","locations":[{"start":{"line":72,"column":4},"end":{"line":72,"column":4}},{"start":{"line":72,"column":4},"end":{"line":72,"column":4}}]},"13":{"line":79,"type":"binary-expr","locations":[{"start":{"line":79,"column":12},"end":{"line":79,"column":37}},{"start":{"line":79,"column":41},"end":{"line":79,"column":72}}]},"14":{"line":80,"type":"if","locations":[{"start":{"line":80,"column":4},"end":{"line":80,"column":4}},{"start":{"line":80,"column":4},"end":{"line":80,"column":4}}]},"15":{"line":96,"type":"if","locations":[{"start":{"line":96,"column":6},"end":{"line":96,"column":6}},{"start":{"line":96,"column":6},"end":{"line":96,"column":6}}]},"16":{"line":108,"type":"if","locations":[{"start":{"line":108,"column":4},"end":{"line":108,"column":4}},{"start":{"line":108,"column":4},"end":{"line":108,"column":4}}]},"17":{"line":114,"type":"binary-expr","locations":[{"start":{"line":114,"column":16},"end":{"line":114,"column":50}},{"start":{"line":114,"column":54},"end":{"line":114,"column":56}}]}}}}