TN:
SF:/Users/ivan/code/WatchMen/lib/aggregator.js
FN:5,(anonymous_1)
FN:9,(anonymous_2)
FNF:2
FNH:2
FNDA:1,(anonymous_1)
FNDA:11,(anonymous_2)
DA:1,1
DA:2,1
DA:3,1
DA:5,1
DA:7,1
DA:10,11
LF:6
LH:6
BRF:0
BRH:0
end_of_record
TN:
SF:/Users/ivan/code/WatchMen/lib/storage/storage-factory.js
FN:5,(anonymous_1)
FNF:1
FNH:1
FNDA:4,(anonymous_1)
DA:1,1
DA:3,1
DA:7,4
DA:8,4
DA:9,0
DA:10,0
DA:13,4
DA:15,4
DA:16,4
DA:17,4
DA:19,4
LF:11
LH:9
BRDA:8,1,0,0
BRDA:8,1,1,4
BRF:2
BRH:1
end_of_record
TN:
SF:/Users/ivan/code/WatchMen/config/storage.js
FNF:0
FNH:0
DA:1,1
LF:1
LH:1
BRF:0
BRH:0
end_of_record
TN:
SF:/Users/ivan/code/WatchMen/lib/storage/providers/redis.js
FN:14,StorageRedis
FN:29,(anonymous_2)
FN:36,(anonymous_3)
FN:47,(anonymous_4)
FN:51,(anonymous_5)
FN:65,(anonymous_6)
FN:66,(anonymous_7)
FN:77,(anonymous_8)
FN:96,(anonymous_9)
FN:110,(anonymous_10)
FN:112,(anonymous_11)
FN:121,(anonymous_12)
FN:122,(anonymous_13)
FN:136,(anonymous_14)
FN:137,(anonymous_15)
FN:148,(anonymous_16)
FN:149,(anonymous_17)
FN:160,(anonymous_18)
FN:162,(anonymous_19)
FN:178,(anonymous_20)
FN:194,(anonymous_21)
FN:195,(anonymous_22)
FN:196,(anonymous_23)
FN:209,(anonymous_24)
FN:220,(anonymous_25)
FN:221,(anonymous_26)
FN:237,(anonymous_27)
FN:250,(anonymous_28)
FN:254,(anonymous_29)
FN:269,parseLatencyDataFromZset
FNF:30
FNH:29
FNDA:5,StorageRedis
FNDA:55,(anonymous_2)
FNDA:55,(anonymous_3)
FNDA:2,(anonymous_4)
FNDA:2,(anonymous_5)
FNDA:52,(anonymous_6)
FNDA:52,(anonymous_7)
FNDA:2,(anonymous_8)
FNDA:1,(anonymous_9)
FNDA:10,(anonymous_10)
FNDA:10,(anonymous_11)
FNDA:10,(anonymous_12)
FNDA:13,(anonymous_13)
FNDA:128,(anonymous_14)
FNDA:128,(anonymous_15)
FNDA:102,(anonymous_16)
FNDA:102,(anonymous_17)
FNDA:99,(anonymous_18)
FNDA:99,(anonymous_19)
FNDA:99,(anonymous_20)
FNDA:47,(anonymous_21)
FNDA:47,(anonymous_22)
FNDA:166,(anonymous_23)
FNDA:18,(anonymous_24)
FNDA:58,(anonymous_25)
FNDA:58,(anonymous_26)
FNDA:9,(anonymous_27)
FNDA:54,(anonymous_28)
FNDA:0,(anonymous_29)
FNDA:10,parseLatencyDataFromZset
DA:1,1
DA:2,1
DA:3,1
DA:4,1
DA:5,1
DA:6,1
DA:8,1
DA:9,1
DA:10,1
DA:11,1
DA:12,1
DA:14,1
DA:15,5
DA:16,5
DA:17,5
DA:20,1
DA:29,1
DA:30,55
DA:31,55
DA:32,55
DA:33,55
DA:34,55
DA:35,55
DA:36,55
DA:37,55
DA:47,1
DA:48,2
DA:49,2
DA:50,2
DA:51,2
DA:52,2
DA:53,0
DA:55,2
DA:65,1
DA:66,52
DA:67,52
DA:77,1
DA:78,2
DA:80,2
DA:81,2
DA:84,2
DA:85,2
DA:86,2
DA:87,2
DA:96,1
DA:97,1
DA:98,1
DA:99,1
DA:100,1
DA:101,1
DA:110,1
DA:111,10
DA:112,10
DA:113,10
DA:114,0
DA:117,10
DA:118,10
DA:119,13
DA:121,10
DA:122,10
DA:123,13
DA:136,1
DA:137,128
DA:138,128
DA:148,1
DA:149,102
DA:150,102
DA:160,1
DA:161,99
DA:162,99
DA:163,99
DA:164,0
DA:167,99
DA:168,99
DA:169,0
DA:171,99
DA:173,99
DA:175,99
DA:177,99
DA:178,99
DA:179,99
DA:182,0
DA:194,1
DA:195,47
DA:196,47
DA:197,166
DA:209,1
DA:210,18
DA:220,1
DA:221,58
DA:222,58
DA:223,0
DA:226,58
DA:227,48
DA:228,48
DA:231,0
DA:235,10
DA:236,10
DA:237,9
DA:238,9
DA:244,1
DA:250,1
DA:251,54
DA:254,1
DA:255,0
DA:269,1
DA:270,10
DA:271,10
DA:272,10
DA:273,10
DA:274,92
DA:275,46
DA:276,46
DA:277,46
DA:280,46
DA:281,46
DA:284,10
LF:117
LH:109
BRDA:15,1,0,5
BRDA:15,1,1,0
BRDA:16,2,0,5
BRDA:16,2,1,0
BRDA:16,3,0,5
BRDA:16,3,1,0
BRDA:17,4,0,5
BRDA:17,4,1,1
BRDA:52,5,0,0
BRDA:52,5,1,2
BRDA:67,6,0,45
BRDA:67,6,1,7
BRDA:67,7,0,52
BRDA:67,7,1,52
BRDA:113,8,0,0
BRDA:113,8,1,10
BRDA:138,9,0,0
BRDA:138,9,1,128
BRDA:163,10,0,0
BRDA:163,10,1,99
BRDA:167,11,0,99
BRDA:167,11,1,0
BRDA:168,12,0,0
BRDA:168,12,1,99
BRDA:196,13,0,0
BRDA:196,13,1,47
BRDA:221,14,0,58
BRDA:221,14,1,1
BRDA:222,15,0,0
BRDA:222,15,1,58
BRDA:226,16,0,48
BRDA:226,16,1,10
BRDA:227,17,0,48
BRDA:227,17,1,0
BRDA:236,18,0,9
BRDA:236,18,1,1
BRDA:274,19,0,46
BRDA:274,19,1,46
BRDA:276,20,0,46
BRDA:276,20,1,0
BRDA:276,21,0,46
BRDA:276,21,1,46
BRF:42
BRH:29
end_of_record
TN:
SF:/Users/ivan/code/WatchMen/webserver/app.js
FN:15,(anonymous_1)
FN:36,(anonymous_2)
FNF:2
FNH:2
FNDA:3,(anonymous_1)
FNDA:83,(anonymous_2)
DA:1,1
DA:2,1
DA:3,1
DA:4,1
DA:5,1
DA:6,1
DA:7,1
DA:8,1
DA:9,1
DA:10,1
DA:11,1
DA:12,1
DA:13,1
DA:15,1
DA:16,3
DA:17,0
DA:20,3
DA:21,3
DA:22,3
DA:24,3
DA:25,3
DA:30,3
DA:31,3
DA:32,3
DA:34,3
DA:36,3
DA:37,83
DA:38,83
DA:39,83
DA:42,3
DA:43,3
DA:44,3
DA:45,3
DA:47,3
DA:49,3
DA:50,0
DA:51,0
DA:54,3
LF:38
LH:35
BRDA:16,1,0,0
BRDA:16,1,1,3
BRDA:49,2,0,0
BRDA:49,2,1,3
BRF:4
BRH:2
end_of_record
TN:
SF:/Users/ivan/code/WatchMen/webserver/routes/api-service-route.js
FN:7,(anonymous_1)
FN:15,(anonymous_2)
FN:27,(anonymous_3)
FN:34,(anonymous_4)
FN:46,(anonymous_5)
FN:51,(anonymous_6)
FN:60,(anonymous_7)
FN:73,(anonymous_8)
FN:85,(anonymous_9)
FN:94,(anonymous_10)
FN:108,(anonymous_11)
FN:113,(anonymous_12)
FN:122,(anonymous_13)
FN:135,(anonymous_14)
FN:139,(anonymous_15)
FN:158,(anonymous_16)
FN:159,(anonymous_17)
FNF:17
FNH:17
FNDA:3,(anonymous_1)
FNDA:24,(anonymous_2)
FNDA:2,(anonymous_3)
FNDA:1,(anonymous_4)
FNDA:2,(anonymous_5)
FNDA:2,(anonymous_6)
FNDA:1,(anonymous_7)
FNDA:2,(anonymous_8)
FNDA:1,(anonymous_9)
FNDA:1,(anonymous_10)
FNDA:2,(anonymous_11)
FNDA:2,(anonymous_12)
FNDA:1,(anonymous_13)
FNDA:3,(anonymous_14)
FNDA:3,(anonymous_15)
FNDA:1,(anonymous_16)
FNDA:1,(anonymous_17)
DA:1,1
DA:2,1
DA:3,1
DA:4,1
DA:5,1
DA:7,1
DA:9,3
DA:10,0
DA:13,3
DA:15,3
DA:16,24
DA:17,12
DA:19,12
DA:27,3
DA:28,2
DA:30,2
DA:31,2
DA:32,1
DA:34,1
DA:35,1
DA:36,0
DA:38,1
DA:46,3
DA:47,2
DA:48,2
DA:49,0
DA:51,2
DA:52,2
DA:53,0
DA:56,2
DA:57,1
DA:60,1
DA:61,1
DA:62,0
DA:64,1
DA:73,3
DA:75,2
DA:76,2
DA:77,0
DA:80,2
DA:81,2
DA:82,1
DA:85,1
DA:86,1
DA:87,0
DA:90,1
DA:91,0
DA:94,1
DA:95,1
DA:96,0
DA:98,1
DA:108,3
DA:109,2
DA:110,2
DA:111,0
DA:113,2
DA:114,2
DA:115,0
DA:118,2
DA:119,1
DA:122,1
DA:123,1
DA:124,0
DA:126,1
DA:135,3
DA:136,3
DA:137,0
DA:139,3
DA:140,3
DA:141,0
DA:142,0
DA:145,3
DA:147,3
DA:148,1
DA:150,2
DA:158,3
DA:159,1
DA:160,1
DA:161,0
DA:162,0
DA:166,1
DA:170,3
LF:82
LH:65
BRDA:9,1,0,0
BRDA:9,1,1,3
BRDA:16,2,0,12
BRDA:16,2,1,12
BRDA:16,3,0,24
BRDA:16,3,1,18
BRDA:31,4,0,1
BRDA:31,4,1,1
BRDA:35,5,0,0
BRDA:35,5,1,1
BRDA:48,6,0,0
BRDA:48,6,1,2
BRDA:52,7,0,0
BRDA:52,7,1,2
BRDA:56,8,0,1
BRDA:56,8,1,1
BRDA:61,9,0,0
BRDA:61,9,1,1
BRDA:76,10,0,0
BRDA:76,10,1,2
BRDA:81,11,0,1
BRDA:81,11,1,1
BRDA:86,12,0,0
BRDA:86,12,1,1
BRDA:90,13,0,0
BRDA:90,13,1,1
BRDA:95,14,0,0
BRDA:95,14,1,1
BRDA:110,15,0,0
BRDA:110,15,1,2
BRDA:114,16,0,0
BRDA:114,16,1,2
BRDA:118,17,0,1
BRDA:118,17,1,1
BRDA:123,18,0,0
BRDA:123,18,1,1
BRDA:136,19,0,0
BRDA:136,19,1,3
BRDA:140,20,0,0
BRDA:140,20,1,3
BRDA:147,21,0,1
BRDA:147,21,1,2
BRDA:160,22,0,0
BRDA:160,22,1,1
BRF:44
BRH:29
end_of_record
TN:
SF:/Users/ivan/code/WatchMen/lib/service-validator.js
FN:3,(anonymous_1)
FN:5,validateInt
FN:11,validateExistence
FN:17,validateOptionalCommaSeparatedEmails
FN:20,(anonymous_5)
FN:21,(anonymous_6)
FN:36,(anonymous_7)
FNF:7
FNH:7
FNDA:1,(anonymous_1)
FNDA:195,validateInt
FNDA:117,validateExistence
FNDA:78,validateOptionalCommaSeparatedEmails
FNDA:46,(anonymous_5)
FNDA:46,(anonymous_6)
FNDA:39,(anonymous_7)
DA:1,1
DA:3,1
DA:5,1
DA:6,195
DA:7,15
DA:11,1
DA:12,117
DA:13,5
DA:17,1
DA:18,78
DA:19,78
DA:20,46
DA:21,22
DA:22,46
DA:23,4
DA:29,1
DA:37,39
DA:39,39
DA:40,0
DA:41,0
DA:44,39
DA:45,39
DA:46,39
DA:47,39
DA:48,39
DA:49,39
DA:50,39
DA:51,39
DA:53,39
DA:54,39
DA:56,39
LF:31
LH:29
BRDA:6,1,0,15
BRDA:6,1,1,180
BRDA:6,2,0,195
BRDA:6,2,1,117
BRDA:12,3,0,5
BRDA:12,3,1,112
BRDA:19,4,0,22
BRDA:19,4,1,56
BRDA:22,5,0,4
BRDA:22,5,1,42
BRDA:39,6,0,0
BRDA:39,6,1,39
BRDA:39,7,0,39
BRDA:39,7,1,39
BRF:14
BRH:13
end_of_record
TN:
SF:/Users/ivan/code/WatchMen/lib/service-access-filter.js
FN:1,(anonymous_1)
FN:3,isServiceRestrictedToEmail
FN:8,(anonymous_3)
FN:9,(anonymous_4)
FN:21,(anonymous_5)
FN:28,(anonymous_6)
FN:35,(anonymous_7)
FN:46,(anonymous_8)
FNF:8
FNH:8
FNDA:1,(anonymous_1)
FNDA:31,isServiceRestrictedToEmail
FNDA:30,(anonymous_3)
FNDA:30,(anonymous_4)
FNDA:8,(anonymous_5)
FNDA:11,(anonymous_6)
FNDA:17,(anonymous_7)
FNDA:17,(anonymous_8)
DA:1,1
DA:3,1
DA:4,31
DA:5,2
DA:7,29
DA:8,30
DA:9,30
DA:11,29
DA:12,10
DA:15,19
DA:19,1
DA:22,8
DA:23,8
DA:25,8
DA:26,5
DA:28,8
DA:29,11
DA:32,8
DA:36,17
DA:37,17
DA:38,2
DA:40,15
DA:42,15
DA:43,7
DA:46,15
DA:47,17
DA:50,15
LF:27
LH:27
BRDA:4,1,0,2
BRDA:4,1,1,29
BRDA:7,2,0,29
BRDA:7,2,1,5
BRDA:11,3,0,10
BRDA:11,3,1,19
BRDA:15,4,0,19
BRDA:15,4,1,18
BRDA:22,5,0,8
BRDA:22,5,1,0
BRDA:25,6,0,5
BRDA:25,6,1,3
BRDA:29,7,0,11
BRDA:29,7,1,6
BRDA:32,8,0,3
BRDA:32,8,1,5
BRDA:36,9,0,17
BRDA:36,9,1,7
BRDA:37,10,0,2
BRDA:37,10,1,15
BRDA:42,11,0,7
BRDA:42,11,1,8
BRDA:47,12,0,17
BRDA:47,12,1,16
BRDA:50,13,0,8
BRDA:50,13,1,7
BRF:26
BRH:25
end_of_record
TN:
SF:/Users/ivan/code/WatchMen/webserver/routes/api-report-route.js
FN:6,(anonymous_1)
FN:15,handlePrivateFields
FN:28,(anonymous_3)
FN:32,(anonymous_4)
FN:54,(anonymous_5)
FN:55,(anonymous_6)
FN:60,(anonymous_7)
FNF:7
FNH:7
FNDA:3,(anonymous_1)
FNDA:8,handlePrivateFields
FNDA:7,(anonymous_3)
FNDA:7,(anonymous_4)
FNDA:6,(anonymous_5)
FNDA:6,(anonymous_6)
FNDA:4,(anonymous_7)
DA:1,1
DA:2,1
DA:3,1
DA:4,1
DA:6,1
DA:8,3
DA:9,0
DA:12,3
DA:13,3
DA:15,1
DA:16,8
DA:18,8
DA:20,8
DA:21,8
DA:28,3
DA:29,7
DA:30,0
DA:32,7
DA:33,7
DA:34,0
DA:35,0
DA:38,7
DA:40,7
DA:41,3
DA:44,4
DA:46,4
DA:54,3
DA:55,6
DA:56,6
DA:57,0
DA:58,0
DA:60,6
DA:61,4
DA:62,4
DA:64,6
DA:68,3
LF:36
LH:30
BRDA:8,1,0,0
BRDA:8,1,1,3
BRDA:29,2,0,0
BRDA:29,2,1,7
BRDA:33,3,0,0
BRDA:33,3,1,7
BRDA:40,4,0,3
BRDA:40,4,1,4
BRDA:56,5,0,0
BRDA:56,5,1,6
BRF:10
BRH:6
end_of_record
TN:
SF:/Users/ivan/code/WatchMen/lib/reporter.js
FN:7,Reporter
FN:24,(anonymous_2)
FN:28,(anonymous_3)
FN:30,getInfo
FN:34,(anonymous_5)
FN:53,(anonymous_6)
FN:58,(anonymous_7)
FN:63,(anonymous_8)
FN:75,(anonymous_9)
FN:84,(anonymous_10)
FN:91,(anonymous_11)
FN:96,(anonymous_12)
FN:101,(anonymous_13)
FN:142,getUptime
FN:148,(anonymous_15)
FN:184,getGeneralServiceInfo
FN:186,(anonymous_17)
FN:194,(anonymous_18)
FN:200,(anonymous_19)
FNF:19
FNH:19
FNDA:19,Reporter
FNDA:8,(anonymous_2)
FNDA:8,(anonymous_3)
FNDA:8,getInfo
FNDA:8,(anonymous_5)
FNDA:21,(anonymous_6)
FNDA:21,(anonymous_7)
FNDA:19,(anonymous_8)
FNDA:19,(anonymous_9)
FNDA:78,(anonymous_10)
FNDA:19,(anonymous_11)
FNDA:19,(anonymous_12)
FNDA:19,(anonymous_13)
FNDA:92,getUptime
FNDA:223,(anonymous_15)
FNDA:27,getGeneralServiceInfo
FNDA:27,(anonymous_17)
FNDA:27,(anonymous_18)
FNDA:87,(anonymous_19)
DA:1,1
DA:2,1
DA:3,1
DA:4,1
DA:5,1
DA:7,1
DA:8,19
DA:11,1
DA:12,1
DA:13,1
DA:15,1
DA:24,1
DA:25,8
DA:27,8
DA:28,8
DA:30,1
DA:31,8
DA:34,8
DA:35,8
DA:36,0
DA:38,8
DA:39,8
DA:53,1
DA:54,21
DA:56,21
DA:58,21
DA:59,21
DA:60,2
DA:63,19
DA:64,19
DA:65,0
DA:68,19
DA:69,0
DA:72,19
DA:73,19
DA:75,19
DA:76,19
DA:77,0
DA:80,19
DA:83,19
DA:84,19
DA:85,78
DA:88,19
DA:91,19
DA:92,19
DA:93,0
DA:96,19
DA:97,19
DA:98,0
DA:101,19
DA:102,19
DA:103,0
DA:106,19
DA:107,19
DA:108,19
DA:109,19
DA:111,19
DA:112,19
DA:113,19
DA:114,19
DA:117,19
DA:119,19
DA:121,19
DA:122,19
DA:142,1
DA:144,92
DA:145,92
DA:147,92
DA:148,28
DA:149,223
DA:150,223
DA:155,92
DA:156,8
DA:157,8
DA:159,0
DA:163,92
DA:164,74
DA:167,92
DA:168,92
DA:170,92
DA:171,0
DA:172,0
DA:173,0
DA:174,0
DA:175,0
DA:178,92
DA:184,1
DA:186,27
DA:187,27
DA:188,0
DA:191,27
DA:192,27
DA:194,27
DA:195,27
DA:196,0
DA:199,27
DA:200,27
DA:201,87
DA:203,27
DA:205,27
LF:100
LH:85
BRDA:35,1,0,0
BRDA:35,1,1,8
BRDA:59,2,0,2
BRDA:59,2,1,19
BRDA:59,3,0,21
BRDA:59,3,1,21
BRDA:64,4,0,0
BRDA:64,4,1,19
BRDA:68,5,0,0
BRDA:68,5,1,19
BRDA:76,6,0,0
BRDA:76,6,1,19
BRDA:92,7,0,0
BRDA:92,7,1,19
BRDA:97,8,0,0
BRDA:97,8,1,19
BRDA:102,9,0,0
BRDA:102,9,1,19
BRDA:106,10,0,19
BRDA:106,10,1,0
BRDA:111,11,0,19
BRDA:111,11,1,19
BRDA:147,12,0,28
BRDA:147,12,1,64
BRDA:149,13,0,223
BRDA:149,13,1,0
BRDA:155,14,0,8
BRDA:155,14,1,84
BRDA:156,15,0,8
BRDA:156,15,1,0
BRDA:163,16,0,74
BRDA:163,16,1,18
BRDA:170,17,0,0
BRDA:170,17,1,92
BRDA:170,18,0,92
BRDA:170,18,1,92
BRDA:187,19,0,0
BRDA:187,19,1,27
BRDA:195,20,0,0
BRDA:195,20,1,27
BRF:40
BRH:27
end_of_record
TN:
SF:/Users/ivan/code/WatchMen/webserver/routes/web-auth-route.js
FN:7,(anonymous_1)
FN:9,isAdmin
FN:10,(anonymous_3)
FN:20,(anonymous_4)
FN:28,(anonymous_5)
FN:34,(anonymous_6)
FN:38,(anonymous_7)
FN:51,(anonymous_8)
FN:56,(anonymous_9)
FNF:9
FNH:5
FNDA:1,(anonymous_1)
FNDA:0,isAdmin
FNDA:0,(anonymous_3)
FNDA:3,(anonymous_4)
FNDA:0,(anonymous_5)
FNDA:15,(anonymous_6)
FNDA:58,(anonymous_7)
FNDA:0,(anonymous_8)
FNDA:8,(anonymous_9)
DA:1,1
DA:2,1
DA:3,1
DA:5,1
DA:7,1
DA:9,1
DA:10,0
DA:11,0
DA:14,1
DA:22,3
DA:29,0
DA:30,0
DA:34,3
DA:35,15
DA:38,3
DA:39,58
DA:42,3
DA:43,3
DA:45,3
DA:49,3
DA:53,0
DA:56,3
DA:57,8
DA:58,8
LF:24
LH:19
BRDA:10,1,0,0
BRDA:10,1,1,0
BRF:2
BRH:0
end_of_record
TN:
SF:/Users/ivan/code/WatchMen/config/web.js
FNF:0
FNH:0
DA:1,1
LF:1
LH:1
BRDA:3,1,0,1
BRDA:3,1,1,0
BRDA:6,2,0,1
BRDA:6,2,1,0
BRDA:7,3,0,1
BRDA:7,3,1,0
BRF:6
BRH:3
end_of_record
TN:
SF:/Users/ivan/code/WatchMen/lib/utils.js
FN:1,(anonymous_1)
FN:5,(anonymous_2)
FN:18,(anonymous_3)
FNF:3
FNH:3
FNDA:1,(anonymous_1)
FNDA:92,(anonymous_2)
FNDA:1,(anonymous_3)
DA:1,1
DA:3,1
DA:6,92
DA:7,0
DA:9,92
DA:19,1
LF:6
LH:5
BRDA:6,1,0,0
BRDA:6,1,1,92
BRF:2
BRH:1
end_of_record
TN:
SF:/Users/ivan/code/WatchMen/webserver/routes/web-route.js
FN:4,(anonymous_1)
FN:8,serveIndex
FN:14,(anonymous_3)
FNF:3
FNH:2
FNDA:3,(anonymous_1)
FNDA:0,serveIndex
FNDA:45,(anonymous_3)
DA:1,1
DA:2,1
DA:4,1
DA:6,3
DA:8,1
DA:9,0
DA:14,3
DA:15,45
DA:16,45
DA:17,45
DA:18,45
DA:21,3
DA:22,3
DA:23,3
DA:24,3
DA:25,3
DA:27,3
LF:17
LH:16
BRF:0
BRH:0
end_of_record
TN:
SF:/Users/ivan/code/WatchMen/webserver/routes/api-ping-plugins-route.js
FN:3,(anonymous_1)
FN:10,getOptions
FN:26,(anonymous_3)
FN:35,(anonymous_4)
FNF:4
FNH:4
FNDA:3,(anonymous_1)
FNDA:2,getOptions
FNDA:1,(anonymous_3)
FNDA:2,(anonymous_4)
DA:1,1
DA:3,1
DA:5,3
DA:7,3
DA:8,3
DA:10,1
DA:11,2
DA:12,2
DA:13,2
DA:14,2
DA:16,0
DA:17,0
DA:18,0
DA:26,3
DA:28,1
DA:29,1
DA:30,28
DA:31,2
DA:35,1
DA:36,2
DA:42,1
DA:45,3
LF:22
LH:19
BRDA:30,1,0,2
BRDA:30,1,1,26
BRF:2
BRH:2
end_of_record
TN:
SF:/Users/ivan/code/WatchMen/lib/notifications/services/aws-ses/aws-ses.js
FN:9,AWSSes
FN:13,(anonymous_2)
FN:17,(anonymous_3)
FN:33,(anonymous_4)
FNF:4
FNH:3
FNDA:7,AWSSes
FNDA:0,(anonymous_2)
FNDA:7,(anonymous_3)
FNDA:7,(anonymous_4)
DA:5,1
DA:7,1
DA:9,1
DA:10,7
DA:13,1
DA:14,0
DA:17,1
DA:18,7
DA:20,7
DA:21,1
DA:23,6
DA:24,1
DA:26,5
DA:27,1
DA:29,4
DA:30,1
DA:33,1
DA:35,7
DA:36,7
DA:37,4
DA:40,3
DA:41,3
DA:44,0
DA:46,0
DA:53,0
LF:25
LH:21
BRDA:10,1,0,7
BRDA:10,1,1,0
BRDA:20,2,0,1
BRDA:20,2,1,6
BRDA:23,3,0,1
BRDA:23,3,1,5
BRDA:26,4,0,1
BRDA:26,4,1,4
BRDA:29,5,0,1
BRDA:29,5,1,3
BRDA:36,6,0,4
BRDA:36,6,1,3
BRDA:40,7,0,3
BRDA:40,7,1,0
BRDA:40,8,0,3
BRDA:40,8,1,2
BRDA:40,8,2,1
BRF:17
BRH:15
end_of_record
TN:
SF:/Users/ivan/code/WatchMen/config/notifications/services/aws-ses.js
FN:1,(anonymous_1)
FNF:1
FNH:1
FNDA:1,(anonymous_1)
DA:1,1
DA:2,1
LF:2
LH:2
BRF:0
BRH:0
end_of_record
TN:
SF:/Users/ivan/code/WatchMen/lib/notifications/services/postmark/postmark.js
FN:6,Postmark
FN:10,(anonymous_2)
FN:14,(anonymous_3)
FN:32,(anonymous_4)
FNF:4
FNH:3
FNDA:6,Postmark
FNDA:0,(anonymous_2)
FNDA:6,(anonymous_3)
FNDA:6,(anonymous_4)
DA:1,1
DA:2,1
DA:4,1
DA:6,1
DA:7,6
DA:10,1
DA:11,0
DA:14,1
DA:15,6
DA:17,6
DA:18,1
DA:20,5
DA:21,1
DA:32,1
DA:34,6
DA:35,6
DA:36,2
DA:39,4
DA:40,3
DA:43,1
DA:44,1
DA:47,0
DA:49,0
DA:56,0
LF:24
LH:20
BRDA:7,1,0,6
BRDA:7,1,1,0
BRDA:17,2,0,1
BRDA:17,2,1,5
BRDA:20,3,0,1
BRDA:20,3,1,4
BRDA:35,4,0,2
BRDA:35,4,1,4
BRDA:39,5,0,3
BRDA:39,5,1,1
BRDA:39,6,0,4
BRDA:39,6,1,3
BRDA:39,6,2,2
BRDA:43,7,0,1
BRDA:43,7,1,0
BRF:15
BRH:13
end_of_record
TN:
SF:/Users/ivan/code/WatchMen/config/notifications/services/postmark.js
FN:1,(anonymous_1)
FNF:1
FNH:1
FNDA:1,(anonymous_1)
DA:1,1
DA:2,1
LF:2
LH:2
BRF:0
BRH:0
end_of_record
TN:
SF:/Users/ivan/code/WatchMen/lib/notifications/notifications.js
FN:17,NotificationService
FN:28,(anonymous_2)
FN:42,(anonymous_3)
FN:58,(anonymous_4)
FN:65,send
FN:74,(anonymous_6)
FN:84,(anonymous_7)
FN:85,(anonymous_8)
FN:99,(anonymous_9)
FN:124,(anonymous_10)
FN:125,trim
FN:126,(anonymous_12)
FN:129,(anonymous_13)
FN:138,consoleOutputHandler
FN:150,errorsInConfig
FN:157,getServicesFromConfig
FN:158,(anonymous_17)
FNF:17
FNH:14
FNDA:14,NotificationService
FNDA:2,(anonymous_2)
FNDA:4,(anonymous_3)
FNDA:1,(anonymous_4)
FNDA:0,send
FNDA:0,(anonymous_6)
FNDA:3,(anonymous_7)
FNDA:6,(anonymous_8)
FNDA:6,(anonymous_9)
FNDA:11,(anonymous_10)
FNDA:22,trim
FNDA:22,(anonymous_12)
FNDA:21,(anonymous_13)
FNDA:0,consoleOutputHandler
FNDA:1,errorsInConfig
FNDA:3,getServicesFromConfig
FNDA:4,(anonymous_17)
DA:1,1
DA:2,1
DA:3,1
DA:4,1
DA:5,1
DA:6,1
DA:12,1
DA:13,1
DA:15,1
DA:17,1
DA:18,14
DA:28,1
DA:29,2
DA:33,2
DA:42,1
DA:43,4
DA:47,4
DA:58,1
DA:59,1
DA:61,1
DA:62,1
DA:65,1
DA:66,0
DA:67,0
DA:70,0
DA:71,0
DA:72,0
DA:74,0
DA:75,0
DA:84,1
DA:85,3
DA:86,6
DA:99,1
DA:100,6
DA:101,6
DA:102,6
DA:103,6
DA:104,4
DA:111,2
DA:112,2
DA:114,6
DA:124,1
DA:125,1
DA:126,22
DA:128,11
DA:129,21
DA:138,1
DA:139,0
DA:140,0
DA:150,1
DA:151,1
DA:152,1
DA:154,0
DA:157,1
DA:158,3
DA:159,4
DA:160,4
DA:161,4
LF:58
LH:48
BRDA:18,1,0,14
BRDA:18,1,1,1
BRDA:61,2,0,1
BRDA:61,2,1,0
BRDA:71,3,0,0
BRDA:71,3,1,0
BRDA:75,4,0,0
BRDA:75,4,1,0
BRDA:100,5,0,6
BRDA:100,5,1,0
BRDA:101,6,0,1
BRDA:101,6,1,5
BRDA:103,7,0,4
BRDA:103,7,1,2
BRDA:128,8,0,11
BRDA:128,8,1,3
BRDA:139,9,0,0
BRDA:139,9,1,0
BRDA:151,10,0,1
BRDA:151,10,1,0
BRF:20
BRH:11
end_of_record
TN:
SF:/Users/ivan/code/WatchMen/config/notifications/notifications.js
FN:1,(anonymous_1)
FNF:1
FNH:1
FNDA:1,(anonymous_1)
DA:1,1
DA:7,1
LF:2
LH:2
BRF:0
BRH:0
end_of_record
TN:
SF:/Users/ivan/code/WatchMen/lib/sentinel.js
FN:8,Sentinel
FN:31,(anonymous_2)
FN:33,(anonymous_3)
FN:34,(anonymous_4)
FN:43,(anonymous_5)
FN:45,(anonymous_6)
FN:46,(anonymous_7)
FN:55,propertyModified
FN:59,(anonymous_9)
FN:61,(anonymous_10)
FN:62,(anonymous_11)
FN:89,(anonymous_12)
FN:92,(anonymous_13)
FN:96,(anonymous_14)
FN:104,(anonymous_15)
FN:112,(anonymous_16)
FN:121,(anonymous_17)
FN:124,(anonymous_18)
FNF:18
FNH:11
FNDA:5,Sentinel
FNDA:1,(anonymous_2)
FNDA:3,(anonymous_3)
FNDA:5,(anonymous_4)
FNDA:1,(anonymous_5)
FNDA:4,(anonymous_6)
FNDA:7,(anonymous_7)
FNDA:3,propertyModified
FNDA:3,(anonymous_9)
FNDA:5,(anonymous_10)
FNDA:7,(anonymous_11)
FNDA:0,(anonymous_12)
FNDA:0,(anonymous_13)
FNDA:0,(anonymous_14)
FNDA:0,(anonymous_15)
FNDA:0,(anonymous_16)
FNDA:0,(anonymous_17)
FNDA:0,(anonymous_18)
DA:1,1
DA:2,1
DA:8,1
DA:9,5
DA:10,5
DA:11,5
DA:14,1
DA:16,1
DA:17,1
DA:29,1
DA:31,1
DA:32,1
DA:33,1
DA:34,3
DA:35,5
DA:37,1
DA:40,1
DA:43,1
DA:44,1
DA:45,1
DA:46,4
DA:47,7
DA:49,2
DA:52,1
DA:55,1
DA:56,3
DA:59,1
DA:60,3
DA:61,3
DA:62,5
DA:63,7
DA:65,5
DA:66,5
DA:67,10
DA:68,3
DA:70,1
DA:71,1
DA:72,1
DA:73,1
DA:74,1
DA:76,1
DA:77,1
DA:81,7
DA:86,3
DA:89,1
DA:91,0
DA:92,0
DA:94,0
DA:95,0
DA:96,0
DA:97,0
DA:98,0
DA:102,0
DA:103,0
DA:104,0
DA:105,0
DA:106,0
DA:110,0
DA:111,0
DA:112,0
DA:113,0
DA:114,0
DA:115,0
DA:121,1
DA:122,0
DA:123,0
DA:124,0
DA:125,0
LF:68
LH:46
BRDA:9,1,0,5
BRDA:9,1,1,5
BRDA:34,2,0,1
BRDA:34,2,1,2
BRDA:46,3,0,2
BRDA:46,3,1,2
BRDA:65,4,0,5
BRDA:65,4,1,0
BRDA:67,5,0,3
BRDA:67,5,1,7
BRDA:68,6,0,1
BRDA:68,6,1,2
BRDA:95,7,0,0
BRDA:95,7,1,0
BRDA:103,8,0,0
BRDA:103,8,1,0
BRDA:111,9,0,0
BRDA:111,9,1,0
BRDA:126,10,0,0
BRDA:126,10,1,0
BRF:20
BRH:11
end_of_record
TN:
SF:/Users/ivan/code/WatchMen/lib/watchmen.js
FN:16,WatchMen
FN:29,(anonymous_2)
FN:42,(anonymous_3)
FN:57,(anonymous_4)
FN:73,(anonymous_5)
FN:106,(anonymous_6)
FN:113,(anonymous_7)
FN:133,(anonymous_8)
FN:135,(anonymous_9)
FN:140,(anonymous_10)
FN:154,(anonymous_11)
FN:164,(anonymous_12)
FN:166,(anonymous_13)
FN:178,(anonymous_14)
FN:180,(anonymous_15)
FN:191,(anonymous_16)
FN:207,(anonymous_17)
FN:221,(anonymous_18)
FN:230,(anonymous_19)
FN:232,(anonymous_20)
FN:248,(anonymous_21)
FN:249,(anonymous_22)
FNF:22
FNH:17
FNDA:17,WatchMen
FNDA:9,(anonymous_2)
FNDA:7,(anonymous_3)
FNDA:3,(anonymous_4)
FNDA:2,(anonymous_5)
FNDA:4,(anonymous_6)
FNDA:4,(anonymous_7)
FNDA:2,(anonymous_8)
FNDA:0,(anonymous_9)
FNDA:0,(anonymous_10)
FNDA:3,(anonymous_11)
FNDA:2,(anonymous_12)
FNDA:1,(anonymous_13)
FNDA:2,(anonymous_14)
FNDA:1,(anonymous_15)
FNDA:5,(anonymous_16)
FNDA:4,(anonymous_17)
FNDA:0,(anonymous_18)
FNDA:0,(anonymous_19)
FNDA:0,(anonymous_20)
FNDA:9,(anonymous_21)
FNDA:9,(anonymous_22)
DA:1,1
DA:2,1
DA:3,1
DA:4,1
DA:5,1
DA:7,1
DA:16,1
DA:17,17
DA:18,17
DA:21,1
DA:29,1
DA:31,9
DA:32,9
DA:33,9
DA:35,9
DA:37,9
DA:38,0
DA:39,0
DA:42,9
DA:44,7
DA:46,7
DA:48,7
DA:54,3
DA:57,3
DA:58,3
DA:59,0
DA:62,3
DA:68,2
DA:73,2
DA:74,2
DA:75,0
DA:78,2
DA:79,2
DA:88,1
DA:89,1
DA:99,4
DA:101,4
DA:102,4
DA:103,1
DA:106,4
DA:107,4
DA:108,0
DA:111,4
DA:113,4
DA:114,4
DA:115,0
DA:118,4
DA:119,1
DA:120,1
DA:123,4
DA:125,4
DA:133,1
DA:134,2
DA:135,2
DA:136,0
DA:137,0
DA:139,0
DA:140,0
DA:141,0
DA:154,1
DA:155,3
DA:157,3
DA:158,3
DA:159,3
DA:160,1
DA:161,1
DA:164,3
DA:165,2
DA:166,2
DA:167,1
DA:168,1
DA:178,1
DA:179,2
DA:180,2
DA:181,1
DA:182,1
DA:191,1
DA:192,5
DA:193,5
DA:194,2
DA:196,3
DA:197,3
DA:198,3
DA:207,1
DA:208,4
DA:209,4
DA:210,2
DA:212,2
DA:213,2
DA:221,1
DA:222,0
DA:223,0
DA:230,1
DA:231,0
DA:232,0
DA:234,0
DA:235,0
DA:237,0
DA:238,0
DA:248,1
DA:249,9
DA:250,9
LF:102
LH:83
BRDA:37,1,0,0
BRDA:37,1,1,9
BRDA:48,2,0,3
BRDA:48,2,1,4
BRDA:58,3,0,0
BRDA:58,3,1,3
BRDA:62,4,0,2
BRDA:62,4,1,1
BRDA:74,5,0,0
BRDA:74,5,1,2
BRDA:102,6,0,1
BRDA:102,6,1,3
BRDA:102,7,0,4
BRDA:102,7,1,4
BRDA:107,8,0,0
BRDA:107,8,1,4
BRDA:114,9,0,0
BRDA:114,9,1,4
BRDA:118,10,0,1
BRDA:118,10,1,3
BRDA:136,11,0,0
BRDA:136,11,1,0
BRDA:139,12,0,0
BRDA:139,12,1,0
BRDA:158,13,0,3
BRDA:158,13,1,2
BRDA:159,14,0,1
BRDA:159,14,1,2
BRDA:165,15,0,2
BRDA:165,15,1,0
BRDA:181,16,0,1
BRDA:181,16,1,0
BRDA:193,17,0,2
BRDA:193,17,1,3
BRDA:193,18,0,5
BRDA:193,18,1,4
BRDA:196,19,0,3
BRDA:196,19,1,0
BRDA:209,20,0,2
BRDA:209,20,1,2
BRDA:209,21,0,4
BRDA:209,21,1,3
BRDA:231,22,0,0
BRDA:231,22,1,0
BRDA:234,23,0,0
BRDA:234,23,1,0
BRF:46
BRH:30
end_of_record
