TN:
SF:/Users/ivan/code/WatchMen/lib/notifications/services/aws-ses/aws-ses.js
FN:9,AWSSes
FN:13,(anonymous_2)
FN:17,(anonymous_3)
FN:33,(anonymous_4)
FNF:4
FNH:3
FNDA:7,AWSSes
FNDA:0,(anonymous_2)
FNDA:7,(anonymous_3)
FNDA:7,(anonymous_4)
DA:5,1
DA:7,1
DA:9,1
DA:10,7
DA:13,1
DA:14,0
DA:17,1
DA:18,7
DA:20,7
DA:21,1
DA:23,6
DA:24,1
DA:26,5
DA:27,1
DA:29,4
DA:30,1
DA:33,1
DA:35,7
DA:36,7
DA:37,4
DA:40,3
DA:41,3
DA:44,0
DA:46,0
DA:53,0
LF:25
LH:21
BRDA:10,1,0,7
BRDA:10,1,1,0
BRDA:20,2,0,1
BRDA:20,2,1,6
BRDA:23,3,0,1
BRDA:23,3,1,5
BRDA:26,4,0,1
BRDA:26,4,1,4
BRDA:29,5,0,1
BRDA:29,5,1,3
BRDA:36,6,0,4
BRDA:36,6,1,3
BRDA:40,7,0,3
BRDA:40,7,1,0
BRDA:40,8,0,3
BRDA:40,8,1,2
BRDA:40,8,2,1
BRF:17
BRH:15
end_of_record
TN:
SF:/Users/ivan/code/WatchMen/config/notifications/services/aws-ses.js
FN:1,(anonymous_1)
FNF:1
FNH:1
FNDA:1,(anonymous_1)
DA:1,1
DA:2,1
LF:2
LH:2
BRF:0
BRH:0
end_of_record
TN:
SF:/Users/ivan/code/WatchMen/lib/notifications/services/postmark/postmark.js
FN:6,Postmark
FN:10,(anonymous_2)
FN:14,(anonymous_3)
FN:32,(anonymous_4)
FNF:4
FNH:3
FNDA:6,Postmark
FNDA:0,(anonymous_2)
FNDA:6,(anonymous_3)
FNDA:6,(anonymous_4)
DA:1,1
DA:2,1
DA:4,1
DA:6,1
DA:7,6
DA:10,1
DA:11,0
DA:14,1
DA:15,6
DA:17,6
DA:18,1
DA:20,5
DA:21,1
DA:32,1
DA:34,6
DA:35,6
DA:36,2
DA:39,4
DA:40,3
DA:43,1
DA:44,1
DA:47,0
DA:49,0
DA:56,0
LF:24
LH:20
BRDA:7,1,0,6
BRDA:7,1,1,0
BRDA:17,2,0,1
BRDA:17,2,1,5
BRDA:20,3,0,1
BRDA:20,3,1,4
BRDA:35,4,0,2
BRDA:35,4,1,4
BRDA:39,5,0,3
BRDA:39,5,1,1
BRDA:39,6,0,4
BRDA:39,6,1,3
BRDA:39,6,2,2
BRDA:43,7,0,1
BRDA:43,7,1,0
BRF:15
BRH:13
end_of_record
TN:
SF:/Users/ivan/code/WatchMen/config/notifications/services/postmark.js
FN:1,(anonymous_1)
FNF:1
FNH:1
FNDA:1,(anonymous_1)
DA:1,1
DA:2,1
LF:2
LH:2
BRF:0
BRH:0
end_of_record
TN:
SF:/Users/ivan/code/WatchMen/lib/notifications/notifications.js
FN:15,NotificationService
FN:26,(anonymous_2)
FN:40,(anonymous_3)
FN:56,(anonymous_4)
FN:68,send
FN:80,(anonymous_6)
FN:81,(anonymous_7)
FN:93,(anonymous_8)
FN:95,(anonymous_9)
FN:104,consoleOutputHandler
FN:116,errorsInConfig
FN:123,getServicesFromConfig
FN:124,(anonymous_13)
FNF:13
FNH:11
FNDA:7,NotificationService
FNDA:1,(anonymous_2)
FNDA:3,(anonymous_3)
FNDA:1,(anonymous_4)
FNDA:0,send
FNDA:3,(anonymous_6)
FNDA:6,(anonymous_7)
FNDA:4,(anonymous_8)
FNDA:2,(anonymous_9)
FNDA:0,consoleOutputHandler
FNDA:1,errorsInConfig
FNDA:3,getServicesFromConfig
FNDA:4,(anonymous_13)
DA:1,1
DA:2,1
DA:3,1
DA:4,1
DA:5,1
DA:11,1
DA:13,1
DA:15,1
DA:16,7
DA:26,1
DA:27,1
DA:40,1
DA:41,3
DA:56,1
DA:58,1
DA:60,1
DA:62,1
DA:64,1
DA:65,1
DA:68,1
DA:69,0
DA:72,0
DA:80,1
DA:81,3
DA:82,6
DA:93,1
DA:94,4
DA:95,4
DA:104,1
DA:105,0
DA:106,0
DA:116,1
DA:117,1
DA:118,1
DA:120,0
DA:123,1
DA:124,3
DA:125,4
DA:126,4
DA:127,4
LF:40
LH:35
BRDA:16,1,0,7
BRDA:16,1,1,1
BRDA:31,2,0,1
BRDA:31,2,1,0
BRDA:45,3,0,3
BRDA:45,3,1,0
BRDA:58,4,0,1
BRDA:58,4,1,0
BRDA:64,5,0,1
BRDA:64,5,1,0
BRDA:94,6,0,1
BRDA:94,6,1,3
BRDA:105,7,0,0
BRDA:105,7,1,0
BRDA:117,8,0,1
BRDA:117,8,1,0
BRF:16
BRH:9
end_of_record
TN:
SF:/Users/ivan/code/WatchMen/config/notifications/notifications.js
FN:1,(anonymous_1)
FNF:1
FNH:1
FNDA:1,(anonymous_1)
DA:1,1
DA:7,1
LF:2
LH:2
BRF:0
BRH:0
end_of_record
TN:
SF:/Users/ivan/code/WatchMen/lib/watchmen.js
FN:13,WatchMen
FN:27,(anonymous_2)
FN:33,(anonymous_3)
FN:35,(anonymous_4)
FN:38,add_event
FN:104,(anonymous_6)
FN:116,(anonymous_7)
FN:120,launch
FN:121,(anonymous_9)
FN:130,(anonymous_10)
FN:139,(anonymous_11)
FN:149,(anonymous_12)
FN:150,(anonymous_13)
FN:155,getNewState
FN:178,calculateUptime
FNF:15
FNH:8
FNDA:4,WatchMen
FNDA:13,(anonymous_2)
FNDA:13,(anonymous_3)
FNDA:13,(anonymous_4)
FNDA:12,add_event
FNDA:13,(anonymous_6)
FNDA:0,(anonymous_7)
FNDA:0,launch
FNDA:0,(anonymous_9)
FNDA:0,(anonymous_10)
FNDA:0,(anonymous_11)
FNDA:0,(anonymous_12)
FNDA:0,(anonymous_13)
FNDA:13,getNewState
FNDA:13,calculateUptime
DA:1,1
DA:3,1
DA:13,1
DA:14,4
DA:15,4
DA:16,4
DA:19,1
DA:27,1
DA:29,13
DA:31,13
DA:33,13
DA:35,13
DA:36,13
DA:38,1
DA:39,12
DA:40,12
DA:43,13
DA:44,13
DA:46,13
DA:48,13
DA:50,13
DA:52,5
DA:53,5
DA:54,5
DA:57,5
DA:58,5
DA:59,5
DA:60,5
DA:61,5
DA:63,5
DA:64,5
DA:68,8
DA:69,8
DA:70,8
DA:72,8
DA:77,8
DA:79,8
DA:82,8
DA:83,8
DA:84,3
DA:85,3
DA:86,3
DA:87,3
DA:91,8
DA:92,4
DA:93,4
DA:94,4
DA:95,4
DA:96,4
DA:99,4
DA:100,4
DA:104,13
DA:105,13
DA:116,1
DA:117,0
DA:118,0
DA:120,1
DA:121,0
DA:122,0
DA:124,0
DA:125,0
DA:130,0
DA:131,0
DA:139,1
DA:140,0
DA:141,0
DA:149,1
DA:150,0
DA:151,0
DA:155,1
DA:156,13
DA:178,1
DA:179,13
DA:180,13
DA:181,13
DA:182,4
DA:184,13
LF:77
LH:65
BRDA:31,1,0,13
BRDA:31,1,1,10
BRDA:36,2,0,0
BRDA:36,2,1,13
BRDA:43,3,0,13
BRDA:43,3,1,8
BRDA:50,4,0,5
BRDA:50,4,1,8
BRDA:57,5,0,5
BRDA:57,5,1,0
BRDA:60,6,0,5
BRDA:60,6,1,5
BRDA:70,7,0,8
BRDA:70,7,1,0
BRDA:74,8,0,8
BRDA:74,8,1,7
BRDA:83,9,0,3
BRDA:83,9,1,5
BRDA:83,10,0,8
BRDA:83,10,1,8
BRDA:85,11,0,3
BRDA:85,11,1,3
BRDA:91,12,0,4
BRDA:91,12,1,4
BRDA:93,13,0,4
BRDA:93,13,1,4
BRDA:122,14,0,0
BRDA:122,14,1,0
BRDA:124,15,0,0
BRDA:124,15,1,0
BRDA:162,16,0,13
BRDA:162,16,1,8
BRDA:163,17,0,13
BRDA:163,17,1,13
BRDA:168,18,0,13
BRDA:168,18,1,12
BRDA:170,19,0,13
BRDA:170,19,1,12
BRDA:172,20,0,13
BRDA:172,20,1,12
BRDA:173,21,0,13
BRDA:173,21,1,12
BRDA:174,22,0,13
BRDA:174,22,1,8
BRDA:180,23,0,13
BRDA:180,23,1,12
BRDA:181,24,0,4
BRDA:181,24,1,9
BRDA:184,25,0,13
BRDA:184,25,1,12
BRF:50
BRH:43
end_of_record
TN:
SF:/Users/ivan/code/WatchMen/lib/storage/base.js
FN:1,StorageBase
FN:3,(anonymous_2)
FN:7,(anonymous_3)
FN:11,(anonymous_4)
FN:18,(anonymous_5)
FN:22,(anonymous_6)
FN:26,(anonymous_7)
FNF:7
FNH:2
FNDA:0,StorageBase
FNDA:67,(anonymous_2)
FNDA:0,(anonymous_3)
FNDA:3,(anonymous_4)
FNDA:0,(anonymous_5)
FNDA:0,(anonymous_6)
FNDA:0,(anonymous_7)
DA:1,1
DA:3,1
DA:4,67
DA:7,1
DA:8,0
DA:11,1
DA:12,3
DA:18,1
DA:19,0
DA:22,1
DA:23,0
DA:26,1
DA:30,1
LF:13
LH:10
BRF:0
BRH:0
end_of_record
TN:
SF:/Users/ivan/code/WatchMen/lib/services.js
FN:11,(anonymous_1)
FN:22,(anonymous_2)
FN:26,(anonymous_3)
FNF:3
FNH:3
FNDA:11,(anonymous_1)
FNDA:15,(anonymous_2)
FNDA:18,(anonymous_3)
DA:1,1
DA:2,1
DA:4,1
DA:11,1
DA:16,11
DA:17,10
DA:20,1
DA:22,1
DA:24,15
DA:26,15
DA:27,18
DA:28,18
DA:31,18
DA:33,18
DA:35,18
DA:37,18
DA:39,18
DA:41,18
DA:43,18
DA:45,18
DA:47,18
DA:48,18
DA:51,18
DA:52,0
DA:55,18
DA:56,17
DA:59,18
DA:63,1
LF:28
LH:27
BRDA:16,1,0,10
BRDA:16,1,1,1
BRDA:24,2,0,15
BRDA:24,2,1,14
BRDA:33,3,0,18
BRDA:33,3,1,18
BRDA:35,4,0,18
BRDA:35,4,1,18
BRDA:35,4,2,18
BRDA:37,5,0,18
BRDA:37,5,1,17
BRDA:37,5,2,0
BRDA:39,6,0,18
BRDA:39,6,1,17
BRDA:39,6,2,0
BRDA:41,7,0,18
BRDA:41,7,1,18
BRDA:41,7,2,11
BRDA:43,8,0,18
BRDA:43,8,1,18
BRDA:43,8,2,0
BRDA:47,9,0,18
BRDA:47,9,1,0
BRDA:51,10,0,0
BRDA:51,10,1,18
BRDA:55,11,0,17
BRDA:55,11,1,1
BRF:27
BRH:22
end_of_record
TN:
SF:/Users/ivan/code/WatchMen/config/hosts.js
FNF:0
FNH:0
DA:1,1
DA:8,1
LF:2
LH:2
BRF:0
BRH:0
end_of_record
TN:
SF:/Users/ivan/code/WatchMen/config/general.js
FN:1,(anonymous_1)
FNF:1
FNH:1
FNDA:1,(anonymous_1)
DA:1,1
DA:3,1
DA:5,1
LF:3
LH:3
BRF:0
BRH:0
end_of_record
TN:
SF:/Users/ivan/code/WatchMen/lib/ping_services/smtp.js
FN:3,ping
FN:11,(anonymous_2)
FN:18,(anonymous_3)
FN:22,(anonymous_4)
FN:29,(anonymous_5)
FN:35,(anonymous_6)
FNF:6
FNH:4
FNDA:2,ping
FNDA:1,(anonymous_2)
FNDA:0,(anonymous_3)
FNDA:2,(anonymous_4)
FNDA:2,(anonymous_5)
FNDA:0,(anonymous_6)
DA:1,1
DA:3,1
DA:5,2
DA:6,2
DA:7,2
DA:9,2
DA:11,2
DA:12,1
DA:13,1
DA:14,1
DA:18,2
DA:19,0
DA:22,2
DA:23,2
DA:24,1
DA:26,2
DA:29,2
DA:30,2
DA:31,0
DA:35,2
DA:36,0
DA:37,0
DA:38,0
DA:43,1
LF:24
LH:19
BRDA:6,1,0,2
BRDA:6,1,1,1
BRDA:11,2,0,2
BRDA:11,2,1,1
BRDA:23,3,0,1
BRDA:23,3,1,1
BRDA:30,4,0,0
BRDA:30,4,1,2
BRDA:36,5,0,0
BRDA:36,5,1,0
BRF:10
BRH:7
end_of_record
TN:
SF:/Users/ivan/code/WatchMen/lib/storage/providers/redis.js
FN:4,StorageRedis
FN:12,(anonymous_2)
FN:13,(anonymous_3)
FN:18,(anonymous_4)
FN:27,(anonymous_5)
FN:41,(anonymous_6)
FN:49,(anonymous_7)
FN:59,(anonymous_8)
FN:67,(anonymous_9)
FN:74,(anonymous_10)
FN:77,(anonymous_11)
FN:84,(anonymous_12)
FN:88,(anonymous_13)
FNF:13
FNH:12
FNDA:1,StorageRedis
FNDA:11,(anonymous_2)
FNDA:11,(anonymous_3)
FNDA:10,(anonymous_4)
FNDA:9,(anonymous_5)
FNDA:10,(anonymous_6)
FNDA:1,(anonymous_7)
FNDA:1,(anonymous_8)
FNDA:9,(anonymous_9)
FNDA:9,(anonymous_10)
FNDA:9,(anonymous_11)
FNDA:8,(anonymous_12)
FNDA:0,(anonymous_13)
DA:1,1
DA:2,1
DA:4,1
DA:5,1
DA:6,1
DA:7,1
DA:10,1
DA:12,1
DA:13,11
DA:14,11
DA:18,1
DA:20,10
DA:21,10
DA:23,10
DA:26,10
DA:27,9
DA:28,9
DA:33,10
DA:34,10
DA:37,10
DA:38,10
DA:39,10
DA:41,10
DA:42,10
DA:49,1
DA:51,1
DA:53,1
DA:55,1
DA:56,18
DA:59,1
DA:60,1
DA:61,18
DA:63,1
DA:67,1
DA:69,9
DA:71,9
DA:72,9
DA:74,9
DA:75,9
DA:76,9
DA:77,9
DA:79,9
DA:84,1
DA:85,8
DA:88,1
DA:89,0
DA:92,1
LF:47
LH:46
BRDA:5,1,0,1
BRDA:5,1,1,0
BRDA:6,2,0,1
BRDA:6,2,1,0
BRDA:6,3,0,1
BRDA:6,3,1,0
BRDA:7,4,0,1
BRDA:7,4,1,1
BRDA:14,5,0,0
BRDA:14,5,1,11
BRDA:26,6,0,9
BRDA:26,6,1,1
BRDA:26,7,0,10
BRDA:26,7,1,10
BRDA:37,8,0,8
BRDA:37,8,1,2
BRDA:75,9,0,9
BRDA:75,9,1,0
BRF:18
BRH:13
end_of_record
TN:
SF:/Users/ivan/code/WatchMen/lib/ping_services/http.js
FN:8,validate_http_response
FN:27,ping
FN:71,(anonymous_3)
FN:78,(anonymous_4)
FN:86,(anonymous_5)
FN:90,(anonymous_6)
FN:94,(anonymous_7)
FN:102,(anonymous_8)
FN:107,(anonymous_9)
FNF:9
FNH:0
FNDA:0,validate_http_response
FNDA:0,ping
FNDA:0,(anonymous_3)
FNDA:0,(anonymous_4)
FNDA:0,(anonymous_5)
FNDA:0,(anonymous_6)
FNDA:0,(anonymous_7)
FNDA:0,(anonymous_8)
FNDA:0,(anonymous_9)
DA:1,1
DA:2,1
DA:8,1
DA:9,0
DA:10,0
DA:11,0
DA:14,0
DA:16,0
DA:20,0
DA:23,0
DA:27,1
DA:29,0
DA:30,0
DA:32,0
DA:36,0
DA:37,0
DA:38,0
DA:41,0
DA:42,0
DA:43,0
DA:46,0
DA:47,0
DA:50,0
DA:59,0
DA:60,0
DA:61,0
DA:62,0
DA:64,0
DA:65,0
DA:68,0
DA:69,0
DA:71,0
DA:72,0
DA:73,0
DA:74,0
DA:78,0
DA:79,0
DA:80,0
DA:81,0
DA:82,0
DA:86,0
DA:87,0
DA:88,0
DA:90,0
DA:91,0
DA:94,0
DA:95,0
DA:96,0
DA:97,0
DA:98,0
DA:102,0
DA:103,0
DA:107,0
DA:108,0
DA:109,0
DA:110,0
DA:114,0
DA:115,0
DA:118,1
LF:59
LH:5
BRDA:9,1,0,0
BRDA:9,1,1,0
BRDA:10,2,0,0
BRDA:10,2,1,0
BRDA:14,3,0,0
BRDA:14,3,1,0
BRDA:14,4,0,0
BRDA:14,4,1,0
BRDA:14,4,2,0
BRDA:30,5,0,0
BRDA:30,5,1,0
BRDA:36,6,0,0
BRDA:36,6,1,0
BRDA:38,7,0,0
BRDA:38,7,1,0
BRDA:42,8,0,0
BRDA:42,8,1,0
BRDA:42,9,0,0
BRDA:42,9,1,0
BRDA:60,10,0,0
BRDA:60,10,1,0
BRDA:71,11,0,0
BRDA:71,11,1,0
BRDA:72,12,0,0
BRDA:72,12,1,0
BRDA:79,13,0,0
BRDA:79,13,1,0
BRDA:80,14,0,0
BRDA:80,14,1,0
BRDA:96,15,0,0
BRDA:96,15,1,0
BRDA:108,16,0,0
BRDA:108,16,1,0
BRDA:114,17,0,0
BRDA:114,17,1,0
BRF:35
BRH:0
end_of_record
